#
# A fatal error has been detected by the Java Runtime Environment:
#
#  SIGSEGV (0xb) at pc=0x000000010c3435bd, pid=23628, tid=40711
#
# JRE version: OpenJDK Runtime Environment (17.0+35) (build 17+35-2724)
# Java VM: OpenJDK 64-Bit Server VM (17+35-2724, mixed mode, sharing, tiered, compressed oops, compressed class ptrs, g1 gc, bsd-amd64)
# Problematic frame:
# V  [libjvm.dylib+0x9a35bd]  _ZNK6Symbol11as_C_stringEv+0xd
#
# No core dump will be written. Core dumps have been disabled. To enable core dumping, try "ulimit -c unlimited" before starting Java again
#
# If you would like to submit a bug report, please visit:
#   https://bugreport.java.com/bugreport/crash.jsp
#

---------------  S U M M A R Y ------------

Command Line: -XX:+ShowCodeDetailsInExceptionMessages -agentlib:jdwp=transport=dt_socket,suspend=y,address=localhost:65084 -ea -javaagent:/Users/jt/eclipse/java-2021-09/Eclipse.app/Contents/Eclipse/configuration/org.eclipse.osgi/213/0/.cp/lib/javaagent-shaded.jar -Dfile.encoding=UTF-8 org.eclipse.jdt.internal.junit.runner.RemoteTestRunner -version 3 -port 65083 -testLoaderClass org.eclipse.jdt.internal.junit5.runner.JUnit5TestLoader -loaderpluginname org.eclipse.jdt.junit5.runtime -classNames telran.util.SetTests

Host: "MacBookPro12,1" x86_64 2700 MHz, 4 cores, 8G, Darwin 21.1.0, macOS 12.0.1 (21A559)
Time: Thu Nov 18 15:36:25 2021 IST elapsed time: 1130.983835 seconds (0d 0h 18m 50s)

---------------  T H R E A D  ---------------

Current thread (0x00007fc2b68aac00):  JavaThread "JDWP Transport Listener: dt_socket" daemon [_thread_in_vm, id=40711, stack(0x0000700007504000,0x0000700007604000)]

Stack: [0x0000700007504000,0x0000700007604000],  sp=0x0000700007603ab0,  free space=1022k
Native frames: (J=compiled Java code, j=interpreted, Vv=VM code, C=native code)
V  [libjvm.dylib+0x9a35bd]  _ZNK6Symbol11as_C_stringEv+0xd
V  [libjvm.dylib+0x6af64a]  _ZN8JvmtiEnv17GetClassSignatureEP7oopDescPPcS3_+0x14a
V  [libjvm.dylib+0x66e9fa]  _ZL23jvmti_GetClassSignatureP9_jvmtiEnvP7_jclassPPcS4_+0x15a
C  [libjdwp.dylib+0x2a70a]  classSignature+0x7a
C  [libjdwp.dylib+0x58f3]  signatureWithGeneric+0x53
C  [libjdwp.dylib+0x10963]  debugLoop_run+0x1f3
C  [libjdwp.dylib+0x24f46]  attachThread+0x76
V  [libjvm.dylib+0x6c8947]  _ZN16JvmtiAgentThread19call_start_functionEv+0x87
V  [libjvm.dylib+0x9f0c37]  _ZN10JavaThread17thread_main_innerEv+0x147
V  [libjvm.dylib+0x9ef04a]  _ZN6Thread8call_runEv+0x11a
V  [libjvm.dylib+0x8834d8]  _ZL19thread_native_entryP6Thread+0x148
C  [libsystem_pthread.dylib+0x6514]  _pthread_start+0x7d
C  [libsystem_pthread.dylib+0x202f]  thread_start+0xf


siginfo: si_signo: 11 (SIGSEGV), si_code: 1 (SEGV_MAPERR), si_addr: 0x00000000008c000a

Register to memory mapping:

RAX=0x0000000114918000 is pointing into metadata
RBX=0x00000000008c0006 is an unknown value
RCX=0x000000000000008d is an unknown value
RDX=0x0000000000000006 is an unknown value
RSP=0x0000700007603ab0 is pointing into the stack for thread: 0x00007fc2b68aac00
RBP=0x0000700007603ad0 is pointing into the stack for thread: 0x00007fc2b68aac00
RSI=0x00007fc2b7007e50 points into unknown readable memory: 0x2f6e61726c65744c | 4c 74 65 6c 72 61 6e 2f
RDI=0x00000000008c0006 is an unknown value
R8 =0x0000650c1bf63c40 is an unknown value
R9 =0x0000000000000013 is an unknown value
R10=0x00006000022bd878 points into unknown readable memory: 0x0000000000000000 | 00 00 00 00 00 00 00 00
R11=0xffffe03d491ebdf0 is an unknown value
R12=0x0000600000fb8bd0 points into unknown readable memory: 0x0000000000000002 | 02 00 00 00 00 00 00 00
R13=0x00007fc2b7008208 points into unknown readable memory: 0x0000000000000000 | 00 00 00 00 00 00 00 00
R14=0x0000000800cc5000 is a pointer to class: 
telran.util.TreeSet {0x0000000800cc5000}
 - instance size:     3
 - klass size:        93
 - access:            public synchronized 
 - state:             fully_initialized
 - name:              'telran/util/TreeSet'
 - super:             'telran/util/AbstractSet'
 - sub:               
 - arrays:            NULL
 - methods:           Array<T>(0x0000000114a31bf8)
 - method ordering:   Array<T>(0x0000000114a36808)
 - default_methods:   Array<T>(0x0000000114a0ab18)
 - default vtable indices:   Array<T>(0x0000000114a0ab50)
 - local interfaces:  Array<T>(0x00000008005bf240)
 - trans. interfaces: Array<T>(0x0000000114a0a568)
 - constants:         constant pool [147] {0x0000000114918000} for 'telran/util/TreeSet' cache=0x0000000114918cd8
 - class loader data:  loader data: 0x00006000030a4320 for instance a 'jdk/internal/loader/ClassLoaders$AppClassLoader'{0x0000000786600000}
 - source file:       'TreeSet.java'
 - source debug extension:       SMAP
TreeSet.java
Java
*S jdt
*F
1 TreeSet.java
2 file:/Users/jt/eclipse-workspace-42/set-tree/bin/
*L
*E

 - class annotations:       Array<T>(0x0000000000000000)
 - class type annotations:  Array<T>(0x0000000000000000)
 - field annotations:       Array<T>(0x0000000000000000)
 - field type annotations:  Array<T>(0x0000000000000000)
 - previous version:  constant pool [140] {0x0000000114a08d30} for 'telran/util/TreeSet' (extra) cache=0x0000000114a0ae40
 - generic signature: '
[error occurred during error reporting (printing register info), id 0xb, SIGSEGV (0xb) at pc=0x000000010c344a12]

Registers:
RAX=0x0000000114918000, RBX=0x00000000008c0006, RCX=0x000000000000008d, RDX=0x0000000000000006
RSP=0x0000700007603ab0, RBP=0x0000700007603ad0, RSI=0x00007fc2b7007e50, RDI=0x00000000008c0006
R8 =0x0000650c1bf63c40, R9 =0x0000000000000013, R10=0x00006000022bd878, R11=0xffffe03d491ebdf0
R12=0x0000600000fb8bd0, R13=0x00007fc2b7008208, R14=0x0000000800cc5000, R15=0x0000000000000000
RIP=0x000000010c3435bd, EFLAGS=0x0000000000010206, ERR=0x0000000000000004
  TRAPNO=0x000000000000000e

Top of Stack: (sp=0x0000700007603ab0)
0x0000700007603ab0:   0000000114918000 00006000001f3c40
0x0000700007603ac0:   0000000800cc5000 0000000000000000
0x0000700007603ad0:   0000700007603b40 000000010c04f64a
0x0000700007603ae0:   00007fc2b7007e20 00007fc2b7007e30
0x0000700007603af0:   00000000000003d8 0000700007603bb8
0x0000700007603b00:   0000700007603c00 00007fc2b7004e60
0x0000700007603b10:   00007fc2b7008208 0000700007603bb8
0x0000700007603b20:   00007fc2b7004e60 00007fc2b68aac00
0x0000700007603b30:   0000000787d42ba0 0000000000000015
0x0000700007603b40:   0000700007603ba0 000000010c00e9fa
0x0000700007603b50:   00007fc2b68aac00 0000000000000000
0x0000700007603b60:   00007fc200000000 0000000000000000
0x0000700007603b70:   0000700007603c00 0000700007603c30
0x0000700007603b80:   0000700007603bf8 00006000001f3ba0
0x0000700007603b90:   0000700007603c00 00007fc2b770acd0
0x0000700007603ba0:   0000700007603be0 000000010aa0170a
0x0000700007603bb0:   0000700007603be0 00006000001f3c40
0x0000700007603bc0:   0000700007603c30 000000010aa0c458
0x0000700007603bd0:   0000700007603c88 00007fc2b770acd0
0x0000700007603be0:   0000700007603c20 000000010a9dc8f3
0x0000700007603bf0:   0000000000005dcb 0000000000000000
0x0000700007603c00:   0000000000000000 000000010a9dc8a0
0x0000700007603c10:   0000700007603c88 0000700007603c30
0x0000700007603c20:   0000700007603e40 000000010a9e7963
0x0000700007603c30:   00006000003ffc58 0000000000000000
0x0000700007603c40:   00005dcb00000013 000000010c0d0200
0x0000700007603c50:   00006000003ffc50 00006000001f3ba0
0x0000700007603c60:   000000010aa04ddb 000000010aa04fa8
0x0000700007603c70:   00005dcb00000013 000000010c0d0200
0x0000700007603c80:   00006000003ffc50 0000700007603cd8
0x0000700007603c90:   00007fc20000012c 0000700007603ca0
0x0000700007603ca0:   00007fc200000000 0000700007603cd8 

Instructions: (pc=0x000000010c3435bd)
0x000000010c3434bd:   88 4c 30 01 0f b6 4c 37 08 88 4c 30 02 0f b6 4c
0x000000010c3434cd:   37 09 88 4c 30 03 48 83 c6 04 49 39 f1 75 d4 e9
0x000000010c3434dd:   c4 00 00 00 44 89 ce 83 e6 e0 48 8d 4e e0 48 89
0x000000010c3434ed:   ca 48 c1 ea 05 48 ff c2 41 89 d2 41 83 e2 03 48
0x000000010c3434fd:   83 f9 60 73 04 31 d2 eb 63 4c 89 d1 48 29 d1 31
0x000000010c34350d:   d2 66 90 0f 10 44 17 06 0f 10 4c 17 16 0f 11 04
0x000000010c34351d:   10 0f 11 4c 10 10 0f 10 44 17 26 0f 10 4c 17 36
0x000000010c34352d:   0f 11 44 10 20 0f 11 4c 10 30 0f 10 44 17 46 0f
0x000000010c34353d:   10 4c 17 56 0f 11 44 10 40 0f 11 4c 10 50 0f 10
0x000000010c34354d:   44 17 66 0f 10 4c 17 76 0f 11 44 10 60 0f 11 4c
0x000000010c34355d:   10 70 48 83 ea 80 48 83 c1 04 75 a7 4d 85 d2 74
0x000000010c34356d:   2e 49 f7 da 66 2e 0f 1f 84 00 00 00 00 00 0f 1f
0x000000010c34357d:   44 00 00 0f 10 44 17 06 0f 10 4c 17 16 0f 11 04
0x000000010c34358d:   10 0f 11 4c 10 10 48 83 c2 20 49 ff c2 75 e4 4c
0x000000010c34359d:   39 ce 0f 85 d3 fe ff ff 49 63 c8 c6 04 08 00 5d
0x000000010c3435ad:   c3 66 90 55 48 89 e5 41 57 41 56 53 50 48 89 fb
0x000000010c3435bd:   44 0f b7 7f 04 49 8d 7f 01 45 31 f6 31 f6 e8 10
0x000000010c3435cd:   34 f6 ff 0f b7 4b 04 41 39 cf 41 0f 42 cf 85 c9
0x000000010c3435dd:   0f 8e 52 01 00 00 41 89 ce 83 f9 20 72 19 49 8d
0x000000010c3435ed:   4c 1e 06 48 39 c8 73 7c 48 89 c1 4c 01 f1 48 8d
0x000000010c3435fd:   53 06 48 39 ca 73 6d 31 c9 48 89 cf 48 f7 d7 4c
0x000000010c34360d:   01 f7 4c 89 f6 48 83 e6 03 74 18 0f 1f 84 00 00
0x000000010c34361d:   00 00 00 0f b6 54 0b 06 88 14 08 48 ff c1 48 ff
0x000000010c34362d:   ce 75 f0 48 83 ff 03 0f 82 fb 00 00 00 66 0f 1f
0x000000010c34363d:   44 00 00 0f b6 54 0b 06 88 14 08 0f b6 54 0b 07
0x000000010c34364d:   88 54 08 01 0f b6 54 0b 08 88 54 08 02 0f b6 54
0x000000010c34365d:   0b 09 88 54 08 03 48 83 c1 04 49 39 ce 75 d4 e9
0x000000010c34366d:   c4 00 00 00 44 89 f1 83 e1 e0 48 8d 71 e0 48 89
0x000000010c34367d:   f7 48 c1 ef 05 48 ff c7 89 fa 83 e2 03 48 83 fe
0x000000010c34368d:   60 73 04 31 f6 eb 65 48 29 d7 31 f6 0f 1f 80 00
0x000000010c34369d:   00 00 00 0f 10 44 33 06 0f 10 4c 33 16 0f 11 04
0x000000010c3436ad:   30 0f 11 4c 30 10 0f 10 44 33 26 0f 10 4c 33 36 


Stack slot to memory mapping:
stack at sp + 0 slots: 0x0000000114918000 is pointing into metadata
stack at sp + 1 slots: 0x00006000001f3c40 points into unknown readable memory: 0x2f6e61726c65744c | 4c 74 65 6c 72 61 6e 2f
stack at sp + 2 slots: 0x0000000800cc5000 is a pointer to class: 
telran.util.TreeSet {0x0000000800cc5000}
 - instance size:     3
 - klass size:        93
 - access:            public synchronized 
 - state:             fully_initialized
 - name:              'telran/util/TreeSet'
 - super:             'telran/util/AbstractSet'
 - sub:               
 - arrays:            NULL
 - methods:           Array<T>(0x0000000114a31bf8)
 - method ordering:   Array<T>(0x0000000114a36808)
 - default_methods:   Array<T>(0x0000000114a0ab18)
 - default vtable indices:   Array<T>(0x0000000114a0ab50)
 - local interfaces:  Array<T>(0x00000008005bf240)
 - trans. interfaces: Array<T>(0x0000000114a0a568)
 - constants:         constant pool [147] {0x0000000114918000} for 'telran/util/TreeSet' cache=0x0000000114918cd8
 - class loader data:  loader data: 0x00006000030a4320 for instance a 'jdk/internal/loader/ClassLoaders$AppClassLoader'{0x0000000786600000}
 - source file:       'TreeSet.java'
 - source debug extension:       SMAP
TreeSet.java
Java
*S jdt
*F
1 TreeSet.java
2 file:/Users/jt/eclipse-workspace-42/set-tree/bin/
*L
*E

 - class annotations:       Array<T>(0x0000000000000000)
 - class type annotations:  Array<T>(0x0000000000000000)
 - field annotations:       Array<T>(0x0000000000000000)
 - field type annotations:  Array<T>(0x0000000000000000)
 - previous version:  constant pool [140] {0x0000000114a08d30} for 'telran/util/TreeSet' (extra) cache=0x0000000114a0ae40
 - generic signature: '
[error occurred during error reporting (inspecting top of stack), id 0xb, SIGSEGV (0xb) at pc=0x000000010c344a12]


---------------  P R O C E S S  ---------------

Threads class SMR info:
_java_thread_list=0x0000600000194a20, length=15, elements={
0x00007fc2b680a200, 0x00007fc2b8081800, 0x00007fc2b8084000, 0x00007fc2b6834a00,
0x00007fc2b6009000, 0x00007fc2b601ae00, 0x00007fc2b601b400, 0x00007fc2b601ba00,
0x00007fc2b601c000, 0x00007fc2b8081e00, 0x00007fc2b68aac00, 0x00007fc2b780aa00,
0x00007fc2b780f000, 0x00007fc2b6085c00, 0x00007fc2b78c0400
}

Java Threads: ( => current thread )
  0x00007fc2b680a200 JavaThread "main" [_thread_blocked, id=6147, stack(0x00007000063ce000,0x00007000064ce000)]
  0x00007fc2b8081800 JavaThread "Reference Handler" daemon [_thread_blocked, id=17667, stack(0x0000700006ae3000,0x0000700006be3000)]
  0x00007fc2b8084000 JavaThread "Finalizer" daemon [_thread_blocked, id=17155, stack(0x0000700006be6000,0x0000700006ce6000)]
  0x00007fc2b6834a00 JavaThread "Signal Dispatcher" daemon [_thread_blocked, id=42243, stack(0x0000700006def000,0x0000700006eef000)]
  0x00007fc2b6009000 JavaThread "Service Thread" daemon [_thread_blocked, id=41987, stack(0x0000700006ef2000,0x0000700006ff2000)]
  0x00007fc2b601ae00 JavaThread "Monitor Deflation Thread" daemon [_thread_blocked, id=23299, stack(0x0000700006ff5000,0x00007000070f5000)]
  0x00007fc2b601b400 JavaThread "C2 CompilerThread0" daemon [_thread_blocked, id=23555, stack(0x00007000070f8000,0x00007000071f8000)]
  0x00007fc2b601ba00 JavaThread "C1 CompilerThread0" daemon [_thread_blocked, id=24067, stack(0x00007000071fb000,0x00007000072fb000)]
  0x00007fc2b601c000 JavaThread "Sweeper thread" daemon [_thread_blocked, id=24323, stack(0x00007000072fe000,0x00007000073fe000)]
  0x00007fc2b8081e00 JavaThread "Common-Cleaner" daemon [_thread_blocked, id=40963, stack(0x0000700007401000,0x0000700007501000)]
=>0x00007fc2b68aac00 JavaThread "JDWP Transport Listener: dt_socket" daemon [_thread_in_vm, id=40711, stack(0x0000700007504000,0x0000700007604000)]
  0x00007fc2b780aa00 JavaThread "JDWP Event Helper Thread" daemon [_thread_blocked, id=40195, stack(0x0000700007607000,0x0000700007707000)]
  0x00007fc2b780f000 JavaThread "JDWP Command Reader" daemon [_thread_in_native, id=39683, stack(0x000070000770a000,0x000070000780a000)]
  0x00007fc2b6085c00 JavaThread "Notification Thread" daemon [_thread_blocked, id=39171, stack(0x000070000780d000,0x000070000790d000)]
  0x00007fc2b78c0400 JavaThread "ReaderThread" [_thread_in_native, id=36867, stack(0x0000700007d1c000,0x0000700007e1c000)]

Other Threads:
  0x00007fc2b77089e0 VMThread "VM Thread" [stack: 0x00007000069e0000,0x0000700006ae0000] [id=15875]
  0x00007fc2b7714e30 WatcherThread [stack: 0x0000700007910000,0x0000700007a10000] [id=38659]
  0x00007fc2b7106b20 GCTaskThread "GC Thread#0" [stack: 0x00007000064d1000,0x00007000065d1000] [id=19971]
  0x00007fc2b5f0fdd0 GCTaskThread "GC Thread#1" [stack: 0x0000700007a13000,0x0000700007b13000] [id=38147]
  0x00007fc2b5f10240 GCTaskThread "GC Thread#2" [stack: 0x0000700007b16000,0x0000700007c16000] [id=37635]
  0x00007fc2b5f10a60 GCTaskThread "GC Thread#3" [stack: 0x0000700007c19000,0x0000700007d19000] [id=37379]
  0x00007fc2b77042b0 ConcurrentGCThread "G1 Main Marker" [stack: 0x00007000065d4000,0x00007000066d4000] [id=19459]
  0x00007fc2b7704b30 ConcurrentGCThread "G1 Conc#0" [stack: 0x00007000066d7000,0x00007000067d7000] [id=13059]
  0x00007fc2b7706390 ConcurrentGCThread "G1 Refine#0" [stack: 0x00007000067da000,0x00007000068da000] [id=13827]
  0x00007fc2b5f04810 ConcurrentGCThread "G1 Service" [stack: 0x00007000068dd000,0x00007000069dd000] [id=18947]

Threads with active compile tasks:

VM state: not at safepoint (normal execution)

VM Mutex/Monitor currently owned by a thread: None

Heap address: 0x0000000780000000, size: 2048 MB, Compressed Oops mode: Zero based, Oop shift amount: 3

CDS archive(s) mapped at: [0x0000000800000000-0x0000000800bd0000-0x0000000800bd0000), size 12386304, SharedBaseAddress: 0x0000000800000000, ArchiveRelocationMode: 0.
Compressed class space mapped at: 0x0000000800c00000-0x0000000840c00000, reserved size: 1073741824
Narrow klass base: 0x0000000800000000, Narrow klass shift: 0, Narrow klass range: 0x100000000

GC Precious Log:
 CPUs: 4 total, 4 available
 Memory: 8192M
 Large Page Support: Disabled
 NUMA Support: Disabled
 Compressed Oops: Enabled (Zero based)
 Heap Region Size: 1M
 Heap Min Capacity: 8M
 Heap Initial Capacity: 128M
 Heap Max Capacity: 2G
 Pre-touch: Disabled
 Parallel Workers: 4
 Concurrent Workers: 1
 Concurrent Refinement Workers: 4
 Periodic GC: Disabled

Heap:
 garbage-first heap   total 133120K, used 7756K [0x0000000780000000, 0x0000000800000000)
  region size 1024K, 8 young (8192K), 3 survivors (3072K)
 Metaspace       used 6885K, committed 7040K, reserved 1056768K
  class space    used 807K, committed 896K, reserved 1048576K

Heap Regions: E=young(eden), S=young(survivor), O=old, HS=humongous(starts), HC=humongous(continues), CS=collection set, F=free, OA=open archive, CA=closed archive, TAMS=top-at-mark-start (previous, next)
|   0|0x0000000780000000, 0x0000000780000000, 0x0000000780100000|  0%| F|  |TAMS 0x0000000780000000, 0x0000000780000000| Untracked 
|   1|0x0000000780100000, 0x0000000780100000, 0x0000000780200000|  0%| F|  |TAMS 0x0000000780100000, 0x0000000780100000| Untracked 
|   2|0x0000000780200000, 0x0000000780200000, 0x0000000780300000|  0%| F|  |TAMS 0x0000000780200000, 0x0000000780200000| Untracked 
|   3|0x0000000780300000, 0x0000000780300000, 0x0000000780400000|  0%| F|  |TAMS 0x0000000780300000, 0x0000000780300000| Untracked 
|   4|0x0000000780400000, 0x0000000780400000, 0x0000000780500000|  0%| F|  |TAMS 0x0000000780400000, 0x0000000780400000| Untracked 
|   5|0x0000000780500000, 0x0000000780500000, 0x0000000780600000|  0%| F|  |TAMS 0x0000000780500000, 0x0000000780500000| Untracked 
|   6|0x0000000780600000, 0x0000000780600000, 0x0000000780700000|  0%| F|  |TAMS 0x0000000780600000, 0x0000000780600000| Untracked 
|   7|0x0000000780700000, 0x0000000780700000, 0x0000000780800000|  0%| F|  |TAMS 0x0000000780700000, 0x0000000780700000| Untracked 
|   8|0x0000000780800000, 0x0000000780800000, 0x0000000780900000|  0%| F|  |TAMS 0x0000000780800000, 0x0000000780800000| Untracked 
|   9|0x0000000780900000, 0x0000000780900000, 0x0000000780a00000|  0%| F|  |TAMS 0x0000000780900000, 0x0000000780900000| Untracked 
|  10|0x0000000780a00000, 0x0000000780a00000, 0x0000000780b00000|  0%| F|  |TAMS 0x0000000780a00000, 0x0000000780a00000| Untracked 
|  11|0x0000000780b00000, 0x0000000780b00000, 0x0000000780c00000|  0%| F|  |TAMS 0x0000000780b00000, 0x0000000780b00000| Untracked 
|  12|0x0000000780c00000, 0x0000000780c00000, 0x0000000780d00000|  0%| F|  |TAMS 0x0000000780c00000, 0x0000000780c00000| Untracked 
|  13|0x0000000780d00000, 0x0000000780d00000, 0x0000000780e00000|  0%| F|  |TAMS 0x0000000780d00000, 0x0000000780d00000| Untracked 
|  14|0x0000000780e00000, 0x0000000780e00000, 0x0000000780f00000|  0%| F|  |TAMS 0x0000000780e00000, 0x0000000780e00000| Untracked 
|  15|0x0000000780f00000, 0x0000000780f00000, 0x0000000781000000|  0%| F|  |TAMS 0x0000000780f00000, 0x0000000780f00000| Untracked 
|  16|0x0000000781000000, 0x0000000781000000, 0x0000000781100000|  0%| F|  |TAMS 0x0000000781000000, 0x0000000781000000| Untracked 
|  17|0x0000000781100000, 0x0000000781100000, 0x0000000781200000|  0%| F|  |TAMS 0x0000000781100000, 0x0000000781100000| Untracked 
|  18|0x0000000781200000, 0x0000000781200000, 0x0000000781300000|  0%| F|  |TAMS 0x0000000781200000, 0x0000000781200000| Untracked 
|  19|0x0000000781300000, 0x0000000781300000, 0x0000000781400000|  0%| F|  |TAMS 0x0000000781300000, 0x0000000781300000| Untracked 
|  20|0x0000000781400000, 0x0000000781400000, 0x0000000781500000|  0%| F|  |TAMS 0x0000000781400000, 0x0000000781400000| Untracked 
|  21|0x0000000781500000, 0x0000000781500000, 0x0000000781600000|  0%| F|  |TAMS 0x0000000781500000, 0x0000000781500000| Untracked 
|  22|0x0000000781600000, 0x0000000781600000, 0x0000000781700000|  0%| F|  |TAMS 0x0000000781600000, 0x0000000781600000| Untracked 
|  23|0x0000000781700000, 0x0000000781700000, 0x0000000781800000|  0%| F|  |TAMS 0x0000000781700000, 0x0000000781700000| Untracked 
|  24|0x0000000781800000, 0x0000000781800000, 0x0000000781900000|  0%| F|  |TAMS 0x0000000781800000, 0x0000000781800000| Untracked 
|  25|0x0000000781900000, 0x0000000781900000, 0x0000000781a00000|  0%| F|  |TAMS 0x0000000781900000, 0x0000000781900000| Untracked 
|  26|0x0000000781a00000, 0x0000000781a00000, 0x0000000781b00000|  0%| F|  |TAMS 0x0000000781a00000, 0x0000000781a00000| Untracked 
|  27|0x0000000781b00000, 0x0000000781b00000, 0x0000000781c00000|  0%| F|  |TAMS 0x0000000781b00000, 0x0000000781b00000| Untracked 
|  28|0x0000000781c00000, 0x0000000781c00000, 0x0000000781d00000|  0%| F|  |TAMS 0x0000000781c00000, 0x0000000781c00000| Untracked 
|  29|0x0000000781d00000, 0x0000000781d00000, 0x0000000781e00000|  0%| F|  |TAMS 0x0000000781d00000, 0x0000000781d00000| Untracked 
|  30|0x0000000781e00000, 0x0000000781e00000, 0x0000000781f00000|  0%| F|  |TAMS 0x0000000781e00000, 0x0000000781e00000| Untracked 
|  31|0x0000000781f00000, 0x0000000781f00000, 0x0000000782000000|  0%| F|  |TAMS 0x0000000781f00000, 0x0000000781f00000| Untracked 
|  32|0x0000000782000000, 0x0000000782000000, 0x0000000782100000|  0%| F|  |TAMS 0x0000000782000000, 0x0000000782000000| Untracked 
|  33|0x0000000782100000, 0x0000000782100000, 0x0000000782200000|  0%| F|  |TAMS 0x0000000782100000, 0x0000000782100000| Untracked 
|  34|0x0000000782200000, 0x0000000782200000, 0x0000000782300000|  0%| F|  |TAMS 0x0000000782200000, 0x0000000782200000| Untracked 
|  35|0x0000000782300000, 0x0000000782300000, 0x0000000782400000|  0%| F|  |TAMS 0x0000000782300000, 0x0000000782300000| Untracked 
|  36|0x0000000782400000, 0x0000000782400000, 0x0000000782500000|  0%| F|  |TAMS 0x0000000782400000, 0x0000000782400000| Untracked 
|  37|0x0000000782500000, 0x0000000782500000, 0x0000000782600000|  0%| F|  |TAMS 0x0000000782500000, 0x0000000782500000| Untracked 
|  38|0x0000000782600000, 0x0000000782600000, 0x0000000782700000|  0%| F|  |TAMS 0x0000000782600000, 0x0000000782600000| Untracked 
|  39|0x0000000782700000, 0x0000000782700000, 0x0000000782800000|  0%| F|  |TAMS 0x0000000782700000, 0x0000000782700000| Untracked 
|  40|0x0000000782800000, 0x0000000782800000, 0x0000000782900000|  0%| F|  |TAMS 0x0000000782800000, 0x0000000782800000| Untracked 
|  41|0x0000000782900000, 0x0000000782900000, 0x0000000782a00000|  0%| F|  |TAMS 0x0000000782900000, 0x0000000782900000| Untracked 
|  42|0x0000000782a00000, 0x0000000782a00000, 0x0000000782b00000|  0%| F|  |TAMS 0x0000000782a00000, 0x0000000782a00000| Untracked 
|  43|0x0000000782b00000, 0x0000000782b00000, 0x0000000782c00000|  0%| F|  |TAMS 0x0000000782b00000, 0x0000000782b00000| Untracked 
|  44|0x0000000782c00000, 0x0000000782c00000, 0x0000000782d00000|  0%| F|  |TAMS 0x0000000782c00000, 0x0000000782c00000| Untracked 
|  45|0x0000000782d00000, 0x0000000782d00000, 0x0000000782e00000|  0%| F|  |TAMS 0x0000000782d00000, 0x0000000782d00000| Untracked 
|  46|0x0000000782e00000, 0x0000000782e00000, 0x0000000782f00000|  0%| F|  |TAMS 0x0000000782e00000, 0x0000000782e00000| Untracked 
|  47|0x0000000782f00000, 0x0000000782f00000, 0x0000000783000000|  0%| F|  |TAMS 0x0000000782f00000, 0x0000000782f00000| Untracked 
|  48|0x0000000783000000, 0x0000000783000000, 0x0000000783100000|  0%| F|  |TAMS 0x0000000783000000, 0x0000000783000000| Untracked 
|  49|0x0000000783100000, 0x0000000783100000, 0x0000000783200000|  0%| F|  |TAMS 0x0000000783100000, 0x0000000783100000| Untracked 
|  50|0x0000000783200000, 0x0000000783200000, 0x0000000783300000|  0%| F|  |TAMS 0x0000000783200000, 0x0000000783200000| Untracked 
|  51|0x0000000783300000, 0x0000000783300000, 0x0000000783400000|  0%| F|  |TAMS 0x0000000783300000, 0x0000000783300000| Untracked 
|  52|0x0000000783400000, 0x0000000783400000, 0x0000000783500000|  0%| F|  |TAMS 0x0000000783400000, 0x0000000783400000| Untracked 
|  53|0x0000000783500000, 0x0000000783500000, 0x0000000783600000|  0%| F|  |TAMS 0x0000000783500000, 0x0000000783500000| Untracked 
|  54|0x0000000783600000, 0x0000000783600000, 0x0000000783700000|  0%| F|  |TAMS 0x0000000783600000, 0x0000000783600000| Untracked 
|  55|0x0000000783700000, 0x0000000783700000, 0x0000000783800000|  0%| F|  |TAMS 0x0000000783700000, 0x0000000783700000| Untracked 
|  56|0x0000000783800000, 0x0000000783800000, 0x0000000783900000|  0%| F|  |TAMS 0x0000000783800000, 0x0000000783800000| Untracked 
|  57|0x0000000783900000, 0x0000000783900000, 0x0000000783a00000|  0%| F|  |TAMS 0x0000000783900000, 0x0000000783900000| Untracked 
|  58|0x0000000783a00000, 0x0000000783a00000, 0x0000000783b00000|  0%| F|  |TAMS 0x0000000783a00000, 0x0000000783a00000| Untracked 
|  59|0x0000000783b00000, 0x0000000783b00000, 0x0000000783c00000|  0%| F|  |TAMS 0x0000000783b00000, 0x0000000783b00000| Untracked 
|  60|0x0000000783c00000, 0x0000000783c00000, 0x0000000783d00000|  0%| F|  |TAMS 0x0000000783c00000, 0x0000000783c00000| Untracked 
|  61|0x0000000783d00000, 0x0000000783d00000, 0x0000000783e00000|  0%| F|  |TAMS 0x0000000783d00000, 0x0000000783d00000| Untracked 
|  62|0x0000000783e00000, 0x0000000783e00000, 0x0000000783f00000|  0%| F|  |TAMS 0x0000000783e00000, 0x0000000783e00000| Untracked 
|  63|0x0000000783f00000, 0x0000000783f00000, 0x0000000784000000|  0%| F|  |TAMS 0x0000000783f00000, 0x0000000783f00000| Untracked 
|  64|0x0000000784000000, 0x0000000784000000, 0x0000000784100000|  0%| F|  |TAMS 0x0000000784000000, 0x0000000784000000| Untracked 
|  65|0x0000000784100000, 0x0000000784100000, 0x0000000784200000|  0%| F|  |TAMS 0x0000000784100000, 0x0000000784100000| Untracked 
|  66|0x0000000784200000, 0x0000000784200000, 0x0000000784300000|  0%| F|  |TAMS 0x0000000784200000, 0x0000000784200000| Untracked 
|  67|0x0000000784300000, 0x0000000784300000, 0x0000000784400000|  0%| F|  |TAMS 0x0000000784300000, 0x0000000784300000| Untracked 
|  68|0x0000000784400000, 0x0000000784400000, 0x0000000784500000|  0%| F|  |TAMS 0x0000000784400000, 0x0000000784400000| Untracked 
|  69|0x0000000784500000, 0x0000000784500000, 0x0000000784600000|  0%| F|  |TAMS 0x0000000784500000, 0x0000000784500000| Untracked 
|  70|0x0000000784600000, 0x0000000784600000, 0x0000000784700000|  0%| F|  |TAMS 0x0000000784600000, 0x0000000784600000| Untracked 
|  71|0x0000000784700000, 0x0000000784700000, 0x0000000784800000|  0%| F|  |TAMS 0x0000000784700000, 0x0000000784700000| Untracked 
|  72|0x0000000784800000, 0x0000000784800000, 0x0000000784900000|  0%| F|  |TAMS 0x0000000784800000, 0x0000000784800000| Untracked 
|  73|0x0000000784900000, 0x0000000784900000, 0x0000000784a00000|  0%| F|  |TAMS 0x0000000784900000, 0x0000000784900000| Untracked 
|  74|0x0000000784a00000, 0x0000000784a00000, 0x0000000784b00000|  0%| F|  |TAMS 0x0000000784a00000, 0x0000000784a00000| Untracked 
|  75|0x0000000784b00000, 0x0000000784b00000, 0x0000000784c00000|  0%| F|  |TAMS 0x0000000784b00000, 0x0000000784b00000| Untracked 
|  76|0x0000000784c00000, 0x0000000784c00000, 0x0000000784d00000|  0%| F|  |TAMS 0x0000000784c00000, 0x0000000784c00000| Untracked 
|  77|0x0000000784d00000, 0x0000000784d00000, 0x0000000784e00000|  0%| F|  |TAMS 0x0000000784d00000, 0x0000000784d00000| Untracked 
|  78|0x0000000784e00000, 0x0000000784e00000, 0x0000000784f00000|  0%| F|  |TAMS 0x0000000784e00000, 0x0000000784e00000| Untracked 
|  79|0x0000000784f00000, 0x0000000784f00000, 0x0000000785000000|  0%| F|  |TAMS 0x0000000784f00000, 0x0000000784f00000| Untracked 
|  80|0x0000000785000000, 0x0000000785000000, 0x0000000785100000|  0%| F|  |TAMS 0x0000000785000000, 0x0000000785000000| Untracked 
|  81|0x0000000785100000, 0x0000000785100000, 0x0000000785200000|  0%| F|  |TAMS 0x0000000785100000, 0x0000000785100000| Untracked 
|  82|0x0000000785200000, 0x0000000785200000, 0x0000000785300000|  0%| F|  |TAMS 0x0000000785200000, 0x0000000785200000| Untracked 
|  83|0x0000000785300000, 0x0000000785300000, 0x0000000785400000|  0%| F|  |TAMS 0x0000000785300000, 0x0000000785300000| Untracked 
|  84|0x0000000785400000, 0x0000000785400000, 0x0000000785500000|  0%| F|  |TAMS 0x0000000785400000, 0x0000000785400000| Untracked 
|  85|0x0000000785500000, 0x0000000785500000, 0x0000000785600000|  0%| F|  |TAMS 0x0000000785500000, 0x0000000785500000| Untracked 
|  86|0x0000000785600000, 0x0000000785600000, 0x0000000785700000|  0%| F|  |TAMS 0x0000000785600000, 0x0000000785600000| Untracked 
|  87|0x0000000785700000, 0x0000000785700000, 0x0000000785800000|  0%| F|  |TAMS 0x0000000785700000, 0x0000000785700000| Untracked 
|  88|0x0000000785800000, 0x0000000785800000, 0x0000000785900000|  0%| F|  |TAMS 0x0000000785800000, 0x0000000785800000| Untracked 
|  89|0x0000000785900000, 0x0000000785900000, 0x0000000785a00000|  0%| F|  |TAMS 0x0000000785900000, 0x0000000785900000| Untracked 
|  90|0x0000000785a00000, 0x0000000785a00000, 0x0000000785b00000|  0%| F|  |TAMS 0x0000000785a00000, 0x0000000785a00000| Untracked 
|  91|0x0000000785b00000, 0x0000000785b00000, 0x0000000785c00000|  0%| F|  |TAMS 0x0000000785b00000, 0x0000000785b00000| Untracked 
|  92|0x0000000785c00000, 0x0000000785c00000, 0x0000000785d00000|  0%| F|  |TAMS 0x0000000785c00000, 0x0000000785c00000| Untracked 
|  93|0x0000000785d00000, 0x0000000785d00000, 0x0000000785e00000|  0%| F|  |TAMS 0x0000000785d00000, 0x0000000785d00000| Untracked 
|  94|0x0000000785e00000, 0x0000000785e00000, 0x0000000785f00000|  0%| F|  |TAMS 0x0000000785e00000, 0x0000000785e00000| Untracked 
|  95|0x0000000785f00000, 0x0000000785f00000, 0x0000000786000000|  0%| F|  |TAMS 0x0000000785f00000, 0x0000000785f00000| Untracked 
|  96|0x0000000786000000, 0x0000000786000000, 0x0000000786100000|  0%| F|  |TAMS 0x0000000786000000, 0x0000000786000000| Untracked 
|  97|0x0000000786100000, 0x0000000786100000, 0x0000000786200000|  0%| F|  |TAMS 0x0000000786100000, 0x0000000786100000| Untracked 
|  98|0x0000000786200000, 0x0000000786200000, 0x0000000786300000|  0%| F|  |TAMS 0x0000000786200000, 0x0000000786200000| Untracked 
|  99|0x0000000786300000, 0x0000000786300000, 0x0000000786400000|  0%| F|  |TAMS 0x0000000786300000, 0x0000000786300000| Untracked 
| 100|0x0000000786400000, 0x000000078649f150, 0x0000000786500000| 62%| S|CS|TAMS 0x0000000786400000, 0x0000000786400000| Complete 
| 101|0x0000000786500000, 0x0000000786600000, 0x0000000786600000|100%| S|CS|TAMS 0x0000000786500000, 0x0000000786500000| Complete 
| 102|0x0000000786600000, 0x0000000786700000, 0x0000000786700000|100%| S|CS|TAMS 0x0000000786600000, 0x0000000786600000| Complete 
| 103|0x0000000786700000, 0x0000000786700000, 0x0000000786800000|  0%| F|  |TAMS 0x0000000786700000, 0x0000000786700000| Untracked 
| 104|0x0000000786800000, 0x0000000786800000, 0x0000000786900000|  0%| F|  |TAMS 0x0000000786800000, 0x0000000786800000| Untracked 
| 105|0x0000000786900000, 0x0000000786900000, 0x0000000786a00000|  0%| F|  |TAMS 0x0000000786900000, 0x0000000786900000| Untracked 
| 106|0x0000000786a00000, 0x0000000786a00000, 0x0000000786b00000|  0%| F|  |TAMS 0x0000000786a00000, 0x0000000786a00000| Untracked 
| 107|0x0000000786b00000, 0x0000000786b00000, 0x0000000786c00000|  0%| F|  |TAMS 0x0000000786b00000, 0x0000000786b00000| Untracked 
| 108|0x0000000786c00000, 0x0000000786c00000, 0x0000000786d00000|  0%| F|  |TAMS 0x0000000786c00000, 0x0000000786c00000| Untracked 
| 109|0x0000000786d00000, 0x0000000786d00000, 0x0000000786e00000|  0%| F|  |TAMS 0x0000000786d00000, 0x0000000786d00000| Untracked 
| 110|0x0000000786e00000, 0x0000000786e00000, 0x0000000786f00000|  0%| F|  |TAMS 0x0000000786e00000, 0x0000000786e00000| Untracked 
| 111|0x0000000786f00000, 0x0000000786f00000, 0x0000000787000000|  0%| F|  |TAMS 0x0000000786f00000, 0x0000000786f00000| Untracked 
| 112|0x0000000787000000, 0x0000000787000000, 0x0000000787100000|  0%| F|  |TAMS 0x0000000787000000, 0x0000000787000000| Untracked 
| 113|0x0000000787100000, 0x0000000787100000, 0x0000000787200000|  0%| F|  |TAMS 0x0000000787100000, 0x0000000787100000| Untracked 
| 114|0x0000000787200000, 0x0000000787200000, 0x0000000787300000|  0%| F|  |TAMS 0x0000000787200000, 0x0000000787200000| Untracked 
| 115|0x0000000787300000, 0x0000000787300000, 0x0000000787400000|  0%| F|  |TAMS 0x0000000787300000, 0x0000000787300000| Untracked 
| 116|0x0000000787400000, 0x0000000787400000, 0x0000000787500000|  0%| F|  |TAMS 0x0000000787400000, 0x0000000787400000| Untracked 
| 117|0x0000000787500000, 0x0000000787500000, 0x0000000787600000|  0%| F|  |TAMS 0x0000000787500000, 0x0000000787500000| Untracked 
| 118|0x0000000787600000, 0x0000000787600000, 0x0000000787700000|  0%| F|  |TAMS 0x0000000787600000, 0x0000000787600000| Untracked 
| 119|0x0000000787700000, 0x0000000787700000, 0x0000000787800000|  0%| F|  |TAMS 0x0000000787700000, 0x0000000787700000| Untracked 
| 120|0x0000000787800000, 0x0000000787800000, 0x0000000787900000|  0%| F|  |TAMS 0x0000000787800000, 0x0000000787800000| Untracked 
| 121|0x0000000787900000, 0x0000000787900000, 0x0000000787a00000|  0%| F|  |TAMS 0x0000000787900000, 0x0000000787900000| Untracked 
| 122|0x0000000787a00000, 0x0000000787a00000, 0x0000000787b00000|  0%| F|  |TAMS 0x0000000787a00000, 0x0000000787a00000| Untracked 
| 123|0x0000000787b00000, 0x0000000787b80800, 0x0000000787c00000| 50%| E|  |TAMS 0x0000000787b00000, 0x0000000787b00000| Complete 
| 124|0x0000000787c00000, 0x0000000787d00000, 0x0000000787d00000|100%| E|CS|TAMS 0x0000000787c00000, 0x0000000787c00000| Complete 
| 125|0x0000000787d00000, 0x0000000787e00000, 0x0000000787e00000|100%| E|CS|TAMS 0x0000000787d00000, 0x0000000787d00000| Complete 
| 126|0x0000000787e00000, 0x0000000787f00000, 0x0000000787f00000|100%| E|CS|TAMS 0x0000000787e00000, 0x0000000787e00000| Complete 
| 127|0x0000000787f00000, 0x0000000788000000, 0x0000000788000000|100%| E|CS|TAMS 0x0000000787f00000, 0x0000000787f00000| Complete 
|2046|0x00000007ffe00000, 0x00000007ffe75000, 0x00000007fff00000| 45%|OA|  |TAMS 0x00000007ffe00000, 0x00000007ffe00000| Untracked 
|2047|0x00000007fff00000, 0x00000007fff7f000, 0x0000000800000000| 49%|CA|  |TAMS 0x00000007fff00000, 0x00000007fff00000| Untracked 

Card table byte_map: [0x000000010b061000,0x000000010b461000] _byte_map_base: 0x0000000107461000

Marking Bits (Prev, Next): (CMBitMap*) 0x00007fc2b8008e10, (CMBitMap*) 0x00007fc2b8008e50
 Prev Bits: [0x0000000125008000, 0x0000000127008000)
 Next Bits: [0x0000000127008000, 0x0000000129008000)

Polling page: 0x000000010a93b000

Metaspace:

Usage:
  Non-class:      5.94 MB used.
      Class:    807.79 KB used.
       Both:      6.72 MB used.

Virtual space:
  Non-class space:        8.00 MB reserved,       6.00 MB ( 75%) committed,  1 nodes.
      Class space:        1.00 GB reserved,     896.00 KB ( <1%) committed,  1 nodes.
             Both:        1.01 GB reserved,       6.88 MB ( <1%) committed. 

Chunk freelists:
   Non-Class:  1.78 MB
       Class:  3.06 MB
        Both:  4.84 MB

MaxMetaspaceSize: unlimited
CompressedClassSpaceSize: 1.00 GB
Initial GC threshold: 21.00 MB
Current GC threshold: 21.00 MB
CDS: on
MetaspaceReclaimPolicy: balanced
 - commit_granule_bytes: 65536.
 - commit_granule_words: 8192.
 - virtual_space_node_default_size: 1048576.
 - enlarge_chunks_in_place: 1.
 - new_chunks_are_fully_committed: 0.
 - uncommit_free_chunks: 1.
 - use_allocation_guard: 0.
 - handle_deallocations: 1.


Internal statistics:

num_allocs_failed_limit: 0.
num_arena_births: 84.
num_arena_deaths: 0.
num_vsnodes_births: 2.
num_vsnodes_deaths: 0.
num_space_committed: 110.
num_space_uncommitted: 0.
num_chunks_returned_to_freelist: 0.
num_chunks_taken_from_freelist: 275.
num_chunk_merges: 0.
num_chunk_splits: 140.
num_chunks_enlarged: 82.
num_purges: 0.
num_inconsistent_stats: 0.

CodeHeap 'non-profiled nmethods': size=120032Kb used=498Kb max_used=498Kb free=119533Kb
 bounds [0x000000011dad0000, 0x000000011dd40000, 0x0000000125008000]
CodeHeap 'profiled nmethods': size=120028Kb used=3040Kb max_used=3040Kb free=116987Kb
 bounds [0x0000000116599000, 0x0000000116899000, 0x000000011dad0000]
CodeHeap 'non-nmethods': size=5700Kb used=1216Kb max_used=1235Kb free=4483Kb
 bounds [0x0000000116008000, 0x0000000116278000, 0x0000000116599000]
 total_blobs=1929 nmethods=1477 adapters=365
 compilation: enabled
              stopped_count=0, restarted_count=0
 full_count=0

Compilation events (20 events):
Event: 857.350 Thread 0x00007fc2b601b400 1475       4       java.lang.String::hashCode (60 bytes)
Event: 857.364 Thread 0x00007fc2b601b400 

Event: 917.104 Thread 0x00007fc2b601b400 1476       4       org.eclipse.jdt.launching.internal.org.objectweb.asm.SymbolTable::addConstantNameAndType (28 bytes)
Event: 917.155 Thread 0x00007fc2b601b400 

Event: 1043.749 Thread 0x00007fc2b601b400 1477       4       org.eclipse.jdt.launching.internal.org.objectweb.asm.SymbolTable::addConstantMemberReference (29 bytes)
Event: 1043.879 Thread 0x00007fc2b601b400 

Event: 1117.730 Thread 0x00007fc2b601ba00 1479       3       org.eclipse.jdt.launching.internal.org.objectweb.asm.ClassVisitor::visit (50 bytes)
Event: 1117.730 Thread 0x00007fc2b601b400 1478       4       java.lang.String::hashCode (60 bytes)
Event: 1117.731 Thread 0x00007fc2b601ba00 nmethod 1479 0x000000011688d010 code [0x000000011688d1e0, 0x000000011688d5b0]
Event: 1117.731 Thread 0x00007fc2b601ba00 1480       3       org.eclipse.jdt.launching.internal.org.objectweb.asm.ClassWriter::visit (160 bytes)
Event: 1117.732 Thread 0x00007fc2b601ba00 nmethod 1480 0x000000011688d710 code [0x000000011688d940, 0x000000011688e1d0]
Event: 1117.732 Thread 0x00007fc2b601ba00 1481       3       org.eclipse.jdt.launching.internal.org.objectweb.asm.SymbolTable::setMajorVersionAndClassName (19 bytes)
Event: 1117.732 Thread 0x00007fc2b601ba00 nmethod 1481 0x000000011688e690 code [0x000000011688e840, 0x000000011688ea60]
Event: 1117.732 Thread 0x00007fc2b601ba00 1482       3       org.eclipse.jdt.launching.internal.weaving.ClassfileTransformer$1::visitSource (125 bytes)
Event: 1117.734 Thread 0x00007fc2b601ba00 nmethod 1482 0x000000011688eb90 code [0x000000011688eee0, 0x000000011688fd70]
Event: 1117.734 Thread 0x00007fc2b601ba00 1483       3       org.eclipse.jdt.launching.internal.org.objectweb.asm.ClassVisitor::visitSource (17 bytes)
Event: 1117.734 Thread 0x00007fc2b601ba00 nmethod 1483 0x0000000116890390 code [0x0000000116890540, 0x0000000116890760]
Event: 1117.734 Thread 0x00007fc2b601ba00 1484       3       org.eclipse.jdt.launching.internal.org.objectweb.asm.ClassWriter::visitSource (39 bytes)
Event: 1117.734 Thread 0x00007fc2b601ba00 nmethod 1484 0x0000000116890890 code [0x0000000116890a60, 0x0000000116890f10]
Event: 1117.746 Thread 0x00007fc2b601b400 


GC Heap History (4 events):
Event: 0.777 GC heap before
{Heap before GC invocations=0 (full 0):
 garbage-first heap   total 133120K, used 14288K [0x0000000780000000, 0x0000000800000000)
  region size 1024K, 13 young (13312K), 0 survivors (0K)
 Metaspace       used 3594K, committed 3776K, reserved 1056768K
  class space    used 327K, committed 448K, reserved 1048576K
}
Event: 0.780 GC heap after
{Heap after GC invocations=1 (full 0):
 garbage-first heap   total 133120K, used 2639K [0x0000000780000000, 0x0000000800000000)
  region size 1024K, 2 young (2048K), 2 survivors (2048K)
 Metaspace       used 3594K, committed 3776K, reserved 1056768K
  class space    used 327K, committed 448K, reserved 1048576K
}
Event: 1.477 GC heap before
{Heap before GC invocations=1 (full 0):
 garbage-first heap   total 133120K, used 26191K [0x0000000780000000, 0x0000000800000000)
  region size 1024K, 25 young (25600K), 2 survivors (2048K)
 Metaspace       used 6331K, committed 6464K, reserved 1056768K
  class space    used 720K, committed 768K, reserved 1048576K
}
Event: 1.482 GC heap after
{Heap after GC invocations=2 (full 0):
 garbage-first heap   total 133120K, used 3660K [0x0000000780000000, 0x0000000800000000)
  region size 1024K, 3 young (3072K), 3 survivors (3072K)
 Metaspace       used 6331K, committed 6464K, reserved 1056768K
  class space    used 720K, committed 768K, reserved 1048576K
}

Deoptimization events (20 events):
Event: 1.563 Thread 0x00007fc2b680a200 Uncommon trap: trap_request=0xffffff45 fr.pc=0x000000011db05c58 relative=0x0000000000000698
Event: 1.563 Thread 0x00007fc2b680a200 Uncommon trap: reason=unstable_if action=reinterpret pc=0x000000011db05c58 method=org.eclipse.jdt.launching.internal.org.objectweb.asm.ClassReader.readUtf(II[C)Ljava/lang/String; @ 41 c2
Event: 1.563 Thread 0x00007fc2b680a200 DEOPT PACKING pc=0x000000011db05c58 sp=0x00007000064c8c30
Event: 1.563 Thread 0x00007fc2b680a200 DEOPT UNPACKING pc=0x000000011605a099 sp=0x00007000064c8c18 mode 2
Event: 1.563 Thread 0x00007fc2b680a200 Uncommon trap: trap_request=0xffffff45 fr.pc=0x000000011db03d80 relative=0x0000000000000460
Event: 1.563 Thread 0x00007fc2b680a200 Uncommon trap: reason=unstable_if action=reinterpret pc=0x000000011db03d80 method=java.lang.StringUTF16.compress([CI[BII)I @ 20 c2
Event: 1.563 Thread 0x00007fc2b680a200 DEOPT PACKING pc=0x000000011db03d80 sp=0x00007000064c8a50
Event: 1.563 Thread 0x00007fc2b680a200 DEOPT UNPACKING pc=0x000000011605a099 sp=0x00007000064c89f0 mode 2
Event: 1.563 Thread 0x00007fc2b680a200 Uncommon trap: trap_request=0xffffff45 fr.pc=0x000000011db02f6c relative=0x000000000000024c
Event: 1.563 Thread 0x00007fc2b680a200 Uncommon trap: reason=unstable_if action=reinterpret pc=0x000000011db02f6c method=java.lang.String.isLatin1()Z @ 10 c2
Event: 1.563 Thread 0x00007fc2b680a200 DEOPT PACKING pc=0x000000011db02f6c sp=0x00007000064c8c70
Event: 1.563 Thread 0x00007fc2b680a200 DEOPT UNPACKING pc=0x000000011605a099 sp=0x00007000064c8bc0 mode 2
Event: 1.563 Thread 0x00007fc2b680a200 Uncommon trap: trap_request=0xffffff45 fr.pc=0x000000011daeac80 relative=0x0000000000000060
Event: 1.563 Thread 0x00007fc2b680a200 Uncommon trap: reason=unstable_if action=reinterpret pc=0x000000011daeac80 method=java.lang.String.isLatin1()Z @ 10 c2
Event: 1.563 Thread 0x00007fc2b680a200 DEOPT PACKING pc=0x000000011daeac80 sp=0x00007000064c8bf0
Event: 1.563 Thread 0x00007fc2b680a200 DEOPT UNPACKING pc=0x000000011605a099 sp=0x00007000064c8bb0 mode 2
Event: 1.566 Thread 0x00007fc2b680a200 Uncommon trap: trap_request=0xffffff45 fr.pc=0x000000011dae5568 relative=0x0000000000000048
Event: 1.566 Thread 0x00007fc2b680a200 Uncommon trap: reason=unstable_if action=reinterpret pc=0x000000011dae5568 method=java.lang.CharacterData.of(I)Ljava/lang/CharacterData; @ 4 c2
Event: 1.566 Thread 0x00007fc2b680a200 DEOPT PACKING pc=0x000000011dae5568 sp=0x00007000064ca2b0
Event: 1.566 Thread 0x00007fc2b680a200 DEOPT UNPACKING pc=0x000000011605a099 sp=0x00007000064ca270 mode 2

Classes unloaded (0 events):
No events

Classes redefined (19 events):
Event: 611.205 Thread 0x00007fc2b77089e0 redefined class name=telran.util.TreeSet$TreeSetIterator, count=1
Event: 611.205 Thread 0x00007fc2b77089e0 redefined class name=telran.util.TreeSet, count=1
Event: 611.205 Thread 0x00007fc2b77089e0 redefined class name=telran.util.TreeSet$Node, count=1
Event: 857.354 Thread 0x00007fc2b77089e0 redefined class name=telran.util.TreeSet$TreeSetIterator, count=2
Event: 857.354 Thread 0x00007fc2b77089e0 redefined class name=telran.util.TreeSet, count=2
Event: 857.354 Thread 0x00007fc2b77089e0 redefined class name=telran.util.TreeSet$Node, count=2
Event: 917.111 Thread 0x00007fc2b77089e0 redefined class name=telran.util.TreeSet$TreeSetIterator, count=3
Event: 917.111 Thread 0x00007fc2b77089e0 redefined class name=telran.util.TreeSet, count=3
Event: 917.111 Thread 0x00007fc2b77089e0 redefined class name=telran.util.TreeSet$Node, count=3
Event: 1021.098 Thread 0x00007fc2b77089e0 redefined class name=telran.util.TreeSet$TreeSetIterator, count=4
Event: 1021.098 Thread 0x00007fc2b77089e0 redefined class name=telran.util.TreeSet, count=4
Event: 1021.098 Thread 0x00007fc2b77089e0 redefined class name=telran.util.TreeSet$Node, count=4
Event: 1043.753 Thread 0x00007fc2b77089e0 redefined class name=telran.util.TreeSet$TreeSetIterator, count=5
Event: 1043.753 Thread 0x00007fc2b77089e0 redefined class name=telran.util.TreeSet, count=5
Event: 1043.753 Thread 0x00007fc2b77089e0 redefined class name=telran.util.TreeSet$Node, count=5
Event: 1043.882 Thread 0x00007fc2b77089e0 redefined class name=telran.util.SetTests, count=1
Event: 1117.739 Thread 0x00007fc2b77089e0 redefined class name=telran.util.TreeSet$TreeSetIterator, count=6
Event: 1117.739 Thread 0x00007fc2b77089e0 redefined class name=telran.util.TreeSet, count=6
Event: 1117.739 Thread 0x00007fc2b77089e0 redefined class name=telran.util.TreeSet$Node, count=6

Internal exceptions (20 events):
Event: 1.155 Thread 0x00007fc2b680a200 Exception <a 'java/lang/NoSuchMethodError'{0x000000078759af70}: 'java.lang.Object java.lang.invoke.DirectMethodHandle$Holder.invokeSpecialIFC(java.lang.Object, java.lang.Object, java.lang.Object, java.lang.Object)'> (0x000000078759af70) 
thrown [open/src/hotspot/share/interpreter/linkResolver.cpp, line 766]
Event: 1.191 Thread 0x00007fc2b680a200 Exception <a 'java/lang/NoSuchMethodError'{0x000000078745e980}: 'void java.lang.invoke.DirectMethodHandle$Holder.invokeInterface(java.lang.Object, java.lang.Object, java.lang.Object)'> (0x000000078745e980) 
thrown [open/src/hotspot/share/interpreter/linkResolver.cpp, line 766]
Event: 1.206 Thread 0x00007fc2b680a200 Exception <a 'java/lang/NoSuchMethodError'{0x00000007874f55e0}: 'java.lang.Object java.lang.invoke.DirectMethodHandle$Holder.newInvokeSpecial(java.lang.Object, java.lang.Object, java.lang.Object, java.lang.Object, java.lang.Object, java.lang.Object)'> (0x00000007874f55e0) 
thrown [open/src/hotspot/share/interpreter/linkResolver.cpp, line 766]
Event: 1.224 Thread 0x00007fc2b680a200 Exception <a 'java/lang/NoSuchMethodError'{0x000000078739d590}: 'void java.lang.invoke.DirectMethodHandle$Holder.invokeInterface(java.lang.Object, java.lang.Object, java.lang.Object, java.lang.Object, java.lang.Object)'> (0x000000078739d590) 
thrown [open/src/hotspot/share/interpreter/linkResolver.cpp, line 766]
Event: 1.225 Thread 0x00007fc2b680a200 Exception <a 'java/lang/IncompatibleClassChangeError'{0x00000007873a1260}: Found class java.lang.Object, but interface was expected> (0x00000007873a1260) 
thrown [open/src/hotspot/share/interpreter/linkResolver.cpp, line 833]
Event: 1.247 Thread 0x00007fc2b680a200 Exception <a 'java/lang/IncompatibleClassChangeError'{0x00000007870089f8}: Found class java.lang.Object, but interface was expected> (0x00000007870089f8) 
thrown [open/src/hotspot/share/interpreter/linkResolver.cpp, line 833]
Event: 1.257 Thread 0x00007fc2b680a200 Exception <a 'java/lang/NoSuchMethodError'{0x0000000787041cb0}: 'void java.lang.invoke.DirectMethodHandle$Holder.invokeSpecial(java.lang.Object, java.lang.Object, java.lang.Object, java.lang.Object, java.lang.Object)'> (0x0000000787041cb0) 
thrown [open/src/hotspot/share/interpreter/linkResolver.cpp, line 766]
Event: 1.341 Thread 0x00007fc2b680a200 Exception <a 'java/lang/NoSuchMethodError'{0x0000000786c6bc70}: 'java.lang.Object java.lang.invoke.DirectMethodHandle$Holder.invokeVirtual(java.lang.Object, java.lang.Object, java.lang.Object)'> (0x0000000786c6bc70) 
thrown [open/src/hotspot/share/interpreter/linkResolver.cpp, line 766]
Event: 1.358 Thread 0x00007fc2b680a200 Exception <a 'java/lang/NoSuchMethodError'{0x0000000786cf1d08}: 'void java.lang.invoke.DirectMethodHandle$Holder.invokeInterface(java.lang.Object, java.lang.Object, java.lang.Object, java.lang.Object)'> (0x0000000786cf1d08) 
thrown [open/src/hotspot/share/interpreter/linkResolver.cpp, line 766]
Event: 1.359 Thread 0x00007fc2b680a200 Exception <a 'java/lang/IncompatibleClassChangeError'{0x0000000786cf5630}: Found class java.lang.Object, but interface was expected> (0x0000000786cf5630) 
thrown [open/src/hotspot/share/interpreter/linkResolver.cpp, line 833]
Event: 1.364 Thread 0x00007fc2b680a200 Exception <a 'java/lang/NoSuchMethodError'{0x0000000786b1dc98}: 'void java.lang.invoke.DirectMethodHandle$Holder.invokeStatic(java.lang.Object, java.lang.Object, java.lang.Object, java.lang.Object)'> (0x0000000786b1dc98) 
thrown [open/src/hotspot/share/interpreter/linkResolver.cpp, line 766]
Event: 1.390 Thread 0x00007fc2b680a200 Exception <a 'java/lang/NoSuchMethodError'{0x0000000786a19270}: 'int java.lang.invoke.DirectMethodHandle$Holder.invokeStatic(java.lang.Object, java.lang.Object, java.lang.Object, java.lang.Object)'> (0x0000000786a19270) 
thrown [open/src/hotspot/share/interpreter/linkResolver.cpp, line 766]
Event: 1.391 Thread 0x00007fc2b680a200 Exception <a 'java/lang/NoSuchMethodError'{0x0000000786a1cbf0}: 'java.lang.Object java.lang.invoke.Invokers$Holder.invokeExact_MT(java.lang.Object, java.lang.Object, java.lang.Object, java.lang.Object, java.lang.Object, java.lang.Object)'> (0x0000000786a1cbf0) 
thrown [open/src/hotspot/share/interpreter/linkResolver.cpp, line 766]
Event: 1.393 Thread 0x00007fc2b680a200 Exception <a 'java/lang/NoSuchMethodError'{0x0000000786a2d190}: 'int java.lang.invoke.DirectMethodHandle$Holder.invokeStatic(java.lang.Object, java.lang.Object, java.lang.Object, java.lang.Object, java.lang.Object)'> (0x0000000786a2d190) 
thrown [open/src/hotspot/share/interpreter/linkResolver.cpp, line 766]
Event: 1.462 Thread 0x00007fc2b680a200 Exception <a 'java/lang/NoSuchMethodError'{0x00000007867b1c60}: 'int java.lang.invoke.DirectMethodHandle$Holder.invokeStaticInit(java.lang.Object, java.lang.Object, java.lang.Object)'> (0x00000007867b1c60) 
thrown [open/src/hotspot/share/interpreter/linkResolver.cpp, line 766]
Event: 1.515 Thread 0x00007fc2b680a200 Exception <a 'java/lang/NoSuchMethodError'{0x0000000787ff6e88}: 'java.lang.Object java.lang.invoke.DirectMethodHandle$Holder.newInvokeSpecial(java.lang.Object, java.lang.Object, java.lang.Object, java.lang.Object, java.lang.Object, java.lang.Object, java.lang.Object)'> (0x0000000787ff6e88) 
thrown [open/src/hotspot/share/interpreter/linkResolver.cpp, line 766]
Event: 1.516 Thread 0x00007fc2b680a200 Exception <a 'java/lang/NoSuchMethodError'{0x0000000787ffba40}: 'java.lang.Object java.lang.invoke.Invokers$Holder.linkToTargetMethod(java.lang.Object, java.lang.Object, java.lang.Object, java.lang.Object, java.lang.Object, java.lang.Object, java.lang.Object)'> (0x0000000787ffba40) 
thrown [open/src/hotspot/share/interpreter/linkResolver.cpp, line 766]
Event: 1.520 Thread 0x00007fc2b680a200 Exception <a 'java/lang/NoSuchMethodError'{0x0000000787e07448}: 'java.lang.Object java.lang.invoke.DirectMethodHandle$Holder.invokeInterface(java.lang.Object, java.lang.Object, java.lang.Object, java.lang.Object, java.lang.Object)'> (0x0000000787e07448) 
thrown [open/src/hotspot/share/interpreter/linkResolver.cpp, line 766]
Event: 1.520 Thread 0x00007fc2b680a200 Exception <a 'java/lang/IncompatibleClassChangeError'{0x0000000787e0b240}: Found class java.lang.Object, but interface was expected> (0x0000000787e0b240) 
thrown [open/src/hotspot/share/interpreter/linkResolver.cpp, line 833]
Event: 1.546 Thread 0x00007fc2b680a200 Exception <a 'java/lang/IncompatibleClassChangeError'{0x0000000787e92370}: Found class java.lang.Object, but interface was expected> (0x0000000787e92370) 
thrown [open/src/hotspot/share/interpreter/linkResolver.cpp, line 833]

VM Operations (20 events):
Event: 1117.885 Executing VM operation: get/set locals
Event: 1117.885 Executing VM operation: get/set locals done
Event: 1117.886 Executing VM operation: get/set locals
Event: 1117.886 Executing VM operation: get/set locals done
Event: 1117.886 Executing VM operation: get/set locals
Event: 1117.886 Executing VM operation: get/set locals done
Event: 1117.887 Executing VM operation: get/set locals
Event: 1117.887 Executing VM operation: get/set locals done
Event: 1117.887 Executing VM operation: get/set locals
Event: 1117.887 Executing VM operation: get/set locals done
Event: 1117.888 Executing VM operation: get/set locals
Event: 1117.888 Executing VM operation: get/set locals done
Event: 1117.888 Executing VM operation: get/set locals
Event: 1117.888 Executing VM operation: get/set locals done
Event: 1117.889 Executing VM operation: get/set locals
Event: 1117.889 Executing VM operation: get/set locals done
Event: 1117.889 Executing VM operation: get/set locals
Event: 1117.889 Executing VM operation: get/set locals done
Event: 1117.890 Executing VM operation: get/set locals
Event: 1117.890 Executing VM operation: get/set locals done

Events (20 events):
Event: 1.535 loading class sun/nio/ch/FileDispatcherImpl
Event: 1.535 loading class sun/nio/ch/FileDispatcher
Event: 1.535 loading class sun/nio/ch/FileDispatcher done
Event: 1.535 loading class sun/nio/ch/FileDispatcherImpl done
Event: 1.536 loading class sun/nio/ch/IOStatus
Event: 1.537 loading class sun/nio/ch/IOStatus done
Event: 1.547 loading class java/util/AbstractList$ListItr
Event: 1.547 loading class java/util/AbstractList$Itr
Event: 1.547 loading class java/util/AbstractList$Itr done
Event: 1.550 loading class java/util/AbstractList$ListItr done
Event: 1.563 loading class java/time/format/DateTimeParseException
Event: 1.563 loading class java/time/DateTimeException
Event: 1.563 loading class java/time/DateTimeException done
Event: 1.563 loading class java/time/format/DateTimeParseException done
Event: 1.610 loading class java/util/stream/SortedOps$RefSortingSink
Event: 1.610 loading class java/util/stream/SortedOps$RefSortingSink done
Event: 1.648 loading class java/lang/Math$RandomNumberGeneratorHolder
Event: 1.648 loading class java/lang/Math$RandomNumberGeneratorHolder done
Event: 1.664 loading class java/util/ComparableTimSort
Event: 1.664 loading class java/util/ComparableTimSort done


Dynamic libraries:
0x000000010a93d000 	/Users/jt/Library/Java/JavaVirtualMachines/openjdk-17/Contents/Home/lib/libjli.dylib
0x00007ff820025000 	/usr/lib/libz.1.dylib
0x00007ff820105000 	/usr/lib/libSystem.B.dylib
0x00007ff820100000 	/usr/lib/system/libcache.dylib
0x00007ff8200bc000 	/usr/lib/system/libcommonCrypto.dylib
0x00007ff8200e5000 	/usr/lib/system/libcompiler_rt.dylib
0x00007ff8200db000 	/usr/lib/system/libcopyfile.dylib
0x00007ff815079000 	/usr/lib/system/libcorecrypto.dylib
0x00007ff815138000 	/usr/lib/system/libdispatch.dylib
0x00007ff8152f7000 	/usr/lib/system/libdyld.dylib
0x00007ff8200f7000 	/usr/lib/system/libkeymgr.dylib
0x00007ff82009a000 	/usr/lib/system/libmacho.dylib
0x00007ff81f731000 	/usr/lib/system/libquarantine.dylib
0x00007ff8200f5000 	/usr/lib/system/libremovefile.dylib
0x00007ff81a24f000 	/usr/lib/system/libsystem_asl.dylib
0x00007ff815027000 	/usr/lib/system/libsystem_blocks.dylib
0x00007ff8151bc000 	/usr/lib/system/libsystem_c.dylib
0x00007ff8200ed000 	/usr/lib/system/libsystem_collections.dylib
0x00007ff81e918000 	/usr/lib/system/libsystem_configuration.dylib
0x00007ff81dbda000 	/usr/lib/system/libsystem_containermanager.dylib
0x00007ff81fdd9000 	/usr/lib/system/libsystem_coreservices.dylib
0x00007ff81791d000 	/usr/lib/system/libsystem_darwin.dylib
0x00007ff8200f8000 	/usr/lib/system/libsystem_dnssd.dylib
0x00007ff8151b9000 	/usr/lib/system/libsystem_featureflags.dylib
0x00007ff81530d000 	/usr/lib/system/libsystem_info.dylib
0x00007ff820038000 	/usr/lib/system/libsystem_m.dylib
0x00007ff81510c000 	/usr/lib/system/libsystem_malloc.dylib
0x00007ff81a1ec000 	/usr/lib/system/libsystem_networkextension.dylib
0x00007ff817d45000 	/usr/lib/system/libsystem_notify.dylib
0x00007ff826236000 	/usr/lib/system/libsystem_product_info_filter.dylib
0x00007ff81e91c000 	/usr/lib/system/libsystem_sandbox.dylib
0x00007ff8200f2000 	/usr/lib/system/libsystem_secinit.dylib
0x00007ff8152b4000 	/usr/lib/system/libsystem_kernel.dylib
0x00007ff815303000 	/usr/lib/system/libsystem_platform.dylib
0x00007ff8152eb000 	/usr/lib/system/libsystem_pthread.dylib
0x00007ff81baa0000 	/usr/lib/system/libsystem_symptoms.dylib
0x00007ff815060000 	/usr/lib/system/libsystem_trace.dylib
0x00007ff8200c8000 	/usr/lib/system/libunwind.dylib
0x00007ff815029000 	/usr/lib/system/libxpc.dylib
0x00007ff81529e000 	/usr/lib/libc++abi.dylib
0x00007ff81517f000 	/usr/lib/libobjc.A.dylib
0x00007ff8200d3000 	/usr/lib/liboah.dylib
0x00007ff815245000 	/usr/lib/libc++.1.dylib
0x00007ff82bf65000 	/System/Library/Frameworks/Cocoa.framework/Versions/A/Cocoa
0x00007ff817da3000 	/System/Library/Frameworks/AppKit.framework/Versions/C/AppKit
0x00007ff81b290000 	/System/Library/Frameworks/CoreData.framework/Versions/A/CoreData
0x00007ff8161be000 	/System/Library/Frameworks/Foundation.framework/Versions/C/Foundation
0x00007ff818c30000 	/System/Library/PrivateFrameworks/UIFoundation.framework/Versions/A/UIFoundation
0x00007ff825f3d000 	/System/Library/PrivateFrameworks/RemoteViewServices.framework/Versions/A/RemoteViewServices
0x00007ff81e2b1000 	/System/Library/PrivateFrameworks/XCTTargetBootstrap.framework/Versions/A/XCTTargetBootstrap
0x00007ff821f14000 	/System/Library/PrivateFrameworks/InternationalSupport.framework/Versions/A/InternationalSupport
0x00007ff821f9e000 	/System/Library/PrivateFrameworks/UserActivity.framework/Versions/A/UserActivity
0x00007ff8212f4000 	/usr/lib/libspindump.dylib
0x00007ff818ebe000 	/System/Library/Frameworks/UniformTypeIdentifiers.framework/Versions/A/UniformTypeIdentifiers
0x00007ff81c9f0000 	/usr/lib/libapp_launch_measurement.dylib
0x00007ff81bc5a000 	/System/Library/PrivateFrameworks/CoreAnalytics.framework/Versions/A/CoreAnalytics
0x00007ff81c9f3000 	/System/Library/PrivateFrameworks/CoreAutoLayout.framework/Versions/A/CoreAutoLayout
0x00007ff81dc12000 	/System/Library/Frameworks/Metal.framework/Versions/A/Metal
0x00007ff81e927000 	/usr/lib/liblangid.dylib
0x00007ff81e2b5000 	/System/Library/PrivateFrameworks/CoreSVG.framework/Versions/A/CoreSVG
0x00007ff81a280000 	/System/Library/PrivateFrameworks/SkyLight.framework/Versions/A/SkyLight
0x00007ff81a611000 	/System/Library/Frameworks/CoreGraphics.framework/Versions/A/CoreGraphics
0x00007ff8265a8000 	/System/Library/Frameworks/Accelerate.framework/Versions/A/Accelerate
0x00007ff820d6f000 	/System/Library/PrivateFrameworks/IconServices.framework/Versions/A/IconServices
0x00007ff81dbf7000 	/System/Library/Frameworks/IOSurface.framework/Versions/A/IOSurface
0x00007ff81bc88000 	/usr/lib/libDiagnosticMessagesClient.dylib
0x00007ff829c07000 	/System/Library/Frameworks/ApplicationServices.framework/Versions/A/ApplicationServices
0x00007ff81e29d000 	/System/Library/PrivateFrameworks/DFRFoundation.framework/Versions/A/DFRFoundation
0x00007ff817694000 	/usr/lib/libicucore.A.dylib
0x00007ff822c36000 	/System/Library/Frameworks/AudioToolbox.framework/Versions/A/AudioToolbox
0x00007ff821f20000 	/System/Library/PrivateFrameworks/DataDetectorsCore.framework/Versions/A/DataDetectorsCore
0x00007ff91d766000 	/System/Library/PrivateFrameworks/TextInput.framework/Versions/A/TextInput
0x00007ff81a203000 	/usr/lib/libMobileGestalt.dylib
0x00007ff81dfa5000 	/System/Library/Frameworks/Carbon.framework/Versions/A/Frameworks/HIToolbox.framework/Versions/A/HIToolbox
0x00007ff81c41e000 	/System/Library/Frameworks/QuartzCore.framework/Versions/A/QuartzCore
0x00007ff817335000 	/System/Library/Frameworks/Security.framework/Versions/A/Security
0x00007ff825f75000 	/System/Library/Frameworks/Carbon.framework/Versions/A/Frameworks/SpeechRecognition.framework/Versions/A/SpeechRecognition
0x00007ff81c750000 	/System/Library/PrivateFrameworks/CoreUI.framework/Versions/A/CoreUI
0x00007ff816c0f000 	/System/Library/Frameworks/CoreAudio.framework/Versions/A/CoreAudio
0x00007ff81bd76000 	/System/Library/Frameworks/DiskArbitration.framework/Versions/A/DiskArbitration
0x00007ff8216db000 	/System/Library/PrivateFrameworks/MultitouchSupport.framework/Versions/A/MultitouchSupport
0x00007ff81a202000 	/usr/lib/libenergytrace.dylib
0x00007ff817c8f000 	/System/Library/Frameworks/IOKit.framework/Versions/A/IOKit
0x00007ff82635f000 	/System/Library/Frameworks/CoreServices.framework/Versions/A/CoreServices
0x00007ff81c98a000 	/System/Library/PrivateFrameworks/PerformanceAnalysis.framework/Versions/A/PerformanceAnalysis
0x00007ffa2cd27000 	/System/Library/Frameworks/OpenGL.framework/Versions/A/OpenGL
0x00007ff81f65d000 	/System/Library/PrivateFrameworks/MobileKeyBag.framework/Versions/A/MobileKeyBag
0x00007ff81acdd000 	/System/Library/Frameworks/ColorSync.framework/Versions/A/ColorSync
0x00007ff815338000 	/System/Library/Frameworks/CoreFoundation.framework/Versions/A/CoreFoundation
0x00007ff81e52e000 	/System/Library/Frameworks/CoreImage.framework/Versions/A/CoreImage
0x00007ff816a25000 	/System/Library/Frameworks/CoreText.framework/Versions/A/CoreText
0x00007ff81e2e4000 	/System/Library/Frameworks/ImageIO.framework/Versions/A/ImageIO
0x00007ff82010b000 	/System/Library/PrivateFrameworks/SoftLinking.framework/Versions/A/SoftLinking
0x00007ff81ca3b000 	/usr/lib/libxml2.2.dylib
0x00007ff82038e000 	/usr/lib/libcompression.dylib
0x00007ff821e4a000 	/System/Library/PrivateFrameworks/TextureIO.framework/Versions/A/TextureIO
0x00007ff820a81000 	/usr/lib/libate.dylib
0x00007ff82085f000 	/usr/lib/liblzma.5.dylib
0x00007ff815ecf000 	/System/Library/Frameworks/SystemConfiguration.framework/Versions/A/SystemConfiguration
0x00007ff820107000 	/usr/lib/libfakelink.dylib
0x00007ff819d56000 	/System/Library/Frameworks/CFNetwork.framework/Versions/A/CFNetwork
0x00007ff820246000 	/usr/lib/libarchive.2.dylib
0x00007ff81e923000 	/System/Library/PrivateFrameworks/AppleSystemInfo.framework/Versions/A/AppleSystemInfo
0x00007ff81f757000 	/usr/lib/libbsm.0.dylib
0x00007ff81938d000 	/usr/lib/libnetwork.dylib
0x00007ff8200a0000 	/usr/lib/system/libkxld.dylib
0x00007ff81f386000 	/System/Library/PrivateFrameworks/IOMobileFramebuffer.framework/Versions/A/IOMobileFramebuffer
0x00007ffb2a810000 	/usr/lib/libCoreEntitlements.dylib
0x00007ff81fdbb000 	/System/Library/PrivateFrameworks/AppleFSCompression.framework/Versions/A/AppleFSCompression
0x00007ff81f740000 	/usr/lib/libcoretls.dylib
0x00007ff820879000 	/usr/lib/libcoretls_cfhelpers.dylib
0x00007ff820389000 	/usr/lib/libpam.2.dylib
0x00007ff81b6c2000 	/usr/lib/libsqlite3.dylib
0x00007ff8208e8000 	/usr/lib/libxar.1.dylib
0x00007ff81fdcb000 	/usr/lib/libbz2.1.0.dylib
0x00007ff82010c000 	/usr/lib/libpcap.A.dylib
0x00007ff81ba97000 	/usr/lib/libdns_services.dylib
0x00007ff820358000 	/usr/lib/libapple_nghttp2.dylib
0x00007ff820143000 	/usr/lib/libiconv.2.dylib
0x00007ff820099000 	/usr/lib/libcharset.1.dylib
0x00007ff81c9be000 	/System/Library/Frameworks/CoreServices.framework/Versions/A/Frameworks/FSEvents.framework/Versions/A/FSEvents
0x00007ff817927000 	/System/Library/Frameworks/CoreServices.framework/Versions/A/Frameworks/CarbonCore.framework/Versions/A/CarbonCore
0x00007ff81bcdb000 	/System/Library/Frameworks/CoreServices.framework/Versions/A/Frameworks/Metadata.framework/Versions/A/Metadata
0x00007ff81fdde000 	/System/Library/Frameworks/CoreServices.framework/Versions/A/Frameworks/OSServices.framework/Versions/A/OSServices
0x00007ff8202cc000 	/System/Library/Frameworks/CoreServices.framework/Versions/A/Frameworks/SearchKit.framework/Versions/A/SearchKit
0x00007ff81ba29000 	/System/Library/Frameworks/CoreServices.framework/Versions/A/Frameworks/AE.framework/Versions/A/AE
0x00007ff81583b000 	/System/Library/Frameworks/CoreServices.framework/Versions/A/Frameworks/LaunchServices.framework/Versions/A/LaunchServices
0x00007ff820810000 	/System/Library/Frameworks/CoreServices.framework/Versions/A/Frameworks/DictionaryServices.framework/Versions/A/DictionaryServices
0x00007ff81c9cb000 	/System/Library/Frameworks/CoreServices.framework/Versions/A/Frameworks/SharedFileList.framework/Versions/A/SharedFileList
0x00007ff81f734000 	/usr/lib/libCheckFix.dylib
0x00007ff81a266000 	/System/Library/PrivateFrameworks/TCC.framework/Versions/A/TCC
0x00007ff81e929000 	/System/Library/PrivateFrameworks/CoreNLP.framework/Versions/A/CoreNLP
0x00007ff81bc8b000 	/System/Library/PrivateFrameworks/MetadataUtilities.framework/Versions/A/MetadataUtilities
0x00007ff815f7f000 	/usr/lib/libmecabra.dylib
0x00007ff81f767000 	/usr/lib/libmecab.dylib
0x00007ff815f4a000 	/usr/lib/libCRFSuite.dylib
0x00007ff81f7c4000 	/usr/lib/libgermantok.dylib
0x00007ff820333000 	/usr/lib/libThaiTokenizer.dylib
0x00007ff81bd7d000 	/System/Library/Frameworks/Accelerate.framework/Versions/A/Frameworks/vImage.framework/Versions/A/vImage
0x00007ff826336000 	/System/Library/Frameworks/Accelerate.framework/Versions/A/Frameworks/vecLib.framework/Versions/A/vecLib
0x00007ff820929000 	/System/Library/Frameworks/Accelerate.framework/Versions/A/Frameworks/vecLib.framework/Versions/A/libvMisc.dylib
0x00007ff81f1a4000 	/System/Library/Frameworks/Accelerate.framework/Versions/A/Frameworks/vecLib.framework/Versions/A/libvDSP.dylib
0x00007ff815bb3000 	/System/Library/Frameworks/Accelerate.framework/Versions/A/Frameworks/vecLib.framework/Versions/A/libBLAS.dylib
0x00007ff82046a000 	/System/Library/Frameworks/Accelerate.framework/Versions/A/Frameworks/vecLib.framework/Versions/A/libLAPACK.dylib
0x00007ff81f7c7000 	/System/Library/Frameworks/Accelerate.framework/Versions/A/Frameworks/vecLib.framework/Versions/A/libLinearAlgebra.dylib
0x00007ff820371000 	/System/Library/Frameworks/Accelerate.framework/Versions/A/Frameworks/vecLib.framework/Versions/A/libSparseBLAS.dylib
0x00007ff820464000 	/System/Library/Frameworks/Accelerate.framework/Versions/A/Frameworks/vecLib.framework/Versions/A/libQuadrature.dylib
0x00007ff81ea13000 	/System/Library/Frameworks/Accelerate.framework/Versions/A/Frameworks/vecLib.framework/Versions/A/libBNNS.dylib
0x00007ff815e60000 	/System/Library/Frameworks/Accelerate.framework/Versions/A/Frameworks/vecLib.framework/Versions/A/libSparse.dylib
0x00007ff81ea0c000 	/System/Library/PrivateFrameworks/LinguisticData.framework/Versions/A/LinguisticData
0x00007ff815e15000 	/System/Library/PrivateFrameworks/Lexicon.framework/Versions/A/Lexicon
0x00007ff820922000 	/usr/lib/libChineseTokenizer.dylib
0x00007ff816579000 	/System/Library/PrivateFrameworks/LanguageModeling.framework/Versions/A/LanguageModeling
0x00007ff820335000 	/System/Library/PrivateFrameworks/AppleSauce.framework/Versions/A/AppleSauce
0x00007ff81f374000 	/System/Library/PrivateFrameworks/CoreEmoji.framework/Versions/A/CoreEmoji
0x00007ff820235000 	/usr/lib/libcmph.dylib
0x00007ff81c9a2000 	/System/Library/Frameworks/OpenDirectory.framework/Versions/A/Frameworks/CFOpenDirectory.framework/Versions/A/CFOpenDirectory
0x00007ff81c996000 	/System/Library/Frameworks/OpenDirectory.framework/Versions/A/OpenDirectory
0x00007ff82087b000 	/System/Library/PrivateFrameworks/APFS.framework/Versions/A/APFS
0x00007ff81f695000 	/System/Library/Frameworks/SecurityFoundation.framework/Versions/A/SecurityFoundation
0x00007ff8208f6000 	/usr/lib/libutil.dylib
0x00007ff817c52000 	/System/Library/PrivateFrameworks/CoreServicesStore.framework/Versions/A/CoreServicesStore
0x00007ff8208fa000 	/usr/lib/libxslt.1.dylib
0x00007ff81f722000 	/System/Library/PrivateFrameworks/BackgroundTaskManagement.framework/Versions/A/BackgroundTaskManagement
0x00007ff821d6a000 	/System/Library/Frameworks/ImageIO.framework/Versions/A/Resources/libRadiance.dylib
0x00007ff821d73000 	/System/Library/Frameworks/ImageIO.framework/Versions/A/Resources/libJPEG.dylib
0x00007ff821cc3000 	/System/Library/Frameworks/ImageIO.framework/Versions/A/Resources/libPng.dylib
0x00007ff821ce4000 	/System/Library/Frameworks/ImageIO.framework/Versions/A/Resources/libTIFF.dylib
0x00007ff821dd3000 	/System/Library/Frameworks/ImageIO.framework/Versions/A/Resources/libGIF.dylib
0x00007ff8215f4000 	/System/Library/Frameworks/ImageIO.framework/Versions/A/Resources/libJP2.dylib
0x00007ff820d36000 	/usr/lib/libexpat.1.dylib
0x00007ff8215a9000 	/System/Library/PrivateFrameworks/AppleJPEG.framework/Versions/A/AppleJPEG
0x00007ff81de6c000 	/System/Library/PrivateFrameworks/FontServices.framework/libFontParser.dylib
0x00007ff81b9d3000 	/System/Library/PrivateFrameworks/RunningBoardServices.framework/Versions/A/RunningBoardServices
0x00007ff82c4d6000 	/System/Library/PrivateFrameworks/IOSurfaceAccelerator.framework/Versions/A/IOSurfaceAccelerator
0x00007ff8216d7000 	/System/Library/PrivateFrameworks/WatchdogClient.framework/Versions/A/WatchdogClient
0x00007ff816668000 	/System/Library/Frameworks/CoreDisplay.framework/Versions/A/CoreDisplay
0x00007ff81dd6c000 	/System/Library/Frameworks/CoreMedia.framework/Versions/A/CoreMedia
0x00007ff81dc09000 	/System/Library/PrivateFrameworks/IOAccelerator.framework/Versions/A/IOAccelerator
0x00007ff81cb1e000 	/System/Library/Frameworks/CoreVideo.framework/Versions/A/CoreVideo
0x00007ff820387000 	/System/Library/Frameworks/MetalPerformanceShaders.framework/Versions/A/MetalPerformanceShaders
0x00007ff821712000 	/System/Library/Frameworks/VideoToolbox.framework/Versions/A/VideoToolbox
0x00007ff81b91b000 	/System/Library/PrivateFrameworks/BaseBoard.framework/Versions/A/BaseBoard
0x00007ff81b6a8000 	/System/Library/PrivateFrameworks/ProtocolBuffer.framework/Versions/A/ProtocolBuffer
0x00007ff821d63000 	/System/Library/PrivateFrameworks/GPUWrangler.framework/Versions/A/GPUWrangler
0x00007ff821d46000 	/System/Library/PrivateFrameworks/IOPresentment.framework/Versions/A/IOPresentment
0x00007ff821d6d000 	/System/Library/PrivateFrameworks/DSExternalDisplay.framework/Versions/A/DSExternalDisplay
0x00007ffa2cd1b000 	/System/Library/Frameworks/OpenGL.framework/Versions/A/Libraries/libCoreFSCache.dylib
0x00007ffb18e0f000 	/System/Library/PrivateFrameworks/GPUCompiler.framework/Versions/31001/Libraries/libGPUCompilerUtils.dylib
0x00007ff821dd8000 	/System/Library/PrivateFrameworks/CMCaptureCore.framework/Versions/A/CMCaptureCore
0x00007ff8212e2000 	/System/Library/PrivateFrameworks/AppServerSupport.framework/Versions/A/AppServerSupport
0x00007ff8234b3000 	/System/Library/PrivateFrameworks/perfdata.framework/Versions/A/perfdata
0x00007ff816794000 	/System/Library/PrivateFrameworks/AudioToolboxCore.framework/Versions/A/AudioToolboxCore
0x00007ff81dd49000 	/System/Library/PrivateFrameworks/caulk.framework/Versions/A/caulk
0x00007ff822de0000 	/usr/lib/libAudioStatistics.dylib
0x00007ff91a025000 	/System/Library/PrivateFrameworks/SystemPolicy.framework/Versions/A/SystemPolicy
0x00007ff82302c000 	/usr/lib/libSMC.dylib
0x00007ff82be18000 	/System/Library/Frameworks/CoreMIDI.framework/Versions/A/CoreMIDI
0x00007ff821c93000 	/usr/lib/libAudioToolboxUtility.dylib
0x00007ff9164ad000 	/System/Library/PrivateFrameworks/OSAServicesClient.framework/Versions/A/OSAServicesClient
0x00007ff8234c0000 	/usr/lib/libperfcheck.dylib
0x00007ff91aab1000 	/usr/lib/libmis.dylib
0x00007ffa2cd77000 	/System/Library/Frameworks/OpenGL.framework/Versions/A/Libraries/libGLU.dylib
0x00007ffa2cd3a000 	/System/Library/Frameworks/OpenGL.framework/Versions/A/Libraries/libGFXShared.dylib
0x00007ffa2cf48000 	/System/Library/Frameworks/OpenGL.framework/Versions/A/Libraries/libGL.dylib
0x00007ffa2cd43000 	/System/Library/Frameworks/OpenGL.framework/Versions/A/Libraries/libGLImage.dylib
0x00007ffa2cd37000 	/System/Library/Frameworks/OpenGL.framework/Versions/A/Libraries/libCVMSPluginSupport.dylib
0x00007ffa2cd22000 	/System/Library/Frameworks/OpenGL.framework/Versions/A/Libraries/libCoreVMClient.dylib
0x00007ff81e8a7000 	/System/Library/Frameworks/MetalPerformanceShaders.framework/Versions/A/Frameworks/MPSCore.framework/Versions/A/MPSCore
0x00007ff81fd26000 	/System/Library/Frameworks/MetalPerformanceShaders.framework/Versions/A/Frameworks/MPSImage.framework/Versions/A/MPSImage
0x00007ff81f7dd000 	/System/Library/Frameworks/MetalPerformanceShaders.framework/Versions/A/Frameworks/MPSNeuralNetwork.framework/Versions/A/MPSNeuralNetwork
0x00007ff81fc52000 	/System/Library/Frameworks/MetalPerformanceShaders.framework/Versions/A/Frameworks/MPSMatrix.framework/Versions/A/MPSMatrix
0x00007ff81fa0e000 	/System/Library/Frameworks/MetalPerformanceShaders.framework/Versions/A/Frameworks/MPSRayIntersector.framework/Versions/A/MPSRayIntersector
0x00007ff81fc8b000 	/System/Library/Frameworks/MetalPerformanceShaders.framework/Versions/A/Frameworks/MPSNDArray.framework/Versions/A/MPSNDArray
0x00007ffa31920000 	/System/Library/Frameworks/MetalPerformanceShaders.framework/Versions/A/Frameworks/MPSFunctions.framework/Versions/A/MPSFunctions
0x00007ff815a96000 	/System/Library/PrivateFrameworks/MetalTools.framework/Versions/A/MetalTools
0x00007ff81e921000 	/System/Library/PrivateFrameworks/AggregateDictionary.framework/Versions/A/AggregateDictionary
0x00007ff820b18000 	/usr/lib/libIOReport.dylib
0x00007ffa2e357000 	/System/Library/Frameworks/OpenCL.framework/Versions/A/OpenCL
0x00007ff820e7c000 	/System/Library/PrivateFrameworks/FaceCore.framework/Versions/A/FaceCore
0x00007ff820e6d000 	/System/Library/PrivateFrameworks/GraphVisualizer.framework/Versions/A/GraphVisualizer
0x00007ffb18d1a000 	/System/Library/PrivateFrameworks/FontServices.framework/Versions/A/FontServices
0x00007ff821299000 	/System/Library/PrivateFrameworks/OTSVG.framework/Versions/A/OTSVG
0x00007ff81c706000 	/System/Library/Frameworks/ApplicationServices.framework/Versions/A/Frameworks/ATS.framework/Versions/A/Resources/libFontRegistry.dylib
0x00007ff8212ea000 	/System/Library/PrivateFrameworks/FontServices.framework/libhvf.dylib
0x00007ffb18d1b000 	/System/Library/PrivateFrameworks/FontServices.framework/libXTFontStaticRegistryData.dylib
0x00007ff820ce6000 	/System/Library/PrivateFrameworks/AppleVA.framework/Versions/A/AppleVA
0x00007ff822e00000 	/System/Library/Frameworks/ApplicationServices.framework/Versions/A/Frameworks/ATS.framework/Versions/A/ATS
0x00007ff81add9000 	/System/Library/Frameworks/ApplicationServices.framework/Versions/A/Frameworks/HIServices.framework/Versions/A/HIServices
0x00007ff821de2000 	/System/Library/Frameworks/ApplicationServices.framework/Versions/A/Frameworks/PrintCore.framework/Versions/A/PrintCore
0x00007ff82317f000 	/System/Library/Frameworks/ApplicationServices.framework/Versions/A/Frameworks/QD.framework/Versions/A/QD
0x00007ff823177000 	/System/Library/Frameworks/ApplicationServices.framework/Versions/A/Frameworks/ColorSyncLegacy.framework/Versions/A/ColorSyncLegacy
0x00007ff822df0000 	/System/Library/Frameworks/ApplicationServices.framework/Versions/A/Frameworks/SpeechSynthesis.framework/Versions/A/SpeechSynthesis
0x00007ff821da3000 	/System/Library/Frameworks/ApplicationServices.framework/Versions/A/Frameworks/ATSUI.framework/Versions/A/ATSUI
0x00007ff82310c000 	/usr/lib/libcups.2.dylib
0x00007ff8234cf000 	/System/Library/Frameworks/Kerberos.framework/Versions/A/Kerberos
0x00007ff8234de000 	/System/Library/Frameworks/GSS.framework/Versions/A/GSS
0x00007ff822e6c000 	/usr/lib/libresolv.9.dylib
0x00007ff8212f9000 	/System/Library/PrivateFrameworks/Heimdal.framework/Versions/A/Heimdal
0x00007ff829f82000 	/System/Library/Frameworks/Kerberos.framework/Versions/A/Libraries/libHeimdalProxy.dylib
0x00007ff81baa8000 	/System/Library/Frameworks/Network.framework/Versions/A/Network
0x00007ff820d50000 	/usr/lib/libheimdal-asn1.dylib
0x00007ff823529000 	/System/Library/PrivateFrameworks/CommonAuth.framework/Versions/A/CommonAuth
0x00007ff822d71000 	/System/Library/PrivateFrameworks/AudioSession.framework/Versions/A/AudioSession
0x00007ff820de0000 	/System/Library/PrivateFrameworks/MediaExperience.framework/Versions/A/MediaExperience
0x00007ff822c05000 	/System/Library/PrivateFrameworks/AudioSession.framework/libSessionUtility.dylib
0x00007ff82318b000 	/System/Library/PrivateFrameworks/AudioResourceArbitration.framework/Versions/A/AudioResourceArbitration
0x00007ff820d59000 	/System/Library/PrivateFrameworks/IconFoundation.framework/Versions/A/IconFoundation
0x00007ff825f65000 	/System/Library/PrivateFrameworks/SpeechRecognitionCore.framework/Versions/A/SpeechRecognitionCore
0x000000010a977000 	/System/Library/CoreServices/Encodings/libCyrillicConverter.dylib
0x000000010b9a0000 	/Users/jt/Library/Java/JavaVirtualMachines/openjdk-17/Contents/Home/lib/server/libjvm.dylib
0x000000010a983000 	/Users/jt/Library/Java/JavaVirtualMachines/openjdk-17/Contents/Home/lib/libjimage.dylib
0x000000010a9d7000 	/Users/jt/Library/Java/JavaVirtualMachines/openjdk-17/Contents/Home/lib/libjdwp.dylib
0x000000010aa1b000 	/Users/jt/Library/Java/JavaVirtualMachines/openjdk-17/Contents/Home/lib/libjava.dylib
0x000000010a993000 	/Users/jt/Library/Java/JavaVirtualMachines/openjdk-17/Contents/Home/lib/libinstrument.dylib
0x000000010a9c5000 	/Users/jt/Library/Java/JavaVirtualMachines/openjdk-17/Contents/Home/lib/libdt_socket.dylib
0x000000010b8b9000 	/Users/jt/Library/Java/JavaVirtualMachines/openjdk-17/Contents/Home/lib/libzip.dylib
0x000000010b8e8000 	/Users/jt/Library/Java/JavaVirtualMachines/openjdk-17/Contents/Home/lib/libnio.dylib
0x000000010b922000 	/Users/jt/Library/Java/JavaVirtualMachines/openjdk-17/Contents/Home/lib/libnet.dylib
0x000000010b904000 	/Users/jt/Library/Java/JavaVirtualMachines/openjdk-17/Contents/Home/lib/libverify.dylib
0x000000010b8a6000 	/Users/jt/Library/Java/JavaVirtualMachines/openjdk-17/Contents/Home/lib/libextnet.dylib


VM Arguments:
jvm_args: -XX:+ShowCodeDetailsInExceptionMessages -agentlib:jdwp=transport=dt_socket,suspend=y,address=localhost:65084 -ea -javaagent:/Users/jt/eclipse/java-2021-09/Eclipse.app/Contents/Eclipse/configuration/org.eclipse.osgi/213/0/.cp/lib/javaagent-shaded.jar -Dfile.encoding=UTF-8 
java_command: org.eclipse.jdt.internal.junit.runner.RemoteTestRunner -version 3 -port 65083 -testLoaderClass org.eclipse.jdt.internal.junit5.runner.JUnit5TestLoader -loaderpluginname org.eclipse.jdt.junit5.runtime -classNames telran.util.SetTests
java_class_path (initial): /Users/jt/eclipse-workspace-42/set-test/bin:/Users/jt/eclipse-workspace-42/hash-set/bin:/Users/jt/eclipse-workspace-42/set-abstact/bin:/Users/jt/eclipse-workspace-42/SetInterface/bin:/Users/jt/eclipse-workspace-42/set-tree/bin:/Users/jt/.p2/pool/plugins/org.junit.jupiter.api_5.7.1.v20210222-1948.jar:/Users/jt/.p2/pool/plugins/org.junit.jupiter.engine_5.7.1.v20210222-1948.jar:/Users/jt/.p2/pool/plugins/org.junit.jupiter.migrationsupport_5.7.1.v20210222-1948.jar:/Users/jt/.p2/pool/plugins/org.junit.jupiter.params_5.7.1.v20210222-1948.jar:/Users/jt/.p2/pool/plugins/org.junit.platform.commons_1.7.1.v20210222-1948.jar:/Users/jt/.p2/pool/plugins/org.junit.platform.engine_1.7.1.v20210222-1948.jar:/Users/jt/.p2/pool/plugins/org.junit.platform.launcher_1.7.1.v20210222-1948.jar:/Users/jt/.p2/pool/plugins/org.junit.platform.runner_1.7.1.v20210222-1948.jar:/Users/jt/.p2/pool/plugins/org.junit.platform.suite.api_1.7.1.v20210222-1948.jar:/Users/jt/.p2/pool/plugins/org.junit.vintage.engine_5.7.1.v20210222-1948.jar:/Users/jt/.p2/pool/plugins/org.opentest4j_1.2.0.v20190826-0900.jar:/Users/jt/.p2/pool/plugins/org.apiguardian_1.1.0.v20190826-0900.jar:/Users/jt/.p2/pool/plugins/org.junit_4.13.0.v20200204-1500.jar:/Users/jt/.p2/pool/plugins/org.hamcrest.core_1.3.0.v20180420-1519.jar:/Users/jt/eclipse/java-2021-09/Eclipse.app/Contents/Eclipse/configuration/org.eclipse.osgi/212/0/.cp:/Users/jt/eclipse/java-2021-09/Eclipse.app/Contents/Eclipse/configuration/org.eclipse.osgi/210/0/.cp
Launcher Type: SUN_STANDARD

[Global flags]
     intx CICompilerCount                          = 3                                         {product} {ergonomic}
     uint ConcGCThreads                            = 1                                         {product} {ergonomic}
     uint G1ConcRefinementThreads                  = 4                                         {product} {ergonomic}
   size_t G1HeapRegionSize                         = 1048576                                   {product} {ergonomic}
    uintx GCDrainStackTargetSize                   = 64                                        {product} {ergonomic}
   size_t InitialHeapSize                          = 134217728                                 {product} {ergonomic}
   size_t MarkStackSize                            = 4194304                                   {product} {ergonomic}
   size_t MaxHeapSize                              = 2147483648                                {product} {ergonomic}
   size_t MaxNewSize                               = 1287651328                                {product} {ergonomic}
   size_t MinHeapDeltaBytes                        = 1048576                                   {product} {ergonomic}
   size_t MinHeapSize                              = 8388608                                   {product} {ergonomic}
    uintx NonNMethodCodeHeapSize                   = 5832780                                {pd product} {ergonomic}
    uintx NonProfiledCodeHeapSize                  = 122912730                              {pd product} {ergonomic}
    uintx ProfiledCodeHeapSize                     = 122912730                              {pd product} {ergonomic}
    uintx ReservedCodeCacheSize                    = 251658240                              {pd product} {ergonomic}
     bool SegmentedCodeCache                       = true                                      {product} {ergonomic}
     bool ShowCodeDetailsInExceptionMessages       = true                                   {manageable} {command line}
   size_t SoftMaxHeapSize                          = 2147483648                             {manageable} {ergonomic}
     bool UseCompressedClassPointers               = true                           {product lp64_product} {ergonomic}
     bool UseCompressedOops                        = true                           {product lp64_product} {ergonomic}
     bool UseG1GC                                  = true                                      {product} {ergonomic}
     bool UseNUMA                                  = false                                     {product} {ergonomic}
     bool UseNUMAInterleaving                      = false                                     {product} {ergonomic}

Logging:
Log output configuration:
 #0: stdout all=warning uptime,level,tags
 #1: stderr all=off uptime,level,tags

Environment Variables:
PATH=/usr/bin:/bin:/usr/sbin:/sbin
SHELL=/bin/bash
DISPLAY=/private/tmp/com.apple.launchd.W8MHPvpSO5/org.macosforge.xquartz:0

Signal Handlers:
   SIGSEGV: _ZL13crash_handleriP9__siginfoPv in libjvm.dylib, mask=11100110000111110111111111111111, flags=SA_RESTART|SA_SIGINFO
    SIGBUS: _ZL13crash_handleriP9__siginfoPv in libjvm.dylib, mask=11100110000111110111111111111111, flags=SA_RESTART|SA_SIGINFO
    SIGFPE: _ZL13crash_handleriP9__siginfoPv in libjvm.dylib, mask=11100110000111110111111111111111, flags=SA_RESTART|SA_SIGINFO
   SIGPIPE: _ZL17javaSignalHandleriP9__siginfoPv in libjvm.dylib, mask=11100110000111110111111111111111, flags=SA_RESTART|SA_SIGINFO
   SIGXFSZ: _ZL17javaSignalHandleriP9__siginfoPv in libjvm.dylib, mask=11100110000111110111111111111111, flags=SA_RESTART|SA_SIGINFO
    SIGILL: _ZL13crash_handleriP9__siginfoPv in libjvm.dylib, mask=11100110000111110111111111111111, flags=SA_RESTART|SA_SIGINFO
   SIGUSR2: _ZL10SR_handleriP9__siginfoP17__darwin_ucontext in libjvm.dylib, mask=00100000000000000000000000000000, flags=SA_RESTART|SA_SIGINFO
    SIGHUP: _ZL11UserHandleriPvS_ in libjvm.dylib, mask=11100110000111110111111111111111, flags=SA_RESTART|SA_SIGINFO
    SIGINT: _ZL11UserHandleriPvS_ in libjvm.dylib, mask=11100110000111110111111111111111, flags=SA_RESTART|SA_SIGINFO
   SIGTERM: _ZL11UserHandleriPvS_ in libjvm.dylib, mask=11100110000111110111111111111111, flags=SA_RESTART|SA_SIGINFO
   SIGQUIT: _ZL11UserHandleriPvS_ in libjvm.dylib, mask=11100110000111110111111111111111, flags=SA_RESTART|SA_SIGINFO
   SIGTRAP: _ZL13crash_handleriP9__siginfoPv in libjvm.dylib, mask=11100110000111110111111111111111, flags=SA_RESTART|SA_SIGINFO


---------------  S Y S T E M  ---------------

OS:
uname: Darwin 21.1.0 Darwin Kernel Version 21.1.0: Wed Oct 13 17:33:23 PDT 2021; root:xnu-8019.41.5~1/RELEASE_X86_64 x86_64
OS uptime: 7 days 16:24 hours
rlimit (soft/hard): STACK 8192k/65532k , CORE 0k/infinity , NPROC 1392/2088 , NOFILE 10240/infinity , AS infinity/infinity , CPU infinity/infinity , DATA infinity/infinity , FSIZE infinity/infinity , MEMLOCK infinity/infinity , RSS infinity/infinity
load average: 2.43 2.29 2.26

CPU: total 4 (initial active 4) (2 cores per cpu, 2 threads per core) family 6 model 61 stepping 4 microcode 0x2f, cx8, cmov, fxsr, ht, mmx, 3dnowpref, sse, sse2, sse3, ssse3, sse4.1, sse4.2, popcnt, lzcnt, tsc, tscinvbit, avx, avx2, aes, erms, clmul, bmi1, bmi2, adx, fma, vzeroupper, clflush

Memory: 4k page, physical 8388608k(69660k free), swap 2097152k(1245696k free)

vm_info: OpenJDK 64-Bit Server VM (17+35-2724) for bsd-amd64 JRE (17+35-2724), built on Aug  5 2021 22:31:25 by "mach5one" with clang Apple LLVM 12.0.0 (clang-1200.0.32.29)

END.
