#
# A fatal error has been detected by the Java Runtime Environment:
#
#  SIGSEGV (0xb) at pc=0x0000000109f275bd, pid=7325, tid=41223
#
# JRE version: OpenJDK Runtime Environment (17.0+35) (build 17+35-2724)
# Java VM: OpenJDK 64-Bit Server VM (17+35-2724, mixed mode, sharing, tiered, compressed oops, compressed class ptrs, g1 gc, bsd-amd64)
# Problematic frame:
# V  [libjvm.dylib+0x9a35bd]  _ZNK6Symbol11as_C_stringEv+0xd
#
# No core dump will be written. Core dumps have been disabled. To enable core dumping, try "ulimit -c unlimited" before starting Java again
#
# If you would like to submit a bug report, please visit:
#   https://bugreport.java.com/bugreport/crash.jsp
#

---------------  S U M M A R Y ------------

Command Line: -XX:+ShowCodeDetailsInExceptionMessages -agentlib:jdwp=transport=dt_socket,suspend=y,address=localhost:54492 -ea -javaagent:/Users/jt/eclipse/java-2021-09/Eclipse.app/Contents/Eclipse/configuration/org.eclipse.osgi/213/0/.cp/lib/javaagent-shaded.jar -Dfile.encoding=UTF-8 org.eclipse.jdt.internal.junit.runner.RemoteTestRunner -version 3 -port 54491 -testLoaderClass org.eclipse.jdt.internal.junit5.runner.JUnit5TestLoader -loaderpluginname org.eclipse.jdt.junit5.runtime -classNames telran.util.SetTests

Host: "MacBookPro12,1" x86_64 2700 MHz, 4 cores, 8G, Darwin 21.1.0, macOS 12.0.1 (21A559)
Time: Mon Nov 15 00:10:34 2021 IST elapsed time: 2952.318682 seconds (0d 0h 49m 12s)

---------------  T H R E A D  ---------------

Current thread (0x00007fb5cb01c800):  JavaThread "JDWP Transport Listener: dt_socket" daemon [_thread_in_vm, id=41223, stack(0x000070000a735000,0x000070000a835000)]

Stack: [0x000070000a735000,0x000070000a835000],  sp=0x000070000a834ab0,  free space=1022k
Native frames: (J=compiled Java code, j=interpreted, Vv=VM code, C=native code)
V  [libjvm.dylib+0x9a35bd]  _ZNK6Symbol11as_C_stringEv+0xd
V  [libjvm.dylib+0x6af64a]  _ZN8JvmtiEnv17GetClassSignatureEP7oopDescPPcS3_+0x14a
V  [libjvm.dylib+0x66e9fa]  _ZL23jvmti_GetClassSignatureP9_jvmtiEnvP7_jclassPPcS4_+0x15a
C  [libjdwp.dylib+0x2a70a]  classSignature+0x7a
C  [libjdwp.dylib+0x58f3]  signatureWithGeneric+0x53
C  [libjdwp.dylib+0x10963]  debugLoop_run+0x1f3
C  [libjdwp.dylib+0x24f46]  attachThread+0x76
V  [libjvm.dylib+0x6c8947]  _ZN16JvmtiAgentThread19call_start_functionEv+0x87
V  [libjvm.dylib+0x9f0c37]  _ZN10JavaThread17thread_main_innerEv+0x147
V  [libjvm.dylib+0x9ef04a]  _ZN6Thread8call_runEv+0x11a
V  [libjvm.dylib+0x8834d8]  _ZL19thread_native_entryP6Thread+0x148
C  [libsystem_pthread.dylib+0x6514]  _pthread_start+0x7d
C  [libsystem_pthread.dylib+0x202f]  thread_start+0xf


siginfo: si_signo: 11 (SIGSEGV), si_code: 1 (SEGV_MAPERR), si_addr: 0x00000000004c0005

Register to memory mapping:

RAX=0x0000000127d15858 is pointing into metadata
RBX=0x00000000004c0001 is an unknown value
RCX=0x000000000000004d is an unknown value
RDX=0x0000000000000005 is an unknown value
RSP=0x000070000a834ab0 is pointing into the stack for thread: 0x00007fb5cb01c800
RBP=0x000070000a834ad0 is pointing into the stack for thread: 0x00007fb5cb01c800
RSI=0x00007fb5ca70a2c0 points into unknown readable memory: 0x2f6e61726c65744c | 4c 74 65 6c 72 61 6e 2f
RDI=0x00000000004c0001 is an unknown value
R8 =0x00001b148050e6a0 is an unknown value
R9 =0x0000000000000023 is an unknown value
R10=0x0000600002562d68 points into unknown readable memory: 0x0000000000000000 | 00 00 00 00 00 00 00 00
R11=0x0000000000000076 is an unknown value
R12=0x00006000008777e0 points into unknown readable memory: 0x0000000000000002 | 02 00 00 00 00 00 00 00
R13=0x00007fb5ca70a668 points into unknown readable memory: 0x0000000000000000 | 00 00 00 00 00 00 00 00
R14=0x0000000800ccc218 is a pointer to class: 
telran.util.TreeSet$TreeSetIterator {0x0000000800ccc218}
 - instance size:     3
 - klass size:        76
 - access:            synchronized 
 - state:             fully_initialized
 - name:              'telran/util/TreeSet$TreeSetIterator'
 - super:             'java/lang/Object'
 - sub:               
 - arrays:            NULL
 - methods:           Array<T>(0x0000000127cbbcf8)
 - method ordering:   Array<T>(0x0000000127d04f20)
 - default_methods:   Array<T>(0x0000000127e28bb0)
 - default vtable indices:   Array<T>(0x0000000127e28bc8)
 - local interfaces:  Array<T>(0x0000000127e286c8)
 - trans. interfaces: Array<T>(0x0000000127e286c8)
 - constants:         constant pool [85] {0x0000000127d15858} for 'telran/util/TreeSet$TreeSetIterator' cache=0x0000000127d50d40
 - class loader data:  loader data: 0x000060000377c140 for instance a 'jdk/internal/loader/ClassLoaders$AppClassLoader'{0x0000000786623d70}
 - source file:       'TreeSet.java'
 - source debug extension:       SMAP
TreeSet.java
Java
*S jdt
*F
1 TreeSet.java
2 file:/Users/jt/eclipse-workspace-42/set-tree/bin/
*L
*E

 - class annotations:       Array<T>(0x0000000000000000)
 - class type annotations:  Array<T>(0x0000000000000000)
 - field annotations:       Array<T>(0x0000000000000000)
 - field type annotations:  Array<T>(0x0000000000000000)
 - previous version:  constant pool [76] {0x0000000127e283f0} for 'telran/util/TreeSet$TreeSetIterator' (extra) cache=0x0000000127e28bd8
 - generic signature: '
[error occurred during error reporting (printing register info), id 0xb, SIGSEGV (0xb) at pc=0x0000000109f28a12]

Registers:
RAX=0x0000000127d15858, RBX=0x00000000004c0001, RCX=0x000000000000004d, RDX=0x0000000000000005
RSP=0x000070000a834ab0, RBP=0x000070000a834ad0, RSI=0x00007fb5ca70a2c0, RDI=0x00000000004c0001
R8 =0x00001b148050e6a0, R9 =0x0000000000000023, R10=0x0000600002562d68, R11=0x0000000000000076
R12=0x00006000008777e0, R13=0x00007fb5ca70a668, R14=0x0000000800ccc218, R15=0x0000000000000000
RIP=0x0000000109f275bd, EFLAGS=0x0000000000010202, ERR=0x0000000000000004
  TRAPNO=0x000000000000000e

Top of Stack: (sp=0x000070000a834ab0)
0x000070000a834ab0:   0000000127d15858 000060000086e6a0
0x000070000a834ac0:   0000000800ccc218 0000000000000000
0x000070000a834ad0:   000070000a834b40 0000000109c3364a
0x000070000a834ae0:   00007fb5ca70a280 00007fb5ca70a290
0x000070000a834af0:   00000000000003d8 000070000a834bb8
0x000070000a834b00:   000070000a834c00 00007fb5ca705300
0x000070000a834b10:   00007fb5ca70a668 000070000a834bb8
0x000070000a834b20:   00007fb5ca705300 00007fb5cb01c800
0x000070000a834b30:   0000000787ce3650 0000000000000015
0x000070000a834b40:   000070000a834ba0 0000000109bf29fa
0x000070000a834b50:   00007fb5cb01c800 0000000000000000
0x000070000a834b60:   00007fb500000000 0000000000000000
0x000070000a834b70:   000070000a834c00 000070000a834c30
0x000070000a834b80:   000070000a834bf8 0000600000614080
0x000070000a834b90:   000070000a834c00 00007fb5cc00c4d0
0x000070000a834ba0:   000070000a834be0 00000001085e570a
0x000070000a834bb0:   000070000a834be0 000060000086e6a0
0x000070000a834bc0:   000070000a834c30 00000001085f0458
0x000070000a834bd0:   000070000a834c88 00007fb5cc00c4d0
0x000070000a834be0:   000070000a834c20 00000001085c08f3
0x000070000a834bf0:   00000000000091d6 0000000000000000
0x000070000a834c00:   0000000000000000 00000001085c08a0
0x000070000a834c10:   000070000a834c88 000070000a834c30
0x000070000a834c20:   000070000a834e40 00000001085cb963
0x000070000a834c30:   000060000042b368 0000000000000000
0x000070000a834c40:   000091d600000013 00000001090d0200
0x000070000a834c50:   000060000042b360 000060000063a400
0x000070000a834c60:   00000001085e8ddb 00000001085e8fa8
0x000070000a834c70:   000091d600000013 00000001090d0200
0x000070000a834c80:   000060000042b360 000070000a834cd8
0x000070000a834c90:   00007fb50000012c 000070000a834ca0
0x000070000a834ca0:   00007fb500000000 000070000a834cd8 

Instructions: (pc=0x0000000109f275bd)
0x0000000109f274bd:   88 4c 30 01 0f b6 4c 37 08 88 4c 30 02 0f b6 4c
0x0000000109f274cd:   37 09 88 4c 30 03 48 83 c6 04 49 39 f1 75 d4 e9
0x0000000109f274dd:   c4 00 00 00 44 89 ce 83 e6 e0 48 8d 4e e0 48 89
0x0000000109f274ed:   ca 48 c1 ea 05 48 ff c2 41 89 d2 41 83 e2 03 48
0x0000000109f274fd:   83 f9 60 73 04 31 d2 eb 63 4c 89 d1 48 29 d1 31
0x0000000109f2750d:   d2 66 90 0f 10 44 17 06 0f 10 4c 17 16 0f 11 04
0x0000000109f2751d:   10 0f 11 4c 10 10 0f 10 44 17 26 0f 10 4c 17 36
0x0000000109f2752d:   0f 11 44 10 20 0f 11 4c 10 30 0f 10 44 17 46 0f
0x0000000109f2753d:   10 4c 17 56 0f 11 44 10 40 0f 11 4c 10 50 0f 10
0x0000000109f2754d:   44 17 66 0f 10 4c 17 76 0f 11 44 10 60 0f 11 4c
0x0000000109f2755d:   10 70 48 83 ea 80 48 83 c1 04 75 a7 4d 85 d2 74
0x0000000109f2756d:   2e 49 f7 da 66 2e 0f 1f 84 00 00 00 00 00 0f 1f
0x0000000109f2757d:   44 00 00 0f 10 44 17 06 0f 10 4c 17 16 0f 11 04
0x0000000109f2758d:   10 0f 11 4c 10 10 48 83 c2 20 49 ff c2 75 e4 4c
0x0000000109f2759d:   39 ce 0f 85 d3 fe ff ff 49 63 c8 c6 04 08 00 5d
0x0000000109f275ad:   c3 66 90 55 48 89 e5 41 57 41 56 53 50 48 89 fb
0x0000000109f275bd:   44 0f b7 7f 04 49 8d 7f 01 45 31 f6 31 f6 e8 10
0x0000000109f275cd:   34 f6 ff 0f b7 4b 04 41 39 cf 41 0f 42 cf 85 c9
0x0000000109f275dd:   0f 8e 52 01 00 00 41 89 ce 83 f9 20 72 19 49 8d
0x0000000109f275ed:   4c 1e 06 48 39 c8 73 7c 48 89 c1 4c 01 f1 48 8d
0x0000000109f275fd:   53 06 48 39 ca 73 6d 31 c9 48 89 cf 48 f7 d7 4c
0x0000000109f2760d:   01 f7 4c 89 f6 48 83 e6 03 74 18 0f 1f 84 00 00
0x0000000109f2761d:   00 00 00 0f b6 54 0b 06 88 14 08 48 ff c1 48 ff
0x0000000109f2762d:   ce 75 f0 48 83 ff 03 0f 82 fb 00 00 00 66 0f 1f
0x0000000109f2763d:   44 00 00 0f b6 54 0b 06 88 14 08 0f b6 54 0b 07
0x0000000109f2764d:   88 54 08 01 0f b6 54 0b 08 88 54 08 02 0f b6 54
0x0000000109f2765d:   0b 09 88 54 08 03 48 83 c1 04 49 39 ce 75 d4 e9
0x0000000109f2766d:   c4 00 00 00 44 89 f1 83 e1 e0 48 8d 71 e0 48 89
0x0000000109f2767d:   f7 48 c1 ef 05 48 ff c7 89 fa 83 e2 03 48 83 fe
0x0000000109f2768d:   60 73 04 31 f6 eb 65 48 29 d7 31 f6 0f 1f 80 00
0x0000000109f2769d:   00 00 00 0f 10 44 33 06 0f 10 4c 33 16 0f 11 04
0x0000000109f276ad:   30 0f 11 4c 30 10 0f 10 44 33 26 0f 10 4c 33 36 


Stack slot to memory mapping:
stack at sp + 0 slots: 0x0000000127d15858 is pointing into metadata
stack at sp + 1 slots: 0x000060000086e6a0 points into unknown readable memory: 0x2f6e61726c65744c | 4c 74 65 6c 72 61 6e 2f
stack at sp + 2 slots: 0x0000000800ccc218 is a pointer to class: 
telran.util.TreeSet$TreeSetIterator {0x0000000800ccc218}
 - instance size:     3
 - klass size:        76
 - access:            synchronized 
 - state:             fully_initialized
 - name:              'telran/util/TreeSet$TreeSetIterator'
 - super:             'java/lang/Object'
 - sub:               
 - arrays:            NULL
 - methods:           Array<T>(0x0000000127cbbcf8)
 - method ordering:   Array<T>(0x0000000127d04f20)
 - default_methods:   Array<T>(0x0000000127e28bb0)
 - default vtable indices:   Array<T>(0x0000000127e28bc8)
 - local interfaces:  Array<T>(0x0000000127e286c8)
 - trans. interfaces: Array<T>(0x0000000127e286c8)
 - constants:         constant pool [85] {0x0000000127d15858} for 'telran/util/TreeSet$TreeSetIterator' cache=0x0000000127d50d40
 - class loader data:  loader data: 0x000060000377c140 for instance a 'jdk/internal/loader/ClassLoaders$AppClassLoader'{0x0000000786623d70}
 - source file:       'TreeSet.java'
 - source debug extension:       SMAP
TreeSet.java
Java
*S jdt
*F
1 TreeSet.java
2 file:/Users/jt/eclipse-workspace-42/set-tree/bin/
*L
*E

 - class annotations:       Array<T>(0x0000000000000000)
 - class type annotations:  Array<T>(0x0000000000000000)
 - field annotations:       Array<T>(0x0000000000000000)
 - field type annotations:  Array<T>(0x0000000000000000)
 - previous version:  constant pool [76] {0x0000000127e283f0} for 'telran/util/TreeSet$TreeSetIterator' (extra) cache=0x0000000127e28bd8
 - generic signature: '
[error occurred during error reporting (inspecting top of stack), id 0xb, SIGSEGV (0xb) at pc=0x0000000109f28a12]


---------------  P R O C E S S  ---------------

Threads class SMR info:
_java_thread_list=0x0000600000648520, length=15, elements={
0x00007fb5ca808a00, 0x00007fb5cb008c00, 0x00007fb5cc808200, 0x00007fb5cb8a1000,
0x00007fb5ca808200, 0x00007fb5cb022200, 0x00007fb5ca809600, 0x00007fb5cb8a1600,
0x00007fb5ca809c00, 0x00007fb5cb01c200, 0x00007fb5cb01c800, 0x00007fb5cb01ce00,
0x00007fb5cc80f400, 0x00007fb5cb01d400, 0x00007fb5cb8a5800
}

Java Threads: ( => current thread )
  0x00007fb5ca808a00 JavaThread "main" [_thread_blocked, id=6403, stack(0x00007000095ff000,0x00007000096ff000)]
  0x00007fb5cb008c00 JavaThread "Reference Handler" daemon [_thread_blocked, id=16387, stack(0x0000700009d14000,0x0000700009e14000)]
  0x00007fb5cc808200 JavaThread "Finalizer" daemon [_thread_blocked, id=16643, stack(0x0000700009e17000,0x0000700009f17000)]
  0x00007fb5cb8a1000 JavaThread "Signal Dispatcher" daemon [_thread_blocked, id=23043, stack(0x000070000a020000,0x000070000a120000)]
  0x00007fb5ca808200 JavaThread "Service Thread" daemon [_thread_blocked, id=42499, stack(0x000070000a123000,0x000070000a223000)]
  0x00007fb5cb022200 JavaThread "Monitor Deflation Thread" daemon [_thread_blocked, id=23811, stack(0x000070000a226000,0x000070000a326000)]
  0x00007fb5ca809600 JavaThread "C2 CompilerThread0" daemon [_thread_blocked, id=24067, stack(0x000070000a329000,0x000070000a429000)]
  0x00007fb5cb8a1600 JavaThread "C1 CompilerThread0" daemon [_thread_blocked, id=24323, stack(0x000070000a42c000,0x000070000a52c000)]
  0x00007fb5ca809c00 JavaThread "Sweeper thread" daemon [_thread_blocked, id=24579, stack(0x000070000a52f000,0x000070000a62f000)]
  0x00007fb5cb01c200 JavaThread "Common-Cleaner" daemon [_thread_blocked, id=41475, stack(0x000070000a632000,0x000070000a732000)]
=>0x00007fb5cb01c800 JavaThread "JDWP Transport Listener: dt_socket" daemon [_thread_in_vm, id=41223, stack(0x000070000a735000,0x000070000a835000)]
  0x00007fb5cb01ce00 JavaThread "JDWP Event Helper Thread" daemon [_thread_blocked, id=40963, stack(0x000070000a838000,0x000070000a938000)]
  0x00007fb5cc80f400 JavaThread "JDWP Command Reader" daemon [_thread_in_native, id=25603, stack(0x000070000a93b000,0x000070000aa3b000)]
  0x00007fb5cb01d400 JavaThread "Notification Thread" daemon [_thread_blocked, id=40451, stack(0x000070000aa3e000,0x000070000ab3e000)]
  0x00007fb5cb8a5800 JavaThread "ReaderThread" [_thread_in_native, id=38915, stack(0x000070000af4d000,0x000070000b04d000)]

Other Threads:
  0x00007fb5cc204590 VMThread "VM Thread" [stack: 0x0000700009c11000,0x0000700009d11000] [id=15619]
  0x00007fb5ca72a440 WatcherThread [stack: 0x000070000ab41000,0x000070000ac41000] [id=26371]
  0x00007fb5cc005580 GCTaskThread "GC Thread#0" [stack: 0x0000700009702000,0x0000700009802000] [id=20227]
  0x00007fb5cc30e310 GCTaskThread "GC Thread#1" [stack: 0x000070000ac44000,0x000070000ad44000] [id=26627]
  0x00007fb5ca72ee10 GCTaskThread "GC Thread#2" [stack: 0x000070000ad47000,0x000070000ae47000] [id=39683]
  0x00007fb5cc2136a0 GCTaskThread "GC Thread#3" [stack: 0x000070000ae4a000,0x000070000af4a000] [id=26883]
  0x00007fb5cc005c20 ConcurrentGCThread "G1 Main Marker" [stack: 0x0000700009805000,0x0000700009905000] [id=19715]
  0x00007fb5cc0064a0 ConcurrentGCThread "G1 Conc#0" [stack: 0x0000700009908000,0x0000700009a08000] [id=18947]
  0x00007fb5cc007d00 ConcurrentGCThread "G1 Refine#0" [stack: 0x0000700009a0b000,0x0000700009b0b000] [id=13571]
  0x00007fb5cc008590 ConcurrentGCThread "G1 Service" [stack: 0x0000700009b0e000,0x0000700009c0e000] [id=14083]

Threads with active compile tasks:

VM state: not at safepoint (normal execution)

VM Mutex/Monitor currently owned by a thread: None

Heap address: 0x0000000780000000, size: 2048 MB, Compressed Oops mode: Zero based, Oop shift amount: 3

CDS archive(s) mapped at: [0x0000000800000000-0x0000000800bd0000-0x0000000800bd0000), size 12386304, SharedBaseAddress: 0x0000000800000000, ArchiveRelocationMode: 0.
Compressed class space mapped at: 0x0000000800c00000-0x0000000840c00000, reserved size: 1073741824
Narrow klass base: 0x0000000800000000, Narrow klass shift: 0, Narrow klass range: 0x100000000

GC Precious Log:
 CPUs: 4 total, 4 available
 Memory: 8192M
 Large Page Support: Disabled
 NUMA Support: Disabled
 Compressed Oops: Enabled (Zero based)
 Heap Region Size: 1M
 Heap Min Capacity: 8M
 Heap Initial Capacity: 128M
 Heap Max Capacity: 2G
 Pre-touch: Disabled
 Parallel Workers: 4
 Concurrent Workers: 1
 Concurrent Refinement Workers: 4
 Periodic GC: Disabled

Heap:
 garbage-first heap   total 133120K, used 7835K [0x0000000780000000, 0x0000000800000000)
  region size 1024K, 8 young (8192K), 3 survivors (3072K)
 Metaspace       used 6828K, committed 6976K, reserved 1056768K
  class space    used 805K, committed 896K, reserved 1048576K

Heap Regions: E=young(eden), S=young(survivor), O=old, HS=humongous(starts), HC=humongous(continues), CS=collection set, F=free, OA=open archive, CA=closed archive, TAMS=top-at-mark-start (previous, next)
|   0|0x0000000780000000, 0x0000000780000000, 0x0000000780100000|  0%| F|  |TAMS 0x0000000780000000, 0x0000000780000000| Untracked 
|   1|0x0000000780100000, 0x0000000780100000, 0x0000000780200000|  0%| F|  |TAMS 0x0000000780100000, 0x0000000780100000| Untracked 
|   2|0x0000000780200000, 0x0000000780200000, 0x0000000780300000|  0%| F|  |TAMS 0x0000000780200000, 0x0000000780200000| Untracked 
|   3|0x0000000780300000, 0x0000000780300000, 0x0000000780400000|  0%| F|  |TAMS 0x0000000780300000, 0x0000000780300000| Untracked 
|   4|0x0000000780400000, 0x0000000780400000, 0x0000000780500000|  0%| F|  |TAMS 0x0000000780400000, 0x0000000780400000| Untracked 
|   5|0x0000000780500000, 0x0000000780500000, 0x0000000780600000|  0%| F|  |TAMS 0x0000000780500000, 0x0000000780500000| Untracked 
|   6|0x0000000780600000, 0x0000000780600000, 0x0000000780700000|  0%| F|  |TAMS 0x0000000780600000, 0x0000000780600000| Untracked 
|   7|0x0000000780700000, 0x0000000780700000, 0x0000000780800000|  0%| F|  |TAMS 0x0000000780700000, 0x0000000780700000| Untracked 
|   8|0x0000000780800000, 0x0000000780800000, 0x0000000780900000|  0%| F|  |TAMS 0x0000000780800000, 0x0000000780800000| Untracked 
|   9|0x0000000780900000, 0x0000000780900000, 0x0000000780a00000|  0%| F|  |TAMS 0x0000000780900000, 0x0000000780900000| Untracked 
|  10|0x0000000780a00000, 0x0000000780a00000, 0x0000000780b00000|  0%| F|  |TAMS 0x0000000780a00000, 0x0000000780a00000| Untracked 
|  11|0x0000000780b00000, 0x0000000780b00000, 0x0000000780c00000|  0%| F|  |TAMS 0x0000000780b00000, 0x0000000780b00000| Untracked 
|  12|0x0000000780c00000, 0x0000000780c00000, 0x0000000780d00000|  0%| F|  |TAMS 0x0000000780c00000, 0x0000000780c00000| Untracked 
|  13|0x0000000780d00000, 0x0000000780d00000, 0x0000000780e00000|  0%| F|  |TAMS 0x0000000780d00000, 0x0000000780d00000| Untracked 
|  14|0x0000000780e00000, 0x0000000780e00000, 0x0000000780f00000|  0%| F|  |TAMS 0x0000000780e00000, 0x0000000780e00000| Untracked 
|  15|0x0000000780f00000, 0x0000000780f00000, 0x0000000781000000|  0%| F|  |TAMS 0x0000000780f00000, 0x0000000780f00000| Untracked 
|  16|0x0000000781000000, 0x0000000781000000, 0x0000000781100000|  0%| F|  |TAMS 0x0000000781000000, 0x0000000781000000| Untracked 
|  17|0x0000000781100000, 0x0000000781100000, 0x0000000781200000|  0%| F|  |TAMS 0x0000000781100000, 0x0000000781100000| Untracked 
|  18|0x0000000781200000, 0x0000000781200000, 0x0000000781300000|  0%| F|  |TAMS 0x0000000781200000, 0x0000000781200000| Untracked 
|  19|0x0000000781300000, 0x0000000781300000, 0x0000000781400000|  0%| F|  |TAMS 0x0000000781300000, 0x0000000781300000| Untracked 
|  20|0x0000000781400000, 0x0000000781400000, 0x0000000781500000|  0%| F|  |TAMS 0x0000000781400000, 0x0000000781400000| Untracked 
|  21|0x0000000781500000, 0x0000000781500000, 0x0000000781600000|  0%| F|  |TAMS 0x0000000781500000, 0x0000000781500000| Untracked 
|  22|0x0000000781600000, 0x0000000781600000, 0x0000000781700000|  0%| F|  |TAMS 0x0000000781600000, 0x0000000781600000| Untracked 
|  23|0x0000000781700000, 0x0000000781700000, 0x0000000781800000|  0%| F|  |TAMS 0x0000000781700000, 0x0000000781700000| Untracked 
|  24|0x0000000781800000, 0x0000000781800000, 0x0000000781900000|  0%| F|  |TAMS 0x0000000781800000, 0x0000000781800000| Untracked 
|  25|0x0000000781900000, 0x0000000781900000, 0x0000000781a00000|  0%| F|  |TAMS 0x0000000781900000, 0x0000000781900000| Untracked 
|  26|0x0000000781a00000, 0x0000000781a00000, 0x0000000781b00000|  0%| F|  |TAMS 0x0000000781a00000, 0x0000000781a00000| Untracked 
|  27|0x0000000781b00000, 0x0000000781b00000, 0x0000000781c00000|  0%| F|  |TAMS 0x0000000781b00000, 0x0000000781b00000| Untracked 
|  28|0x0000000781c00000, 0x0000000781c00000, 0x0000000781d00000|  0%| F|  |TAMS 0x0000000781c00000, 0x0000000781c00000| Untracked 
|  29|0x0000000781d00000, 0x0000000781d00000, 0x0000000781e00000|  0%| F|  |TAMS 0x0000000781d00000, 0x0000000781d00000| Untracked 
|  30|0x0000000781e00000, 0x0000000781e00000, 0x0000000781f00000|  0%| F|  |TAMS 0x0000000781e00000, 0x0000000781e00000| Untracked 
|  31|0x0000000781f00000, 0x0000000781f00000, 0x0000000782000000|  0%| F|  |TAMS 0x0000000781f00000, 0x0000000781f00000| Untracked 
|  32|0x0000000782000000, 0x0000000782000000, 0x0000000782100000|  0%| F|  |TAMS 0x0000000782000000, 0x0000000782000000| Untracked 
|  33|0x0000000782100000, 0x0000000782100000, 0x0000000782200000|  0%| F|  |TAMS 0x0000000782100000, 0x0000000782100000| Untracked 
|  34|0x0000000782200000, 0x0000000782200000, 0x0000000782300000|  0%| F|  |TAMS 0x0000000782200000, 0x0000000782200000| Untracked 
|  35|0x0000000782300000, 0x0000000782300000, 0x0000000782400000|  0%| F|  |TAMS 0x0000000782300000, 0x0000000782300000| Untracked 
|  36|0x0000000782400000, 0x0000000782400000, 0x0000000782500000|  0%| F|  |TAMS 0x0000000782400000, 0x0000000782400000| Untracked 
|  37|0x0000000782500000, 0x0000000782500000, 0x0000000782600000|  0%| F|  |TAMS 0x0000000782500000, 0x0000000782500000| Untracked 
|  38|0x0000000782600000, 0x0000000782600000, 0x0000000782700000|  0%| F|  |TAMS 0x0000000782600000, 0x0000000782600000| Untracked 
|  39|0x0000000782700000, 0x0000000782700000, 0x0000000782800000|  0%| F|  |TAMS 0x0000000782700000, 0x0000000782700000| Untracked 
|  40|0x0000000782800000, 0x0000000782800000, 0x0000000782900000|  0%| F|  |TAMS 0x0000000782800000, 0x0000000782800000| Untracked 
|  41|0x0000000782900000, 0x0000000782900000, 0x0000000782a00000|  0%| F|  |TAMS 0x0000000782900000, 0x0000000782900000| Untracked 
|  42|0x0000000782a00000, 0x0000000782a00000, 0x0000000782b00000|  0%| F|  |TAMS 0x0000000782a00000, 0x0000000782a00000| Untracked 
|  43|0x0000000782b00000, 0x0000000782b00000, 0x0000000782c00000|  0%| F|  |TAMS 0x0000000782b00000, 0x0000000782b00000| Untracked 
|  44|0x0000000782c00000, 0x0000000782c00000, 0x0000000782d00000|  0%| F|  |TAMS 0x0000000782c00000, 0x0000000782c00000| Untracked 
|  45|0x0000000782d00000, 0x0000000782d00000, 0x0000000782e00000|  0%| F|  |TAMS 0x0000000782d00000, 0x0000000782d00000| Untracked 
|  46|0x0000000782e00000, 0x0000000782e00000, 0x0000000782f00000|  0%| F|  |TAMS 0x0000000782e00000, 0x0000000782e00000| Untracked 
|  47|0x0000000782f00000, 0x0000000782f00000, 0x0000000783000000|  0%| F|  |TAMS 0x0000000782f00000, 0x0000000782f00000| Untracked 
|  48|0x0000000783000000, 0x0000000783000000, 0x0000000783100000|  0%| F|  |TAMS 0x0000000783000000, 0x0000000783000000| Untracked 
|  49|0x0000000783100000, 0x0000000783100000, 0x0000000783200000|  0%| F|  |TAMS 0x0000000783100000, 0x0000000783100000| Untracked 
|  50|0x0000000783200000, 0x0000000783200000, 0x0000000783300000|  0%| F|  |TAMS 0x0000000783200000, 0x0000000783200000| Untracked 
|  51|0x0000000783300000, 0x0000000783300000, 0x0000000783400000|  0%| F|  |TAMS 0x0000000783300000, 0x0000000783300000| Untracked 
|  52|0x0000000783400000, 0x0000000783400000, 0x0000000783500000|  0%| F|  |TAMS 0x0000000783400000, 0x0000000783400000| Untracked 
|  53|0x0000000783500000, 0x0000000783500000, 0x0000000783600000|  0%| F|  |TAMS 0x0000000783500000, 0x0000000783500000| Untracked 
|  54|0x0000000783600000, 0x0000000783600000, 0x0000000783700000|  0%| F|  |TAMS 0x0000000783600000, 0x0000000783600000| Untracked 
|  55|0x0000000783700000, 0x0000000783700000, 0x0000000783800000|  0%| F|  |TAMS 0x0000000783700000, 0x0000000783700000| Untracked 
|  56|0x0000000783800000, 0x0000000783800000, 0x0000000783900000|  0%| F|  |TAMS 0x0000000783800000, 0x0000000783800000| Untracked 
|  57|0x0000000783900000, 0x0000000783900000, 0x0000000783a00000|  0%| F|  |TAMS 0x0000000783900000, 0x0000000783900000| Untracked 
|  58|0x0000000783a00000, 0x0000000783a00000, 0x0000000783b00000|  0%| F|  |TAMS 0x0000000783a00000, 0x0000000783a00000| Untracked 
|  59|0x0000000783b00000, 0x0000000783b00000, 0x0000000783c00000|  0%| F|  |TAMS 0x0000000783b00000, 0x0000000783b00000| Untracked 
|  60|0x0000000783c00000, 0x0000000783c00000, 0x0000000783d00000|  0%| F|  |TAMS 0x0000000783c00000, 0x0000000783c00000| Untracked 
|  61|0x0000000783d00000, 0x0000000783d00000, 0x0000000783e00000|  0%| F|  |TAMS 0x0000000783d00000, 0x0000000783d00000| Untracked 
|  62|0x0000000783e00000, 0x0000000783e00000, 0x0000000783f00000|  0%| F|  |TAMS 0x0000000783e00000, 0x0000000783e00000| Untracked 
|  63|0x0000000783f00000, 0x0000000783f00000, 0x0000000784000000|  0%| F|  |TAMS 0x0000000783f00000, 0x0000000783f00000| Untracked 
|  64|0x0000000784000000, 0x0000000784000000, 0x0000000784100000|  0%| F|  |TAMS 0x0000000784000000, 0x0000000784000000| Untracked 
|  65|0x0000000784100000, 0x0000000784100000, 0x0000000784200000|  0%| F|  |TAMS 0x0000000784100000, 0x0000000784100000| Untracked 
|  66|0x0000000784200000, 0x0000000784200000, 0x0000000784300000|  0%| F|  |TAMS 0x0000000784200000, 0x0000000784200000| Untracked 
|  67|0x0000000784300000, 0x0000000784300000, 0x0000000784400000|  0%| F|  |TAMS 0x0000000784300000, 0x0000000784300000| Untracked 
|  68|0x0000000784400000, 0x0000000784400000, 0x0000000784500000|  0%| F|  |TAMS 0x0000000784400000, 0x0000000784400000| Untracked 
|  69|0x0000000784500000, 0x0000000784500000, 0x0000000784600000|  0%| F|  |TAMS 0x0000000784500000, 0x0000000784500000| Untracked 
|  70|0x0000000784600000, 0x0000000784600000, 0x0000000784700000|  0%| F|  |TAMS 0x0000000784600000, 0x0000000784600000| Untracked 
|  71|0x0000000784700000, 0x0000000784700000, 0x0000000784800000|  0%| F|  |TAMS 0x0000000784700000, 0x0000000784700000| Untracked 
|  72|0x0000000784800000, 0x0000000784800000, 0x0000000784900000|  0%| F|  |TAMS 0x0000000784800000, 0x0000000784800000| Untracked 
|  73|0x0000000784900000, 0x0000000784900000, 0x0000000784a00000|  0%| F|  |TAMS 0x0000000784900000, 0x0000000784900000| Untracked 
|  74|0x0000000784a00000, 0x0000000784a00000, 0x0000000784b00000|  0%| F|  |TAMS 0x0000000784a00000, 0x0000000784a00000| Untracked 
|  75|0x0000000784b00000, 0x0000000784b00000, 0x0000000784c00000|  0%| F|  |TAMS 0x0000000784b00000, 0x0000000784b00000| Untracked 
|  76|0x0000000784c00000, 0x0000000784c00000, 0x0000000784d00000|  0%| F|  |TAMS 0x0000000784c00000, 0x0000000784c00000| Untracked 
|  77|0x0000000784d00000, 0x0000000784d00000, 0x0000000784e00000|  0%| F|  |TAMS 0x0000000784d00000, 0x0000000784d00000| Untracked 
|  78|0x0000000784e00000, 0x0000000784e00000, 0x0000000784f00000|  0%| F|  |TAMS 0x0000000784e00000, 0x0000000784e00000| Untracked 
|  79|0x0000000784f00000, 0x0000000784f00000, 0x0000000785000000|  0%| F|  |TAMS 0x0000000784f00000, 0x0000000784f00000| Untracked 
|  80|0x0000000785000000, 0x0000000785000000, 0x0000000785100000|  0%| F|  |TAMS 0x0000000785000000, 0x0000000785000000| Untracked 
|  81|0x0000000785100000, 0x0000000785100000, 0x0000000785200000|  0%| F|  |TAMS 0x0000000785100000, 0x0000000785100000| Untracked 
|  82|0x0000000785200000, 0x0000000785200000, 0x0000000785300000|  0%| F|  |TAMS 0x0000000785200000, 0x0000000785200000| Untracked 
|  83|0x0000000785300000, 0x0000000785300000, 0x0000000785400000|  0%| F|  |TAMS 0x0000000785300000, 0x0000000785300000| Untracked 
|  84|0x0000000785400000, 0x0000000785400000, 0x0000000785500000|  0%| F|  |TAMS 0x0000000785400000, 0x0000000785400000| Untracked 
|  85|0x0000000785500000, 0x0000000785500000, 0x0000000785600000|  0%| F|  |TAMS 0x0000000785500000, 0x0000000785500000| Untracked 
|  86|0x0000000785600000, 0x0000000785600000, 0x0000000785700000|  0%| F|  |TAMS 0x0000000785600000, 0x0000000785600000| Untracked 
|  87|0x0000000785700000, 0x0000000785700000, 0x0000000785800000|  0%| F|  |TAMS 0x0000000785700000, 0x0000000785700000| Untracked 
|  88|0x0000000785800000, 0x0000000785800000, 0x0000000785900000|  0%| F|  |TAMS 0x0000000785800000, 0x0000000785800000| Untracked 
|  89|0x0000000785900000, 0x0000000785900000, 0x0000000785a00000|  0%| F|  |TAMS 0x0000000785900000, 0x0000000785900000| Untracked 
|  90|0x0000000785a00000, 0x0000000785a00000, 0x0000000785b00000|  0%| F|  |TAMS 0x0000000785a00000, 0x0000000785a00000| Untracked 
|  91|0x0000000785b00000, 0x0000000785b00000, 0x0000000785c00000|  0%| F|  |TAMS 0x0000000785b00000, 0x0000000785b00000| Untracked 
|  92|0x0000000785c00000, 0x0000000785c00000, 0x0000000785d00000|  0%| F|  |TAMS 0x0000000785c00000, 0x0000000785c00000| Untracked 
|  93|0x0000000785d00000, 0x0000000785d00000, 0x0000000785e00000|  0%| F|  |TAMS 0x0000000785d00000, 0x0000000785d00000| Untracked 
|  94|0x0000000785e00000, 0x0000000785e00000, 0x0000000785f00000|  0%| F|  |TAMS 0x0000000785e00000, 0x0000000785e00000| Untracked 
|  95|0x0000000785f00000, 0x0000000785f00000, 0x0000000786000000|  0%| F|  |TAMS 0x0000000785f00000, 0x0000000785f00000| Untracked 
|  96|0x0000000786000000, 0x0000000786000000, 0x0000000786100000|  0%| F|  |TAMS 0x0000000786000000, 0x0000000786000000| Untracked 
|  97|0x0000000786100000, 0x0000000786100000, 0x0000000786200000|  0%| F|  |TAMS 0x0000000786100000, 0x0000000786100000| Untracked 
|  98|0x0000000786200000, 0x0000000786200000, 0x0000000786300000|  0%| F|  |TAMS 0x0000000786200000, 0x0000000786200000| Untracked 
|  99|0x0000000786300000, 0x0000000786300000, 0x0000000786400000|  0%| F|  |TAMS 0x0000000786300000, 0x0000000786300000| Untracked 
| 100|0x0000000786400000, 0x00000007864b2f70, 0x0000000786500000| 69%| S|CS|TAMS 0x0000000786400000, 0x0000000786400000| Complete 
| 101|0x0000000786500000, 0x0000000786600000, 0x0000000786600000|100%| S|CS|TAMS 0x0000000786500000, 0x0000000786500000| Complete 
| 102|0x0000000786600000, 0x0000000786700000, 0x0000000786700000|100%| S|CS|TAMS 0x0000000786600000, 0x0000000786600000| Complete 
| 103|0x0000000786700000, 0x0000000786700000, 0x0000000786800000|  0%| F|  |TAMS 0x0000000786700000, 0x0000000786700000| Untracked 
| 104|0x0000000786800000, 0x0000000786800000, 0x0000000786900000|  0%| F|  |TAMS 0x0000000786800000, 0x0000000786800000| Untracked 
| 105|0x0000000786900000, 0x0000000786900000, 0x0000000786a00000|  0%| F|  |TAMS 0x0000000786900000, 0x0000000786900000| Untracked 
| 106|0x0000000786a00000, 0x0000000786a00000, 0x0000000786b00000|  0%| F|  |TAMS 0x0000000786a00000, 0x0000000786a00000| Untracked 
| 107|0x0000000786b00000, 0x0000000786b00000, 0x0000000786c00000|  0%| F|  |TAMS 0x0000000786b00000, 0x0000000786b00000| Untracked 
| 108|0x0000000786c00000, 0x0000000786c00000, 0x0000000786d00000|  0%| F|  |TAMS 0x0000000786c00000, 0x0000000786c00000| Untracked 
| 109|0x0000000786d00000, 0x0000000786d00000, 0x0000000786e00000|  0%| F|  |TAMS 0x0000000786d00000, 0x0000000786d00000| Untracked 
| 110|0x0000000786e00000, 0x0000000786e00000, 0x0000000786f00000|  0%| F|  |TAMS 0x0000000786e00000, 0x0000000786e00000| Untracked 
| 111|0x0000000786f00000, 0x0000000786f00000, 0x0000000787000000|  0%| F|  |TAMS 0x0000000786f00000, 0x0000000786f00000| Untracked 
| 112|0x0000000787000000, 0x0000000787000000, 0x0000000787100000|  0%| F|  |TAMS 0x0000000787000000, 0x0000000787000000| Untracked 
| 113|0x0000000787100000, 0x0000000787100000, 0x0000000787200000|  0%| F|  |TAMS 0x0000000787100000, 0x0000000787100000| Untracked 
| 114|0x0000000787200000, 0x0000000787200000, 0x0000000787300000|  0%| F|  |TAMS 0x0000000787200000, 0x0000000787200000| Untracked 
| 115|0x0000000787300000, 0x0000000787300000, 0x0000000787400000|  0%| F|  |TAMS 0x0000000787300000, 0x0000000787300000| Untracked 
| 116|0x0000000787400000, 0x0000000787400000, 0x0000000787500000|  0%| F|  |TAMS 0x0000000787400000, 0x0000000787400000| Untracked 
| 117|0x0000000787500000, 0x0000000787500000, 0x0000000787600000|  0%| F|  |TAMS 0x0000000787500000, 0x0000000787500000| Untracked 
| 118|0x0000000787600000, 0x0000000787600000, 0x0000000787700000|  0%| F|  |TAMS 0x0000000787600000, 0x0000000787600000| Untracked 
| 119|0x0000000787700000, 0x0000000787700000, 0x0000000787800000|  0%| F|  |TAMS 0x0000000787700000, 0x0000000787700000| Untracked 
| 120|0x0000000787800000, 0x0000000787800000, 0x0000000787900000|  0%| F|  |TAMS 0x0000000787800000, 0x0000000787800000| Untracked 
| 121|0x0000000787900000, 0x0000000787900000, 0x0000000787a00000|  0%| F|  |TAMS 0x0000000787900000, 0x0000000787900000| Untracked 
| 122|0x0000000787a00000, 0x0000000787a00000, 0x0000000787b00000|  0%| F|  |TAMS 0x0000000787a00000, 0x0000000787a00000| Untracked 
| 123|0x0000000787b00000, 0x0000000787c00000, 0x0000000787c00000|100%| E|  |TAMS 0x0000000787b00000, 0x0000000787b00000| Complete 
| 124|0x0000000787c00000, 0x0000000787d00000, 0x0000000787d00000|100%| E|CS|TAMS 0x0000000787c00000, 0x0000000787c00000| Complete 
| 125|0x0000000787d00000, 0x0000000787e00000, 0x0000000787e00000|100%| E|CS|TAMS 0x0000000787d00000, 0x0000000787d00000| Complete 
| 126|0x0000000787e00000, 0x0000000787f00000, 0x0000000787f00000|100%| E|CS|TAMS 0x0000000787e00000, 0x0000000787e00000| Complete 
| 127|0x0000000787f00000, 0x0000000788000000, 0x0000000788000000|100%| E|CS|TAMS 0x0000000787f00000, 0x0000000787f00000| Complete 
|2046|0x00000007ffe00000, 0x00000007ffe75000, 0x00000007fff00000| 45%|OA|  |TAMS 0x00000007ffe00000, 0x00000007ffe00000| Untracked 
|2047|0x00000007fff00000, 0x00000007fff7f000, 0x0000000800000000| 49%|CA|  |TAMS 0x00000007fff00000, 0x00000007fff00000| Untracked 

Card table byte_map: [0x0000000108c45000,0x0000000109045000] _byte_map_base: 0x0000000105045000

Marking Bits (Prev, Next): (CMBitMap*) 0x00007fb5cb824e10, (CMBitMap*) 0x00007fb5cb824e50
 Prev Bits: [0x000000010a5f4000, 0x000000010c5f4000)
 Next Bits: [0x000000010c5f4000, 0x000000010e5f4000)

Polling page: 0x000000010851f000

Metaspace:

Usage:
  Non-class:      5.88 MB used.
      Class:    805.02 KB used.
       Both:      6.67 MB used.

Virtual space:
  Non-class space:        8.00 MB reserved,       5.94 MB ( 74%) committed,  1 nodes.
      Class space:        1.00 GB reserved,     896.00 KB ( <1%) committed,  1 nodes.
             Both:        1.01 GB reserved,       6.81 MB ( <1%) committed. 

Chunk freelists:
   Non-Class:  1.83 MB
       Class:  3.06 MB
        Both:  4.89 MB

MaxMetaspaceSize: unlimited
CompressedClassSpaceSize: 1.00 GB
Initial GC threshold: 21.00 MB
Current GC threshold: 21.00 MB
CDS: on
MetaspaceReclaimPolicy: balanced
 - commit_granule_bytes: 65536.
 - commit_granule_words: 8192.
 - virtual_space_node_default_size: 1048576.
 - enlarge_chunks_in_place: 1.
 - new_chunks_are_fully_committed: 0.
 - uncommit_free_chunks: 1.
 - use_allocation_guard: 0.
 - handle_deallocations: 1.


Internal statistics:

num_allocs_failed_limit: 0.
num_arena_births: 84.
num_arena_deaths: 0.
num_vsnodes_births: 2.
num_vsnodes_deaths: 0.
num_space_committed: 109.
num_space_uncommitted: 0.
num_chunks_returned_to_freelist: 0.
num_chunks_taken_from_freelist: 285.
num_chunk_merges: 0.
num_chunk_splits: 142.
num_chunks_enlarged: 77.
num_purges: 0.
num_inconsistent_stats: 0.

CodeHeap 'non-profiled nmethods': size=120032Kb used=482Kb max_used=482Kb free=119549Kb
 bounds [0x00000001202b9000, 0x0000000120529000, 0x00000001277f1000]
CodeHeap 'profiled nmethods': size=120028Kb used=2999Kb max_used=2999Kb free=117028Kb
 bounds [0x0000000118d82000, 0x0000000119072000, 0x00000001202b9000]
CodeHeap 'non-nmethods': size=5700Kb used=1207Kb max_used=1228Kb free=4492Kb
 bounds [0x00000001187f1000, 0x0000000118a61000, 0x0000000118d82000]
 total_blobs=1865 nmethods=1419 adapters=360
 compilation: enabled
              stopped_count=0, restarted_count=0
 full_count=0

Compilation events (20 events):
Event: 1532.461 Thread 0x00007fb5cb8a1600 1419       3       org.eclipse.jdt.launching.internal.org.objectweb.asm.ClassWriter::visit (160 bytes)
Event: 1532.472 Thread 0x00007fb5cb8a1600 

Event: 1532.472 Thread 0x00007fb5cb8a1600 1418       3       org.eclipse.jdt.launching.internal.org.objectweb.asm.ClassVisitor::visit (50 bytes)
Event: 1532.472 Thread 0x00007fb5cb8a1600 nmethod 1418 0x000000011906c090 code [0x000000011906c260, 0x000000011906c630]
Event: 1532.472 Thread 0x00007fb5cb8a1600 1420       3       org.eclipse.jdt.launching.internal.org.objectweb.asm.SymbolTable::setMajorVersionAndClassName (19 bytes)
Event: 1532.473 Thread 0x00007fb5cb8a1600 nmethod 1420 0x000000011906c790 code [0x000000011906c940, 0x000000011906cb60]
Event: 1532.473 Thread 0x00007fb5cb8a1600 1421       3       org.eclipse.jdt.launching.internal.weaving.ClassfileTransformer$1::visitSource (125 bytes)
Event: 1532.474 Thread 0x00007fb5cb8a1600 nmethod 1421 0x000000011906cc90 code [0x000000011906cfe0, 0x000000011906de70]
Event: 1532.474 Thread 0x00007fb5cb8a1600 1422       3       org.eclipse.jdt.launching.internal.org.objectweb.asm.ClassVisitor::visitSource (17 bytes)
Event: 1532.474 Thread 0x00007fb5cb8a1600 nmethod 1422 0x000000011906e490 code [0x000000011906e640, 0x000000011906e860]
Event: 1532.474 Thread 0x00007fb5cb8a1600 1423       3       org.eclipse.jdt.launching.internal.org.objectweb.asm.ClassWriter::visitSource (39 bytes)
Event: 1532.475 Thread 0x00007fb5cb8a1600 nmethod 1423 0x000000011906e990 code [0x000000011906eb60, 0x000000011906f010]
Event: 1650.027 Thread 0x00007fb5ca809600 1424       4       org.eclipse.jdt.launching.internal.org.objectweb.asm.SymbolTable::addConstantMemberReference (29 bytes)
Event: 1650.165 Thread 0x00007fb5ca809600 

Event: 2127.858 Thread 0x00007fb5cb8a1600 1425       3       org.eclipse.jdt.launching.internal.org.objectweb.asm.ByteVector::putByte (39 bytes)
Event: 2127.882 Thread 0x00007fb5cb8a1600 

Event: 2127.882 Thread 0x00007fb5cb8a1600 1426       3       org.eclipse.jdt.launching.internal.org.objectweb.asm.SymbolTable::put (150 bytes)
Event: 2127.883 Thread 0x00007fb5cb8a1600 nmethod 1426 0x000000011906f190 code [0x000000011906f380, 0x000000011906fc70]
Event: 2919.671 Thread 0x00007fb5ca809600 1427       4       java.lang.String::hashCode (60 bytes)
Event: 2919.677 Thread 0x00007fb5ca809600 nmethod 1427 0x0000000120331490 code [0x0000000120331620, 0x00000001203318c8]

GC Heap History (4 events):
Event: 0.891 GC heap before
{Heap before GC invocations=0 (full 0):
 garbage-first heap   total 133120K, used 14288K [0x0000000780000000, 0x0000000800000000)
  region size 1024K, 13 young (13312K), 0 survivors (0K)
 Metaspace       used 3595K, committed 3840K, reserved 1056768K
  class space    used 329K, committed 448K, reserved 1048576K
}
Event: 0.894 GC heap after
{Heap after GC invocations=1 (full 0):
 garbage-first heap   total 133120K, used 2682K [0x0000000780000000, 0x0000000800000000)
  region size 1024K, 2 young (2048K), 2 survivors (2048K)
 Metaspace       used 3595K, committed 3840K, reserved 1056768K
  class space    used 329K, committed 448K, reserved 1048576K
}
Event: 1.648 GC heap before
{Heap before GC invocations=1 (full 0):
 garbage-first heap   total 133120K, used 26234K [0x0000000780000000, 0x0000000800000000)
  region size 1024K, 25 young (25600K), 2 survivors (2048K)
 Metaspace       used 6319K, committed 6464K, reserved 1056768K
  class space    used 724K, committed 768K, reserved 1048576K
}
Event: 1.655 GC heap after
{Heap after GC invocations=2 (full 0):
 garbage-first heap   total 133120K, used 3739K [0x0000000780000000, 0x0000000800000000)
  region size 1024K, 3 young (3072K), 3 survivors (3072K)
 Metaspace       used 6319K, committed 6464K, reserved 1056768K
  class space    used 724K, committed 768K, reserved 1048576K
}

Deoptimization events (20 events):
Event: 1.725 Thread 0x00007fb5ca808a00 DEOPT PACKING pc=0x00000001202e9dd8 sp=0x00007000096f9cd0
Event: 1.725 Thread 0x00007fb5ca808a00 DEOPT UNPACKING pc=0x0000000118843099 sp=0x00007000096f9cb8 mode 2
Event: 1.725 Thread 0x00007fb5ca808a00 Uncommon trap: trap_request=0xffffff45 fr.pc=0x00000001202e8c14 relative=0x0000000000000474
Event: 1.725 Thread 0x00007fb5ca808a00 Uncommon trap: reason=unstable_if action=reinterpret pc=0x00000001202e8c14 method=java.lang.StringUTF16.compress([CI[BII)I @ 20 c2
Event: 1.725 Thread 0x00007fb5ca808a00 DEOPT PACKING pc=0x00000001202e8c14 sp=0x00007000096f9af0
Event: 1.725 Thread 0x00007fb5ca808a00 DEOPT UNPACKING pc=0x0000000118843099 sp=0x00007000096f9a90 mode 2
Event: 1.725 Thread 0x00007fb5ca808a00 Uncommon trap: trap_request=0xffffff45 fr.pc=0x00000001202e7c58 relative=0x0000000000000238
Event: 1.725 Thread 0x00007fb5ca808a00 Uncommon trap: reason=unstable_if action=reinterpret pc=0x00000001202e7c58 method=java.lang.String.isLatin1()Z @ 10 c2
Event: 1.725 Thread 0x00007fb5ca808a00 DEOPT PACKING pc=0x00000001202e7c58 sp=0x00007000096f9d10
Event: 1.725 Thread 0x00007fb5ca808a00 DEOPT UNPACKING pc=0x0000000118843099 sp=0x00007000096f9c60 mode 2
Event: 1.725 Thread 0x00007fb5ca808a00 Uncommon trap: trap_request=0xffffff45 fr.pc=0x00000001202cbc80 relative=0x0000000000000060
Event: 1.725 Thread 0x00007fb5ca808a00 Uncommon trap: reason=unstable_if action=reinterpret pc=0x00000001202cbc80 method=java.lang.String.isLatin1()Z @ 10 c2
Event: 1.725 Thread 0x00007fb5ca808a00 DEOPT PACKING pc=0x00000001202cbc80 sp=0x00007000096f9c90
Event: 1.725 Thread 0x00007fb5ca808a00 DEOPT UNPACKING pc=0x0000000118843099 sp=0x00007000096f9c50 mode 2
Event: 1.727 Thread 0x00007fb5ca808a00 Uncommon trap: trap_request=0xffffff45 fr.pc=0x00000001202cd4e8 relative=0x0000000000000048
Event: 1.727 Thread 0x00007fb5ca808a00 Uncommon trap: reason=unstable_if action=reinterpret pc=0x00000001202cd4e8 method=java.lang.CharacterData.of(I)Ljava/lang/CharacterData; @ 4 c2
Event: 1.727 Thread 0x00007fb5ca808a00 DEOPT PACKING pc=0x00000001202cd4e8 sp=0x00007000096fb2b0
Event: 1.727 Thread 0x00007fb5ca808a00 DEOPT UNPACKING pc=0x0000000118843099 sp=0x00007000096fb270 mode 2
Event: 1.750 Thread 0x00007fb5ca808a00 DEOPT PACKING pc=0x0000000118ef2b5f sp=0x00007000096fada0
Event: 1.750 Thread 0x00007fb5ca808a00 DEOPT UNPACKING pc=0x000000011884382f sp=0x00007000096fa308 mode 0

Classes unloaded (0 events):
No events

Classes redefined (20 events):
Event: 2155.732 Thread 0x00007fb5cc204590 redefined class name=telran.util.TreeSet$Node, count=13
Event: 2155.732 Thread 0x00007fb5cc204590 redefined class name=telran.util.TreeSet$TreeSetIterator, count=13
Event: 2169.205 Thread 0x00007fb5cc204590 redefined class name=telran.util.TreeSet, count=14
Event: 2169.205 Thread 0x00007fb5cc204590 redefined class name=telran.util.TreeSet$Node, count=14
Event: 2169.205 Thread 0x00007fb5cc204590 redefined class name=telran.util.TreeSet$TreeSetIterator, count=14
Event: 2402.931 Thread 0x00007fb5cc204590 redefined class name=telran.util.TreeSet, count=15
Event: 2402.931 Thread 0x00007fb5cc204590 redefined class name=telran.util.TreeSet$Node, count=15
Event: 2402.931 Thread 0x00007fb5cc204590 redefined class name=telran.util.TreeSet$TreeSetIterator, count=15
Event: 2744.241 Thread 0x00007fb5cc204590 redefined class name=telran.util.TreeSet, count=16
Event: 2744.241 Thread 0x00007fb5cc204590 redefined class name=telran.util.TreeSet$Node, count=16
Event: 2744.241 Thread 0x00007fb5cc204590 redefined class name=telran.util.TreeSet$TreeSetIterator, count=16
Event: 2919.681 Thread 0x00007fb5cc204590 redefined class name=telran.util.TreeSet, count=17
Event: 2919.681 Thread 0x00007fb5cc204590 redefined class name=telran.util.TreeSet$Node, count=17
Event: 2919.681 Thread 0x00007fb5cc204590 redefined class name=telran.util.TreeSet$TreeSetIterator, count=17
Event: 2931.522 Thread 0x00007fb5cc204590 redefined class name=telran.util.TreeSet, count=18
Event: 2931.522 Thread 0x00007fb5cc204590 redefined class name=telran.util.TreeSet$Node, count=18
Event: 2931.522 Thread 0x00007fb5cc204590 redefined class name=telran.util.TreeSet$TreeSetIterator, count=18
Event: 2946.615 Thread 0x00007fb5cc204590 redefined class name=telran.util.TreeSet, count=19
Event: 2946.615 Thread 0x00007fb5cc204590 redefined class name=telran.util.TreeSet$Node, count=19
Event: 2946.615 Thread 0x00007fb5cc204590 redefined class name=telran.util.TreeSet$TreeSetIterator, count=19

Internal exceptions (20 events):
Event: 1.261 Thread 0x00007fb5ca808a00 Exception <a 'java/lang/NoSuchMethodError'{0x00000007875c5d98}: 'java.lang.Object java.lang.invoke.DirectMethodHandle$Holder.invokeSpecialIFC(java.lang.Object, java.lang.Object, java.lang.Object, java.lang.Object)'> (0x00000007875c5d98) 
thrown [open/src/hotspot/share/interpreter/linkResolver.cpp, line 766]
Event: 1.301 Thread 0x00007fb5ca808a00 Exception <a 'java/lang/NoSuchMethodError'{0x0000000787487d50}: 'void java.lang.invoke.DirectMethodHandle$Holder.invokeInterface(java.lang.Object, java.lang.Object, java.lang.Object)'> (0x0000000787487d50) 
thrown [open/src/hotspot/share/interpreter/linkResolver.cpp, line 766]
Event: 1.331 Thread 0x00007fb5ca808a00 Exception <a 'java/lang/NoSuchMethodError'{0x000000078731f020}: 'java.lang.Object java.lang.invoke.DirectMethodHandle$Holder.newInvokeSpecial(java.lang.Object, java.lang.Object, java.lang.Object, java.lang.Object, java.lang.Object, java.lang.Object)'> (0x000000078731f020) 
thrown [open/src/hotspot/share/interpreter/linkResolver.cpp, line 766]
Event: 1.341 Thread 0x00007fb5ca808a00 Exception <a 'java/lang/NoSuchMethodError'{0x00000007873c6bc8}: 'void java.lang.invoke.DirectMethodHandle$Holder.invokeInterface(java.lang.Object, java.lang.Object, java.lang.Object, java.lang.Object, java.lang.Object)'> (0x00000007873c6bc8) 
thrown [open/src/hotspot/share/interpreter/linkResolver.cpp, line 766]
Event: 1.342 Thread 0x00007fb5ca808a00 Exception <a 'java/lang/IncompatibleClassChangeError'{0x00000007873ca898}: Found class java.lang.Object, but interface was expected> (0x00000007873ca898) 
thrown [open/src/hotspot/share/interpreter/linkResolver.cpp, line 833]
Event: 1.362 Thread 0x00007fb5ca808a00 Exception <a 'java/lang/IncompatibleClassChangeError'{0x000000078701f4d8}: Found class java.lang.Object, but interface was expected> (0x000000078701f4d8) 
thrown [open/src/hotspot/share/interpreter/linkResolver.cpp, line 833]
Event: 1.367 Thread 0x00007fb5ca808a00 Exception <a 'java/lang/NoSuchMethodError'{0x0000000787058790}: 'void java.lang.invoke.DirectMethodHandle$Holder.invokeSpecial(java.lang.Object, java.lang.Object, java.lang.Object, java.lang.Object, java.lang.Object)'> (0x0000000787058790) 
thrown [open/src/hotspot/share/interpreter/linkResolver.cpp, line 766]
Event: 1.493 Thread 0x00007fb5ca808a00 Exception <a 'java/lang/NoSuchMethodError'{0x0000000786c80328}: 'java.lang.Object java.lang.invoke.DirectMethodHandle$Holder.invokeVirtual(java.lang.Object, java.lang.Object, java.lang.Object)'> (0x0000000786c80328) 
thrown [open/src/hotspot/share/interpreter/linkResolver.cpp, line 766]
Event: 1.513 Thread 0x00007fb5ca808a00 Exception <a 'java/lang/NoSuchMethodError'{0x0000000786b02e00}: 'void java.lang.invoke.DirectMethodHandle$Holder.invokeInterface(java.lang.Object, java.lang.Object, java.lang.Object, java.lang.Object)'> (0x0000000786b02e00) 
thrown [open/src/hotspot/share/interpreter/linkResolver.cpp, line 766]
Event: 1.513 Thread 0x00007fb5ca808a00 Exception <a 'java/lang/IncompatibleClassChangeError'{0x0000000786b06728}: Found class java.lang.Object, but interface was expected> (0x0000000786b06728) 
thrown [open/src/hotspot/share/interpreter/linkResolver.cpp, line 833]
Event: 1.518 Thread 0x00007fb5ca808a00 Exception <a 'java/lang/NoSuchMethodError'{0x0000000786b2d780}: 'void java.lang.invoke.DirectMethodHandle$Holder.invokeStatic(java.lang.Object, java.lang.Object, java.lang.Object, java.lang.Object)'> (0x0000000786b2d780) 
thrown [open/src/hotspot/share/interpreter/linkResolver.cpp, line 766]
Event: 1.538 Thread 0x00007fb5ca808a00 Exception <a 'java/lang/NoSuchMethodError'{0x0000000786a2b438}: 'int java.lang.invoke.DirectMethodHandle$Holder.invokeStatic(java.lang.Object, java.lang.Object, java.lang.Object, java.lang.Object)'> (0x0000000786a2b438) 
thrown [open/src/hotspot/share/interpreter/linkResolver.cpp, line 766]
Event: 1.538 Thread 0x00007fb5ca808a00 Exception <a 'java/lang/NoSuchMethodError'{0x0000000786a2edb8}: 'java.lang.Object java.lang.invoke.Invokers$Holder.invokeExact_MT(java.lang.Object, java.lang.Object, java.lang.Object, java.lang.Object, java.lang.Object, java.lang.Object)'> (0x0000000786a2edb8) 
thrown [open/src/hotspot/share/interpreter/linkResolver.cpp, line 766]
Event: 1.540 Thread 0x00007fb5ca808a00 Exception <a 'java/lang/NoSuchMethodError'{0x0000000786a3f358}: 'int java.lang.invoke.DirectMethodHandle$Holder.invokeStatic(java.lang.Object, java.lang.Object, java.lang.Object, java.lang.Object, java.lang.Object)'> (0x0000000786a3f358) 
thrown [open/src/hotspot/share/interpreter/linkResolver.cpp, line 766]
Event: 1.620 Thread 0x00007fb5ca808a00 Exception <a 'java/lang/NoSuchMethodError'{0x000000078678b038}: 'int java.lang.invoke.DirectMethodHandle$Holder.invokeStaticInit(java.lang.Object, java.lang.Object, java.lang.Object)'> (0x000000078678b038) 
thrown [open/src/hotspot/share/interpreter/linkResolver.cpp, line 766]
Event: 1.685 Thread 0x00007fb5ca808a00 Exception <a 'java/lang/NoSuchMethodError'{0x0000000787e41e90}: 'java.lang.Object java.lang.invoke.DirectMethodHandle$Holder.newInvokeSpecial(java.lang.Object, java.lang.Object, java.lang.Object, java.lang.Object, java.lang.Object, java.lang.Object, java.lang.Object)'> (0x0000000787e41e90) 
thrown [open/src/hotspot/share/interpreter/linkResolver.cpp, line 766]
Event: 1.686 Thread 0x00007fb5ca808a00 Exception <a 'java/lang/NoSuchMethodError'{0x0000000787e46a48}: 'java.lang.Object java.lang.invoke.Invokers$Holder.linkToTargetMethod(java.lang.Object, java.lang.Object, java.lang.Object, java.lang.Object, java.lang.Object, java.lang.Object, java.lang.Object)'> (0x0000000787e46a48) 
thrown [open/src/hotspot/share/interpreter/linkResolver.cpp, line 766]
Event: 1.688 Thread 0x00007fb5ca808a00 Exception <a 'java/lang/NoSuchMethodError'{0x0000000787e51e80}: 'java.lang.Object java.lang.invoke.DirectMethodHandle$Holder.invokeInterface(java.lang.Object, java.lang.Object, java.lang.Object, java.lang.Object, java.lang.Object)'> (0x0000000787e51e80) 
thrown [open/src/hotspot/share/interpreter/linkResolver.cpp, line 766]
Event: 1.689 Thread 0x00007fb5ca808a00 Exception <a 'java/lang/IncompatibleClassChangeError'{0x0000000787e55c78}: Found class java.lang.Object, but interface was expected> (0x0000000787e55c78) 
thrown [open/src/hotspot/share/interpreter/linkResolver.cpp, line 833]
Event: 1.710 Thread 0x00007fb5ca808a00 Exception <a 'java/lang/IncompatibleClassChangeError'{0x0000000787edd820}: Found class java.lang.Object, but interface was expected> (0x0000000787edd820) 
thrown [open/src/hotspot/share/interpreter/linkResolver.cpp, line 833]

VM Operations (20 events):
Event: 2947.063 Executing VM operation: get/set locals
Event: 2947.063 Executing VM operation: get/set locals done
Event: 2947.064 Executing VM operation: get/set locals
Event: 2947.064 Executing VM operation: get/set locals done
Event: 2947.066 Executing VM operation: get/set locals
Event: 2947.066 Executing VM operation: get/set locals done
Event: 2947.067 Executing VM operation: get/set locals
Event: 2947.067 Executing VM operation: get/set locals done
Event: 2947.067 Executing VM operation: get/set locals
Event: 2947.067 Executing VM operation: get/set locals done
Event: 2947.068 Executing VM operation: get/set locals
Event: 2947.068 Executing VM operation: get/set locals done
Event: 2947.069 Executing VM operation: get/set locals
Event: 2947.069 Executing VM operation: get/set locals done
Event: 2947.069 Executing VM operation: get/set locals
Event: 2947.069 Executing VM operation: get/set locals done
Event: 2947.070 Executing VM operation: get/set locals
Event: 2947.070 Executing VM operation: get/set locals done
Event: 2947.070 Executing VM operation: get/set locals
Event: 2947.070 Executing VM operation: get/set locals done

Events (20 events):
Event: 1.671 loading class java/util/function/BooleanSupplier
Event: 1.671 loading class java/util/function/BooleanSupplier done
Event: 1.694 loading class java/util/ArrayList$ListItr
Event: 1.694 loading class java/util/ArrayList$ListItr done
Event: 1.702 loading class sun/nio/ch/FileDispatcherImpl
Event: 1.702 loading class sun/nio/ch/FileDispatcher
Event: 1.702 loading class sun/nio/ch/FileDispatcher done
Event: 1.702 loading class sun/nio/ch/FileDispatcherImpl done
Event: 1.703 loading class sun/nio/ch/IOStatus
Event: 1.704 loading class sun/nio/ch/IOStatus done
Event: 1.711 loading class java/util/AbstractList$ListItr
Event: 1.711 loading class java/util/AbstractList$Itr
Event: 1.711 loading class java/util/AbstractList$Itr done
Event: 1.711 loading class java/util/AbstractList$ListItr done
Event: 1.726 loading class java/time/format/DateTimeParseException
Event: 1.726 loading class java/time/DateTimeException
Event: 1.726 loading class java/time/DateTimeException done
Event: 1.726 loading class java/time/format/DateTimeParseException done
Event: 1.755 loading class java/util/stream/SortedOps$RefSortingSink
Event: 1.755 loading class java/util/stream/SortedOps$RefSortingSink done


Dynamic libraries:
0x0000000108521000 	/Users/jt/Library/Java/JavaVirtualMachines/openjdk-17/Contents/Home/lib/libjli.dylib
0x00007ff820025000 	/usr/lib/libz.1.dylib
0x00007ff820105000 	/usr/lib/libSystem.B.dylib
0x00007ff820100000 	/usr/lib/system/libcache.dylib
0x00007ff8200bc000 	/usr/lib/system/libcommonCrypto.dylib
0x00007ff8200e5000 	/usr/lib/system/libcompiler_rt.dylib
0x00007ff8200db000 	/usr/lib/system/libcopyfile.dylib
0x00007ff815079000 	/usr/lib/system/libcorecrypto.dylib
0x00007ff815138000 	/usr/lib/system/libdispatch.dylib
0x00007ff8152f7000 	/usr/lib/system/libdyld.dylib
0x00007ff8200f7000 	/usr/lib/system/libkeymgr.dylib
0x00007ff82009a000 	/usr/lib/system/libmacho.dylib
0x00007ff81f731000 	/usr/lib/system/libquarantine.dylib
0x00007ff8200f5000 	/usr/lib/system/libremovefile.dylib
0x00007ff81a24f000 	/usr/lib/system/libsystem_asl.dylib
0x00007ff815027000 	/usr/lib/system/libsystem_blocks.dylib
0x00007ff8151bc000 	/usr/lib/system/libsystem_c.dylib
0x00007ff8200ed000 	/usr/lib/system/libsystem_collections.dylib
0x00007ff81e918000 	/usr/lib/system/libsystem_configuration.dylib
0x00007ff81dbda000 	/usr/lib/system/libsystem_containermanager.dylib
0x00007ff81fdd9000 	/usr/lib/system/libsystem_coreservices.dylib
0x00007ff81791d000 	/usr/lib/system/libsystem_darwin.dylib
0x00007ff8200f8000 	/usr/lib/system/libsystem_dnssd.dylib
0x00007ff8151b9000 	/usr/lib/system/libsystem_featureflags.dylib
0x00007ff81530d000 	/usr/lib/system/libsystem_info.dylib
0x00007ff820038000 	/usr/lib/system/libsystem_m.dylib
0x00007ff81510c000 	/usr/lib/system/libsystem_malloc.dylib
0x00007ff81a1ec000 	/usr/lib/system/libsystem_networkextension.dylib
0x00007ff817d45000 	/usr/lib/system/libsystem_notify.dylib
0x00007ff826236000 	/usr/lib/system/libsystem_product_info_filter.dylib
0x00007ff81e91c000 	/usr/lib/system/libsystem_sandbox.dylib
0x00007ff8200f2000 	/usr/lib/system/libsystem_secinit.dylib
0x00007ff8152b4000 	/usr/lib/system/libsystem_kernel.dylib
0x00007ff815303000 	/usr/lib/system/libsystem_platform.dylib
0x00007ff8152eb000 	/usr/lib/system/libsystem_pthread.dylib
0x00007ff81baa0000 	/usr/lib/system/libsystem_symptoms.dylib
0x00007ff815060000 	/usr/lib/system/libsystem_trace.dylib
0x00007ff8200c8000 	/usr/lib/system/libunwind.dylib
0x00007ff815029000 	/usr/lib/system/libxpc.dylib
0x00007ff81529e000 	/usr/lib/libc++abi.dylib
0x00007ff81517f000 	/usr/lib/libobjc.A.dylib
0x00007ff8200d3000 	/usr/lib/liboah.dylib
0x00007ff815245000 	/usr/lib/libc++.1.dylib
0x00007ff82bf65000 	/System/Library/Frameworks/Cocoa.framework/Versions/A/Cocoa
0x00007ff817da3000 	/System/Library/Frameworks/AppKit.framework/Versions/C/AppKit
0x00007ff81b290000 	/System/Library/Frameworks/CoreData.framework/Versions/A/CoreData
0x00007ff8161be000 	/System/Library/Frameworks/Foundation.framework/Versions/C/Foundation
0x00007ff818c30000 	/System/Library/PrivateFrameworks/UIFoundation.framework/Versions/A/UIFoundation
0x00007ff825f3d000 	/System/Library/PrivateFrameworks/RemoteViewServices.framework/Versions/A/RemoteViewServices
0x00007ff81e2b1000 	/System/Library/PrivateFrameworks/XCTTargetBootstrap.framework/Versions/A/XCTTargetBootstrap
0x00007ff821f14000 	/System/Library/PrivateFrameworks/InternationalSupport.framework/Versions/A/InternationalSupport
0x00007ff821f9e000 	/System/Library/PrivateFrameworks/UserActivity.framework/Versions/A/UserActivity
0x00007ff8212f4000 	/usr/lib/libspindump.dylib
0x00007ff818ebe000 	/System/Library/Frameworks/UniformTypeIdentifiers.framework/Versions/A/UniformTypeIdentifiers
0x00007ff81c9f0000 	/usr/lib/libapp_launch_measurement.dylib
0x00007ff81bc5a000 	/System/Library/PrivateFrameworks/CoreAnalytics.framework/Versions/A/CoreAnalytics
0x00007ff81c9f3000 	/System/Library/PrivateFrameworks/CoreAutoLayout.framework/Versions/A/CoreAutoLayout
0x00007ff81dc12000 	/System/Library/Frameworks/Metal.framework/Versions/A/Metal
0x00007ff81e927000 	/usr/lib/liblangid.dylib
0x00007ff81e2b5000 	/System/Library/PrivateFrameworks/CoreSVG.framework/Versions/A/CoreSVG
0x00007ff81a280000 	/System/Library/PrivateFrameworks/SkyLight.framework/Versions/A/SkyLight
0x00007ff81a611000 	/System/Library/Frameworks/CoreGraphics.framework/Versions/A/CoreGraphics
0x00007ff8265a8000 	/System/Library/Frameworks/Accelerate.framework/Versions/A/Accelerate
0x00007ff820d6f000 	/System/Library/PrivateFrameworks/IconServices.framework/Versions/A/IconServices
0x00007ff81dbf7000 	/System/Library/Frameworks/IOSurface.framework/Versions/A/IOSurface
0x00007ff81bc88000 	/usr/lib/libDiagnosticMessagesClient.dylib
0x00007ff829c07000 	/System/Library/Frameworks/ApplicationServices.framework/Versions/A/ApplicationServices
0x00007ff81e29d000 	/System/Library/PrivateFrameworks/DFRFoundation.framework/Versions/A/DFRFoundation
0x00007ff817694000 	/usr/lib/libicucore.A.dylib
0x00007ff822c36000 	/System/Library/Frameworks/AudioToolbox.framework/Versions/A/AudioToolbox
0x00007ff821f20000 	/System/Library/PrivateFrameworks/DataDetectorsCore.framework/Versions/A/DataDetectorsCore
0x00007ff91d766000 	/System/Library/PrivateFrameworks/TextInput.framework/Versions/A/TextInput
0x00007ff81a203000 	/usr/lib/libMobileGestalt.dylib
0x00007ff81dfa5000 	/System/Library/Frameworks/Carbon.framework/Versions/A/Frameworks/HIToolbox.framework/Versions/A/HIToolbox
0x00007ff81c41e000 	/System/Library/Frameworks/QuartzCore.framework/Versions/A/QuartzCore
0x00007ff817335000 	/System/Library/Frameworks/Security.framework/Versions/A/Security
0x00007ff825f75000 	/System/Library/Frameworks/Carbon.framework/Versions/A/Frameworks/SpeechRecognition.framework/Versions/A/SpeechRecognition
0x00007ff81c750000 	/System/Library/PrivateFrameworks/CoreUI.framework/Versions/A/CoreUI
0x00007ff816c0f000 	/System/Library/Frameworks/CoreAudio.framework/Versions/A/CoreAudio
0x00007ff81bd76000 	/System/Library/Frameworks/DiskArbitration.framework/Versions/A/DiskArbitration
0x00007ff8216db000 	/System/Library/PrivateFrameworks/MultitouchSupport.framework/Versions/A/MultitouchSupport
0x00007ff81a202000 	/usr/lib/libenergytrace.dylib
0x00007ff817c8f000 	/System/Library/Frameworks/IOKit.framework/Versions/A/IOKit
0x00007ff82635f000 	/System/Library/Frameworks/CoreServices.framework/Versions/A/CoreServices
0x00007ff81c98a000 	/System/Library/PrivateFrameworks/PerformanceAnalysis.framework/Versions/A/PerformanceAnalysis
0x00007ffa2cd27000 	/System/Library/Frameworks/OpenGL.framework/Versions/A/OpenGL
0x00007ff81f65d000 	/System/Library/PrivateFrameworks/MobileKeyBag.framework/Versions/A/MobileKeyBag
0x00007ff81acdd000 	/System/Library/Frameworks/ColorSync.framework/Versions/A/ColorSync
0x00007ff815338000 	/System/Library/Frameworks/CoreFoundation.framework/Versions/A/CoreFoundation
0x00007ff81e52e000 	/System/Library/Frameworks/CoreImage.framework/Versions/A/CoreImage
0x00007ff816a25000 	/System/Library/Frameworks/CoreText.framework/Versions/A/CoreText
0x00007ff81e2e4000 	/System/Library/Frameworks/ImageIO.framework/Versions/A/ImageIO
0x00007ff82010b000 	/System/Library/PrivateFrameworks/SoftLinking.framework/Versions/A/SoftLinking
0x00007ff81ca3b000 	/usr/lib/libxml2.2.dylib
0x00007ff82038e000 	/usr/lib/libcompression.dylib
0x00007ff821e4a000 	/System/Library/PrivateFrameworks/TextureIO.framework/Versions/A/TextureIO
0x00007ff820a81000 	/usr/lib/libate.dylib
0x00007ff82085f000 	/usr/lib/liblzma.5.dylib
0x00007ff815ecf000 	/System/Library/Frameworks/SystemConfiguration.framework/Versions/A/SystemConfiguration
0x00007ff820107000 	/usr/lib/libfakelink.dylib
0x00007ff819d56000 	/System/Library/Frameworks/CFNetwork.framework/Versions/A/CFNetwork
0x00007ff820246000 	/usr/lib/libarchive.2.dylib
0x00007ff81e923000 	/System/Library/PrivateFrameworks/AppleSystemInfo.framework/Versions/A/AppleSystemInfo
0x00007ff81f757000 	/usr/lib/libbsm.0.dylib
0x00007ff81938d000 	/usr/lib/libnetwork.dylib
0x00007ff8200a0000 	/usr/lib/system/libkxld.dylib
0x00007ff81f386000 	/System/Library/PrivateFrameworks/IOMobileFramebuffer.framework/Versions/A/IOMobileFramebuffer
0x00007ffb2a810000 	/usr/lib/libCoreEntitlements.dylib
0x00007ff81fdbb000 	/System/Library/PrivateFrameworks/AppleFSCompression.framework/Versions/A/AppleFSCompression
0x00007ff81f740000 	/usr/lib/libcoretls.dylib
0x00007ff820879000 	/usr/lib/libcoretls_cfhelpers.dylib
0x00007ff820389000 	/usr/lib/libpam.2.dylib
0x00007ff81b6c2000 	/usr/lib/libsqlite3.dylib
0x00007ff8208e8000 	/usr/lib/libxar.1.dylib
0x00007ff81fdcb000 	/usr/lib/libbz2.1.0.dylib
0x00007ff82010c000 	/usr/lib/libpcap.A.dylib
0x00007ff81ba97000 	/usr/lib/libdns_services.dylib
0x00007ff820358000 	/usr/lib/libapple_nghttp2.dylib
0x00007ff820143000 	/usr/lib/libiconv.2.dylib
0x00007ff820099000 	/usr/lib/libcharset.1.dylib
0x00007ff81c9be000 	/System/Library/Frameworks/CoreServices.framework/Versions/A/Frameworks/FSEvents.framework/Versions/A/FSEvents
0x00007ff817927000 	/System/Library/Frameworks/CoreServices.framework/Versions/A/Frameworks/CarbonCore.framework/Versions/A/CarbonCore
0x00007ff81bcdb000 	/System/Library/Frameworks/CoreServices.framework/Versions/A/Frameworks/Metadata.framework/Versions/A/Metadata
0x00007ff81fdde000 	/System/Library/Frameworks/CoreServices.framework/Versions/A/Frameworks/OSServices.framework/Versions/A/OSServices
0x00007ff8202cc000 	/System/Library/Frameworks/CoreServices.framework/Versions/A/Frameworks/SearchKit.framework/Versions/A/SearchKit
0x00007ff81ba29000 	/System/Library/Frameworks/CoreServices.framework/Versions/A/Frameworks/AE.framework/Versions/A/AE
0x00007ff81583b000 	/System/Library/Frameworks/CoreServices.framework/Versions/A/Frameworks/LaunchServices.framework/Versions/A/LaunchServices
0x00007ff820810000 	/System/Library/Frameworks/CoreServices.framework/Versions/A/Frameworks/DictionaryServices.framework/Versions/A/DictionaryServices
0x00007ff81c9cb000 	/System/Library/Frameworks/CoreServices.framework/Versions/A/Frameworks/SharedFileList.framework/Versions/A/SharedFileList
0x00007ff81f734000 	/usr/lib/libCheckFix.dylib
0x00007ff81a266000 	/System/Library/PrivateFrameworks/TCC.framework/Versions/A/TCC
0x00007ff81e929000 	/System/Library/PrivateFrameworks/CoreNLP.framework/Versions/A/CoreNLP
0x00007ff81bc8b000 	/System/Library/PrivateFrameworks/MetadataUtilities.framework/Versions/A/MetadataUtilities
0x00007ff815f7f000 	/usr/lib/libmecabra.dylib
0x00007ff81f767000 	/usr/lib/libmecab.dylib
0x00007ff815f4a000 	/usr/lib/libCRFSuite.dylib
0x00007ff81f7c4000 	/usr/lib/libgermantok.dylib
0x00007ff820333000 	/usr/lib/libThaiTokenizer.dylib
0x00007ff81bd7d000 	/System/Library/Frameworks/Accelerate.framework/Versions/A/Frameworks/vImage.framework/Versions/A/vImage
0x00007ff826336000 	/System/Library/Frameworks/Accelerate.framework/Versions/A/Frameworks/vecLib.framework/Versions/A/vecLib
0x00007ff820929000 	/System/Library/Frameworks/Accelerate.framework/Versions/A/Frameworks/vecLib.framework/Versions/A/libvMisc.dylib
0x00007ff81f1a4000 	/System/Library/Frameworks/Accelerate.framework/Versions/A/Frameworks/vecLib.framework/Versions/A/libvDSP.dylib
0x00007ff815bb3000 	/System/Library/Frameworks/Accelerate.framework/Versions/A/Frameworks/vecLib.framework/Versions/A/libBLAS.dylib
0x00007ff82046a000 	/System/Library/Frameworks/Accelerate.framework/Versions/A/Frameworks/vecLib.framework/Versions/A/libLAPACK.dylib
0x00007ff81f7c7000 	/System/Library/Frameworks/Accelerate.framework/Versions/A/Frameworks/vecLib.framework/Versions/A/libLinearAlgebra.dylib
0x00007ff820371000 	/System/Library/Frameworks/Accelerate.framework/Versions/A/Frameworks/vecLib.framework/Versions/A/libSparseBLAS.dylib
0x00007ff820464000 	/System/Library/Frameworks/Accelerate.framework/Versions/A/Frameworks/vecLib.framework/Versions/A/libQuadrature.dylib
0x00007ff81ea13000 	/System/Library/Frameworks/Accelerate.framework/Versions/A/Frameworks/vecLib.framework/Versions/A/libBNNS.dylib
0x00007ff815e60000 	/System/Library/Frameworks/Accelerate.framework/Versions/A/Frameworks/vecLib.framework/Versions/A/libSparse.dylib
0x00007ff81ea0c000 	/System/Library/PrivateFrameworks/LinguisticData.framework/Versions/A/LinguisticData
0x00007ff815e15000 	/System/Library/PrivateFrameworks/Lexicon.framework/Versions/A/Lexicon
0x00007ff820922000 	/usr/lib/libChineseTokenizer.dylib
0x00007ff816579000 	/System/Library/PrivateFrameworks/LanguageModeling.framework/Versions/A/LanguageModeling
0x00007ff820335000 	/System/Library/PrivateFrameworks/AppleSauce.framework/Versions/A/AppleSauce
0x00007ff81f374000 	/System/Library/PrivateFrameworks/CoreEmoji.framework/Versions/A/CoreEmoji
0x00007ff820235000 	/usr/lib/libcmph.dylib
0x00007ff81c9a2000 	/System/Library/Frameworks/OpenDirectory.framework/Versions/A/Frameworks/CFOpenDirectory.framework/Versions/A/CFOpenDirectory
0x00007ff81c996000 	/System/Library/Frameworks/OpenDirectory.framework/Versions/A/OpenDirectory
0x00007ff82087b000 	/System/Library/PrivateFrameworks/APFS.framework/Versions/A/APFS
0x00007ff81f695000 	/System/Library/Frameworks/SecurityFoundation.framework/Versions/A/SecurityFoundation
0x00007ff8208f6000 	/usr/lib/libutil.dylib
0x00007ff817c52000 	/System/Library/PrivateFrameworks/CoreServicesStore.framework/Versions/A/CoreServicesStore
0x00007ff8208fa000 	/usr/lib/libxslt.1.dylib
0x00007ff81f722000 	/System/Library/PrivateFrameworks/BackgroundTaskManagement.framework/Versions/A/BackgroundTaskManagement
0x00007ff821d6a000 	/System/Library/Frameworks/ImageIO.framework/Versions/A/Resources/libRadiance.dylib
0x00007ff821d73000 	/System/Library/Frameworks/ImageIO.framework/Versions/A/Resources/libJPEG.dylib
0x00007ff821cc3000 	/System/Library/Frameworks/ImageIO.framework/Versions/A/Resources/libPng.dylib
0x00007ff821ce4000 	/System/Library/Frameworks/ImageIO.framework/Versions/A/Resources/libTIFF.dylib
0x00007ff821dd3000 	/System/Library/Frameworks/ImageIO.framework/Versions/A/Resources/libGIF.dylib
0x00007ff8215f4000 	/System/Library/Frameworks/ImageIO.framework/Versions/A/Resources/libJP2.dylib
0x00007ff820d36000 	/usr/lib/libexpat.1.dylib
0x00007ff8215a9000 	/System/Library/PrivateFrameworks/AppleJPEG.framework/Versions/A/AppleJPEG
0x00007ff81de6c000 	/System/Library/PrivateFrameworks/FontServices.framework/libFontParser.dylib
0x00007ff81b9d3000 	/System/Library/PrivateFrameworks/RunningBoardServices.framework/Versions/A/RunningBoardServices
0x00007ff82c4d6000 	/System/Library/PrivateFrameworks/IOSurfaceAccelerator.framework/Versions/A/IOSurfaceAccelerator
0x00007ff8216d7000 	/System/Library/PrivateFrameworks/WatchdogClient.framework/Versions/A/WatchdogClient
0x00007ff816668000 	/System/Library/Frameworks/CoreDisplay.framework/Versions/A/CoreDisplay
0x00007ff81dd6c000 	/System/Library/Frameworks/CoreMedia.framework/Versions/A/CoreMedia
0x00007ff81dc09000 	/System/Library/PrivateFrameworks/IOAccelerator.framework/Versions/A/IOAccelerator
0x00007ff81cb1e000 	/System/Library/Frameworks/CoreVideo.framework/Versions/A/CoreVideo
0x00007ff820387000 	/System/Library/Frameworks/MetalPerformanceShaders.framework/Versions/A/MetalPerformanceShaders
0x00007ff821712000 	/System/Library/Frameworks/VideoToolbox.framework/Versions/A/VideoToolbox
0x00007ff81b91b000 	/System/Library/PrivateFrameworks/BaseBoard.framework/Versions/A/BaseBoard
0x00007ff81b6a8000 	/System/Library/PrivateFrameworks/ProtocolBuffer.framework/Versions/A/ProtocolBuffer
0x00007ff821d63000 	/System/Library/PrivateFrameworks/GPUWrangler.framework/Versions/A/GPUWrangler
0x00007ff821d46000 	/System/Library/PrivateFrameworks/IOPresentment.framework/Versions/A/IOPresentment
0x00007ff821d6d000 	/System/Library/PrivateFrameworks/DSExternalDisplay.framework/Versions/A/DSExternalDisplay
0x00007ffa2cd1b000 	/System/Library/Frameworks/OpenGL.framework/Versions/A/Libraries/libCoreFSCache.dylib
0x00007ffb18e0f000 	/System/Library/PrivateFrameworks/GPUCompiler.framework/Versions/31001/Libraries/libGPUCompilerUtils.dylib
0x00007ff821dd8000 	/System/Library/PrivateFrameworks/CMCaptureCore.framework/Versions/A/CMCaptureCore
0x00007ff8212e2000 	/System/Library/PrivateFrameworks/AppServerSupport.framework/Versions/A/AppServerSupport
0x00007ff8234b3000 	/System/Library/PrivateFrameworks/perfdata.framework/Versions/A/perfdata
0x00007ff816794000 	/System/Library/PrivateFrameworks/AudioToolboxCore.framework/Versions/A/AudioToolboxCore
0x00007ff81dd49000 	/System/Library/PrivateFrameworks/caulk.framework/Versions/A/caulk
0x00007ff822de0000 	/usr/lib/libAudioStatistics.dylib
0x00007ff91a025000 	/System/Library/PrivateFrameworks/SystemPolicy.framework/Versions/A/SystemPolicy
0x00007ff82302c000 	/usr/lib/libSMC.dylib
0x00007ff82be18000 	/System/Library/Frameworks/CoreMIDI.framework/Versions/A/CoreMIDI
0x00007ff821c93000 	/usr/lib/libAudioToolboxUtility.dylib
0x00007ff9164ad000 	/System/Library/PrivateFrameworks/OSAServicesClient.framework/Versions/A/OSAServicesClient
0x00007ff8234c0000 	/usr/lib/libperfcheck.dylib
0x00007ff91aab1000 	/usr/lib/libmis.dylib
0x00007ffa2cd77000 	/System/Library/Frameworks/OpenGL.framework/Versions/A/Libraries/libGLU.dylib
0x00007ffa2cd3a000 	/System/Library/Frameworks/OpenGL.framework/Versions/A/Libraries/libGFXShared.dylib
0x00007ffa2cf48000 	/System/Library/Frameworks/OpenGL.framework/Versions/A/Libraries/libGL.dylib
0x00007ffa2cd43000 	/System/Library/Frameworks/OpenGL.framework/Versions/A/Libraries/libGLImage.dylib
0x00007ffa2cd37000 	/System/Library/Frameworks/OpenGL.framework/Versions/A/Libraries/libCVMSPluginSupport.dylib
0x00007ffa2cd22000 	/System/Library/Frameworks/OpenGL.framework/Versions/A/Libraries/libCoreVMClient.dylib
0x00007ff81e8a7000 	/System/Library/Frameworks/MetalPerformanceShaders.framework/Versions/A/Frameworks/MPSCore.framework/Versions/A/MPSCore
0x00007ff81fd26000 	/System/Library/Frameworks/MetalPerformanceShaders.framework/Versions/A/Frameworks/MPSImage.framework/Versions/A/MPSImage
0x00007ff81f7dd000 	/System/Library/Frameworks/MetalPerformanceShaders.framework/Versions/A/Frameworks/MPSNeuralNetwork.framework/Versions/A/MPSNeuralNetwork
0x00007ff81fc52000 	/System/Library/Frameworks/MetalPerformanceShaders.framework/Versions/A/Frameworks/MPSMatrix.framework/Versions/A/MPSMatrix
0x00007ff81fa0e000 	/System/Library/Frameworks/MetalPerformanceShaders.framework/Versions/A/Frameworks/MPSRayIntersector.framework/Versions/A/MPSRayIntersector
0x00007ff81fc8b000 	/System/Library/Frameworks/MetalPerformanceShaders.framework/Versions/A/Frameworks/MPSNDArray.framework/Versions/A/MPSNDArray
0x00007ffa31920000 	/System/Library/Frameworks/MetalPerformanceShaders.framework/Versions/A/Frameworks/MPSFunctions.framework/Versions/A/MPSFunctions
0x00007ff815a96000 	/System/Library/PrivateFrameworks/MetalTools.framework/Versions/A/MetalTools
0x00007ff81e921000 	/System/Library/PrivateFrameworks/AggregateDictionary.framework/Versions/A/AggregateDictionary
0x00007ff820b18000 	/usr/lib/libIOReport.dylib
0x00007ffa2e357000 	/System/Library/Frameworks/OpenCL.framework/Versions/A/OpenCL
0x00007ff820e7c000 	/System/Library/PrivateFrameworks/FaceCore.framework/Versions/A/FaceCore
0x00007ff820e6d000 	/System/Library/PrivateFrameworks/GraphVisualizer.framework/Versions/A/GraphVisualizer
0x00007ffb18d1a000 	/System/Library/PrivateFrameworks/FontServices.framework/Versions/A/FontServices
0x00007ff821299000 	/System/Library/PrivateFrameworks/OTSVG.framework/Versions/A/OTSVG
0x00007ff81c706000 	/System/Library/Frameworks/ApplicationServices.framework/Versions/A/Frameworks/ATS.framework/Versions/A/Resources/libFontRegistry.dylib
0x00007ff8212ea000 	/System/Library/PrivateFrameworks/FontServices.framework/libhvf.dylib
0x00007ffb18d1b000 	/System/Library/PrivateFrameworks/FontServices.framework/libXTFontStaticRegistryData.dylib
0x00007ff820ce6000 	/System/Library/PrivateFrameworks/AppleVA.framework/Versions/A/AppleVA
0x00007ff822e00000 	/System/Library/Frameworks/ApplicationServices.framework/Versions/A/Frameworks/ATS.framework/Versions/A/ATS
0x00007ff81add9000 	/System/Library/Frameworks/ApplicationServices.framework/Versions/A/Frameworks/HIServices.framework/Versions/A/HIServices
0x00007ff821de2000 	/System/Library/Frameworks/ApplicationServices.framework/Versions/A/Frameworks/PrintCore.framework/Versions/A/PrintCore
0x00007ff82317f000 	/System/Library/Frameworks/ApplicationServices.framework/Versions/A/Frameworks/QD.framework/Versions/A/QD
0x00007ff823177000 	/System/Library/Frameworks/ApplicationServices.framework/Versions/A/Frameworks/ColorSyncLegacy.framework/Versions/A/ColorSyncLegacy
0x00007ff822df0000 	/System/Library/Frameworks/ApplicationServices.framework/Versions/A/Frameworks/SpeechSynthesis.framework/Versions/A/SpeechSynthesis
0x00007ff821da3000 	/System/Library/Frameworks/ApplicationServices.framework/Versions/A/Frameworks/ATSUI.framework/Versions/A/ATSUI
0x00007ff82310c000 	/usr/lib/libcups.2.dylib
0x00007ff8234cf000 	/System/Library/Frameworks/Kerberos.framework/Versions/A/Kerberos
0x00007ff8234de000 	/System/Library/Frameworks/GSS.framework/Versions/A/GSS
0x00007ff822e6c000 	/usr/lib/libresolv.9.dylib
0x00007ff8212f9000 	/System/Library/PrivateFrameworks/Heimdal.framework/Versions/A/Heimdal
0x00007ff829f82000 	/System/Library/Frameworks/Kerberos.framework/Versions/A/Libraries/libHeimdalProxy.dylib
0x00007ff81baa8000 	/System/Library/Frameworks/Network.framework/Versions/A/Network
0x00007ff820d50000 	/usr/lib/libheimdal-asn1.dylib
0x00007ff823529000 	/System/Library/PrivateFrameworks/CommonAuth.framework/Versions/A/CommonAuth
0x00007ff822d71000 	/System/Library/PrivateFrameworks/AudioSession.framework/Versions/A/AudioSession
0x00007ff820de0000 	/System/Library/PrivateFrameworks/MediaExperience.framework/Versions/A/MediaExperience
0x00007ff822c05000 	/System/Library/PrivateFrameworks/AudioSession.framework/libSessionUtility.dylib
0x00007ff82318b000 	/System/Library/PrivateFrameworks/AudioResourceArbitration.framework/Versions/A/AudioResourceArbitration
0x00007ff820d59000 	/System/Library/PrivateFrameworks/IconFoundation.framework/Versions/A/IconFoundation
0x00007ff825f65000 	/System/Library/PrivateFrameworks/SpeechRecognitionCore.framework/Versions/A/SpeechRecognitionCore
0x000000010855b000 	/System/Library/CoreServices/Encodings/libCyrillicConverter.dylib
0x0000000109584000 	/Users/jt/Library/Java/JavaVirtualMachines/openjdk-17/Contents/Home/lib/server/libjvm.dylib
0x0000000108567000 	/Users/jt/Library/Java/JavaVirtualMachines/openjdk-17/Contents/Home/lib/libjimage.dylib
0x00000001085bb000 	/Users/jt/Library/Java/JavaVirtualMachines/openjdk-17/Contents/Home/lib/libjdwp.dylib
0x00000001085ff000 	/Users/jt/Library/Java/JavaVirtualMachines/openjdk-17/Contents/Home/lib/libjava.dylib
0x0000000108577000 	/Users/jt/Library/Java/JavaVirtualMachines/openjdk-17/Contents/Home/lib/libinstrument.dylib
0x00000001085a9000 	/Users/jt/Library/Java/JavaVirtualMachines/openjdk-17/Contents/Home/lib/libdt_socket.dylib
0x000000010949d000 	/Users/jt/Library/Java/JavaVirtualMachines/openjdk-17/Contents/Home/lib/libzip.dylib
0x00000001094cc000 	/Users/jt/Library/Java/JavaVirtualMachines/openjdk-17/Contents/Home/lib/libnio.dylib
0x0000000109506000 	/Users/jt/Library/Java/JavaVirtualMachines/openjdk-17/Contents/Home/lib/libnet.dylib
0x00000001094e8000 	/Users/jt/Library/Java/JavaVirtualMachines/openjdk-17/Contents/Home/lib/libverify.dylib
0x000000010948a000 	/Users/jt/Library/Java/JavaVirtualMachines/openjdk-17/Contents/Home/lib/libextnet.dylib


VM Arguments:
jvm_args: -XX:+ShowCodeDetailsInExceptionMessages -agentlib:jdwp=transport=dt_socket,suspend=y,address=localhost:54492 -ea -javaagent:/Users/jt/eclipse/java-2021-09/Eclipse.app/Contents/Eclipse/configuration/org.eclipse.osgi/213/0/.cp/lib/javaagent-shaded.jar -Dfile.encoding=UTF-8 
java_command: org.eclipse.jdt.internal.junit.runner.RemoteTestRunner -version 3 -port 54491 -testLoaderClass org.eclipse.jdt.internal.junit5.runner.JUnit5TestLoader -loaderpluginname org.eclipse.jdt.junit5.runtime -classNames telran.util.SetTests
java_class_path (initial): /Users/jt/eclipse-workspace-42/set-test/bin:/Users/jt/eclipse-workspace-42/hash-set/bin:/Users/jt/eclipse-workspace-42/set-abstact/bin:/Users/jt/eclipse-workspace-42/SetInterface/bin:/Users/jt/eclipse-workspace-42/set-tree/bin:/Users/jt/.p2/pool/plugins/org.junit.jupiter.api_5.7.1.v20210222-1948.jar:/Users/jt/.p2/pool/plugins/org.junit.jupiter.engine_5.7.1.v20210222-1948.jar:/Users/jt/.p2/pool/plugins/org.junit.jupiter.migrationsupport_5.7.1.v20210222-1948.jar:/Users/jt/.p2/pool/plugins/org.junit.jupiter.params_5.7.1.v20210222-1948.jar:/Users/jt/.p2/pool/plugins/org.junit.platform.commons_1.7.1.v20210222-1948.jar:/Users/jt/.p2/pool/plugins/org.junit.platform.engine_1.7.1.v20210222-1948.jar:/Users/jt/.p2/pool/plugins/org.junit.platform.launcher_1.7.1.v20210222-1948.jar:/Users/jt/.p2/pool/plugins/org.junit.platform.runner_1.7.1.v20210222-1948.jar:/Users/jt/.p2/pool/plugins/org.junit.platform.suite.api_1.7.1.v20210222-1948.jar:/Users/jt/.p2/pool/plugins/org.junit.vintage.engine_5.7.1.v20210222-1948.jar:/Users/jt/.p2/pool/plugins/org.opentest4j_1.2.0.v20190826-0900.jar:/Users/jt/.p2/pool/plugins/org.apiguardian_1.1.0.v20190826-0900.jar:/Users/jt/.p2/pool/plugins/org.junit_4.13.0.v20200204-1500.jar:/Users/jt/.p2/pool/plugins/org.hamcrest.core_1.3.0.v20180420-1519.jar:/Users/jt/eclipse/java-2021-09/Eclipse.app/Contents/Eclipse/configuration/org.eclipse.osgi/212/0/.cp:/Users/jt/eclipse/java-2021-09/Eclipse.app/Contents/Eclipse/configuration/org.eclipse.osgi/210/0/.cp
Launcher Type: SUN_STANDARD

[Global flags]
     intx CICompilerCount                          = 3                                         {product} {ergonomic}
     uint ConcGCThreads                            = 1                                         {product} {ergonomic}
     uint G1ConcRefinementThreads                  = 4                                         {product} {ergonomic}
   size_t G1HeapRegionSize                         = 1048576                                   {product} {ergonomic}
    uintx GCDrainStackTargetSize                   = 64                                        {product} {ergonomic}
   size_t InitialHeapSize                          = 134217728                                 {product} {ergonomic}
   size_t MarkStackSize                            = 4194304                                   {product} {ergonomic}
   size_t MaxHeapSize                              = 2147483648                                {product} {ergonomic}
   size_t MaxNewSize                               = 1287651328                                {product} {ergonomic}
   size_t MinHeapDeltaBytes                        = 1048576                                   {product} {ergonomic}
   size_t MinHeapSize                              = 8388608                                   {product} {ergonomic}
    uintx NonNMethodCodeHeapSize                   = 5832780                                {pd product} {ergonomic}
    uintx NonProfiledCodeHeapSize                  = 122912730                              {pd product} {ergonomic}
    uintx ProfiledCodeHeapSize                     = 122912730                              {pd product} {ergonomic}
    uintx ReservedCodeCacheSize                    = 251658240                              {pd product} {ergonomic}
     bool SegmentedCodeCache                       = true                                      {product} {ergonomic}
     bool ShowCodeDetailsInExceptionMessages       = true                                   {manageable} {command line}
   size_t SoftMaxHeapSize                          = 2147483648                             {manageable} {ergonomic}
     bool UseCompressedClassPointers               = true                           {product lp64_product} {ergonomic}
     bool UseCompressedOops                        = true                           {product lp64_product} {ergonomic}
     bool UseG1GC                                  = true                                      {product} {ergonomic}
     bool UseNUMA                                  = false                                     {product} {ergonomic}
     bool UseNUMAInterleaving                      = false                                     {product} {ergonomic}

Logging:
Log output configuration:
 #0: stdout all=warning uptime,level,tags
 #1: stderr all=off uptime,level,tags

Environment Variables:
PATH=/usr/bin:/bin:/usr/sbin:/sbin
SHELL=/bin/bash
DISPLAY=/private/tmp/com.apple.launchd.W8MHPvpSO5/org.macosforge.xquartz:0

Signal Handlers:
   SIGSEGV: _ZL13crash_handleriP9__siginfoPv in libjvm.dylib, mask=11100110000111110111111111111111, flags=SA_RESTART|SA_SIGINFO
    SIGBUS: _ZL13crash_handleriP9__siginfoPv in libjvm.dylib, mask=11100110000111110111111111111111, flags=SA_RESTART|SA_SIGINFO
    SIGFPE: _ZL13crash_handleriP9__siginfoPv in libjvm.dylib, mask=11100110000111110111111111111111, flags=SA_RESTART|SA_SIGINFO
   SIGPIPE: _ZL17javaSignalHandleriP9__siginfoPv in libjvm.dylib, mask=11100110000111110111111111111111, flags=SA_RESTART|SA_SIGINFO
   SIGXFSZ: _ZL17javaSignalHandleriP9__siginfoPv in libjvm.dylib, mask=11100110000111110111111111111111, flags=SA_RESTART|SA_SIGINFO
    SIGILL: _ZL13crash_handleriP9__siginfoPv in libjvm.dylib, mask=11100110000111110111111111111111, flags=SA_RESTART|SA_SIGINFO
   SIGUSR2: _ZL10SR_handleriP9__siginfoP17__darwin_ucontext in libjvm.dylib, mask=00100000000000000000000000000000, flags=SA_RESTART|SA_SIGINFO
    SIGHUP: _ZL11UserHandleriPvS_ in libjvm.dylib, mask=11100110000111110111111111111111, flags=SA_RESTART|SA_SIGINFO
    SIGINT: _ZL11UserHandleriPvS_ in libjvm.dylib, mask=11100110000111110111111111111111, flags=SA_RESTART|SA_SIGINFO
   SIGTERM: _ZL11UserHandleriPvS_ in libjvm.dylib, mask=11100110000111110111111111111111, flags=SA_RESTART|SA_SIGINFO
   SIGQUIT: _ZL11UserHandleriPvS_ in libjvm.dylib, mask=11100110000111110111111111111111, flags=SA_RESTART|SA_SIGINFO
   SIGTRAP: _ZL13crash_handleriP9__siginfoPv in libjvm.dylib, mask=11100110000111110111111111111111, flags=SA_RESTART|SA_SIGINFO


---------------  S Y S T E M  ---------------

OS:
uname: Darwin 21.1.0 Darwin Kernel Version 21.1.0: Wed Oct 13 17:33:23 PDT 2021; root:xnu-8019.41.5~1/RELEASE_X86_64 x86_64
OS uptime: 4 days 0:59 hours
rlimit (soft/hard): STACK 8192k/65532k , CORE 0k/infinity , NPROC 1392/2088 , NOFILE 10240/infinity , AS infinity/infinity , CPU infinity/infinity , DATA infinity/infinity , FSIZE infinity/infinity , MEMLOCK infinity/infinity , RSS infinity/infinity
load average: 3.45 2.33 2.06

CPU: total 4 (initial active 4) (2 cores per cpu, 2 threads per core) family 6 model 61 stepping 4 microcode 0x2f, cx8, cmov, fxsr, ht, mmx, 3dnowpref, sse, sse2, sse3, ssse3, sse4.1, sse4.2, popcnt, lzcnt, tsc, tscinvbit, avx, avx2, aes, erms, clmul, bmi1, bmi2, adx, fma, vzeroupper, clflush

Memory: 4k page, physical 8388608k(159356k free), swap 2097152k(1457664k free)

vm_info: OpenJDK 64-Bit Server VM (17+35-2724) for bsd-amd64 JRE (17+35-2724), built on Aug  5 2021 22:31:25 by "mach5one" with clang Apple LLVM 12.0.0 (clang-1200.0.32.29)

END.
